<?xml version="1.0" encoding="UTF-8"?>
<robot generator="Robot 4.1.1 (Python 3.9.7 on darwin)" generated="20211008 10:16:39.698" rpa="false" schemaversion="2">
<suite id="s1" name="SmokeTest" source="/Users/highceilingden/PycharmProjects/monoswap-test-automation-main/SmokeTest.robot">
<test id="s1-t1" name="TC-MONOX-8: KOVAN-SWAP: No Pool">
<kw name="Connect Wallet" library="Metamask" type="SETUP">
<kw name="Create and Install Wallet" library="Metamask">
<kw name="Evaluate" library="BuiltIn">
<var>${ChromeOptions}</var>
<arg>selenium.webdriver.ChromeOptions()</arg>
<doc>Evaluates the given expression in Python and returns the result.</doc>
<msg timestamp="20211008 10:16:40.509" level="INFO">${ChromeOptions} = &lt;selenium.webdriver.chrome.options.Options object at 0x11ad8b940&gt;</msg>
<status status="PASS" starttime="20211008 10:16:40.509" endtime="20211008 10:16:40.509"/>
</kw>
<kw name="Call Method" library="BuiltIn">
<arg>${ChromeOptions}</arg>
<arg>add_argument</arg>
<arg>--start-maximized</arg>
<doc>Calls the named method of the given object with the provided arguments.</doc>
<status status="PASS" starttime="20211008 10:16:40.509" endtime="20211008 10:16:40.510"/>
</kw>
<kw name="Call Method" library="BuiltIn">
<arg>${ChromeOptions}</arg>
<arg>add_extension</arg>
<arg>/Users/highceilingden/PycharmProjects/monoswap-test-automation-main/Resources/Plugins/MetaMask_v10.0.3.crx</arg>
<doc>Calls the named method of the given object with the provided arguments.</doc>
<status status="PASS" starttime="20211008 10:16:40.510" endtime="20211008 10:16:40.510"/>
</kw>
<kw name="Wait Until Keyword Succeeds" library="BuiltIn">
<arg>30s</arg>
<arg>3s</arg>
<arg>Create Webdriver</arg>
<arg>Chrome</arg>
<arg>chrome_options=${ChromeOptions}</arg>
<doc>Runs the specified keyword and retries if it fails.</doc>
<kw name="Create Webdriver" library="SeleniumLibrary">
<arg>Chrome</arg>
<arg>chrome_options=${ChromeOptions}</arg>
<doc>Creates an instance of Selenium WebDriver.</doc>
<msg timestamp="20211008 10:16:40.511" level="INFO">Creating an instance of the Chrome WebDriver.</msg>
<status status="PASS" starttime="20211008 10:16:40.511" endtime="20211008 10:16:49.526"/>
</kw>
<status status="PASS" starttime="20211008 10:16:40.510" endtime="20211008 10:16:49.530"/>
</kw>
<status status="PASS" starttime="20211008 10:16:40.508" endtime="20211008 10:16:49.531"/>
</kw>
<kw name="Import MetaMask Wallet" library="Metamask">
<kw name="Switch Window" library="SeleniumLibrary">
<arg>MetaMask</arg>
<doc>Switches to browser window matching ``locator``.</doc>
<status status="PASS" starttime="20211008 10:16:49.532" endtime="20211008 10:16:50.525"/>
</kw>
<kw name="Page Should Contain Button" library="SeleniumLibrary">
<arg>Get Started</arg>
<doc>Verifies button ``locator`` is found from current page.</doc>
<msg timestamp="20211008 10:16:50.579" level="INFO">Current page contains button 'Get Started'.</msg>
<status status="PASS" starttime="20211008 10:16:50.525" endtime="20211008 10:16:50.579"/>
</kw>
<kw name="Wait Until Keyword Succeeds" library="BuiltIn">
<arg>30s</arg>
<arg>3s</arg>
<arg>Click Button</arg>
<arg>Get Started</arg>
<doc>Runs the specified keyword and retries if it fails.</doc>
<kw name="Click Button" library="SeleniumLibrary">
<arg>Get Started</arg>
<doc>Clicks the button identified by ``locator``.</doc>
<msg timestamp="20211008 10:16:50.580" level="INFO">Clicking button 'Get Started'.</msg>
<status status="PASS" starttime="20211008 10:16:50.580" endtime="20211008 10:16:50.698"/>
</kw>
<status status="PASS" starttime="20211008 10:16:50.579" endtime="20211008 10:16:50.698"/>
</kw>
<kw name="Page Should Contain Button" library="SeleniumLibrary">
<arg>Import wallet</arg>
<doc>Verifies button ``locator`` is found from current page.</doc>
<msg timestamp="20211008 10:16:50.808" level="INFO">Current page contains button 'Import wallet'.</msg>
<status status="PASS" starttime="20211008 10:16:50.699" endtime="20211008 10:16:50.808"/>
</kw>
<kw name="Wait Until Keyword Succeeds" library="BuiltIn">
<arg>30s</arg>
<arg>3s</arg>
<arg>Click Button</arg>
<arg>Import wallet</arg>
<doc>Runs the specified keyword and retries if it fails.</doc>
<kw name="Click Button" library="SeleniumLibrary">
<arg>Import wallet</arg>
<doc>Clicks the button identified by ``locator``.</doc>
<msg timestamp="20211008 10:16:50.809" level="INFO">Clicking button 'Import wallet'.</msg>
<status status="PASS" starttime="20211008 10:16:50.809" endtime="20211008 10:16:50.887"/>
</kw>
<status status="PASS" starttime="20211008 10:16:50.808" endtime="20211008 10:16:50.887"/>
</kw>
<kw name="Page Should Contain Button" library="SeleniumLibrary">
<arg>I Agree</arg>
<doc>Verifies button ``locator`` is found from current page.</doc>
<msg timestamp="20211008 10:16:50.915" level="INFO">Current page contains button 'I Agree'.</msg>
<status status="PASS" starttime="20211008 10:16:50.887" endtime="20211008 10:16:50.915"/>
</kw>
<kw name="Wait Until Keyword Succeeds" library="BuiltIn">
<arg>30s</arg>
<arg>3s</arg>
<arg>Click Button</arg>
<arg>I Agree</arg>
<doc>Runs the specified keyword and retries if it fails.</doc>
<kw name="Click Button" library="SeleniumLibrary">
<arg>I Agree</arg>
<doc>Clicks the button identified by ``locator``.</doc>
<msg timestamp="20211008 10:16:50.916" level="INFO">Clicking button 'I Agree'.</msg>
<status status="PASS" starttime="20211008 10:16:50.915" endtime="20211008 10:16:50.958"/>
</kw>
<status status="PASS" starttime="20211008 10:16:50.915" endtime="20211008 10:16:50.958"/>
</kw>
<kw name="Wait Until Keyword Succeeds" library="BuiltIn">
<arg>30s</arg>
<arg>3s</arg>
<arg>Input Text</arg>
<arg>//*[@placeholder="Paste Secret Recovery Phrase from clipboard"]</arg>
<arg>month foam ostrich boil negative border absorb swap metal tooth wise coconut</arg>
<doc>Runs the specified keyword and retries if it fails.</doc>
<kw name="Input Text" library="SeleniumLibrary">
<arg>//*[@placeholder="Paste Secret Recovery Phrase from clipboard"]</arg>
<arg>month foam ostrich boil negative border absorb swap metal tooth wise coconut</arg>
<doc>Types the given ``text`` into the text field identified by ``locator``.</doc>
<msg timestamp="20211008 10:16:50.959" level="INFO">Typing text 'month foam ostrich boil negative border absorb swap metal tooth wise coconut' into text field '//*[@placeholder="Paste Secret Recovery Phrase from clipboard"]'.</msg>
<kw name="Capture Page Screenshot" library="SeleniumLibrary">
<doc>Takes a screenshot of the current page and embeds it into a log file.</doc>
<msg timestamp="20211008 10:16:51.331" level="INFO" html="true">&lt;/td&gt;&lt;/tr&gt;&lt;tr&gt;&lt;td colspan="3"&gt;&lt;a href="selenium-screenshot-1.png"&gt;&lt;img src="selenium-screenshot-1.png" width="800px"&gt;&lt;/a&gt;</msg>
<status status="PASS" starttime="20211008 10:16:50.970" endtime="20211008 10:16:51.331"/>
</kw>
<msg timestamp="20211008 10:16:51.339" level="FAIL">Element with locator '//*[@placeholder="Paste Secret Recovery Phrase from clipboard"]' not found.</msg>
<status status="FAIL" starttime="20211008 10:16:50.959" endtime="20211008 10:16:51.340"/>
</kw>
<kw name="Input Text" library="SeleniumLibrary">
<arg>//*[@placeholder="Paste Secret Recovery Phrase from clipboard"]</arg>
<arg>month foam ostrich boil negative border absorb swap metal tooth wise coconut</arg>
<doc>Types the given ``text`` into the text field identified by ``locator``.</doc>
<msg timestamp="20211008 10:16:54.341" level="INFO">Typing text 'month foam ostrich boil negative border absorb swap metal tooth wise coconut' into text field '//*[@placeholder="Paste Secret Recovery Phrase from clipboard"]'.</msg>
<status status="PASS" starttime="20211008 10:16:54.340" endtime="20211008 10:16:54.725"/>
</kw>
<status status="PASS" starttime="20211008 10:16:50.958" endtime="20211008 10:16:54.725"/>
</kw>
<kw name="Wait Until Keyword Succeeds" library="BuiltIn">
<arg>30s</arg>
<arg>3s</arg>
<arg>Input Text</arg>
<arg>//*[@id="password"]</arg>
<arg>Asdf1234</arg>
<doc>Runs the specified keyword and retries if it fails.</doc>
<kw name="Input Text" library="SeleniumLibrary">
<arg>//*[@id="password"]</arg>
<arg>Asdf1234</arg>
<doc>Types the given ``text`` into the text field identified by ``locator``.</doc>
<msg timestamp="20211008 10:16:54.726" level="INFO">Typing text 'Asdf1234' into text field '//*[@id="password"]'.</msg>
<status status="PASS" starttime="20211008 10:16:54.726" endtime="20211008 10:16:54.931"/>
</kw>
<status status="PASS" starttime="20211008 10:16:54.725" endtime="20211008 10:16:54.931"/>
</kw>
<kw name="Wait Until Keyword Succeeds" library="BuiltIn">
<arg>30s</arg>
<arg>3s</arg>
<arg>Input Text</arg>
<arg>//*[@id="confirm-password"]</arg>
<arg>Asdf1234</arg>
<doc>Runs the specified keyword and retries if it fails.</doc>
<kw name="Input Text" library="SeleniumLibrary">
<arg>//*[@id="confirm-password"]</arg>
<arg>Asdf1234</arg>
<doc>Types the given ``text`` into the text field identified by ``locator``.</doc>
<msg timestamp="20211008 10:16:54.932" level="INFO">Typing text 'Asdf1234' into text field '//*[@id="confirm-password"]'.</msg>
<status status="PASS" starttime="20211008 10:16:54.931" endtime="20211008 10:16:55.014"/>
</kw>
<status status="PASS" starttime="20211008 10:16:54.931" endtime="20211008 10:16:55.015"/>
</kw>
<kw name="Click Element" library="SeleniumLibrary">
<arg>//*[@id="app-content"]/div/div[3]/div/div/form/div[7]/div</arg>
<doc>Click the element identified by ``locator``.</doc>
<msg timestamp="20211008 10:16:55.015" level="INFO">Clicking element '//*[@id="app-content"]/div/div[3]/div/div/form/div[7]/div'.</msg>
<status status="PASS" starttime="20211008 10:16:55.015" endtime="20211008 10:16:55.058"/>
</kw>
<kw name="Wait Until Keyword Succeeds" library="BuiltIn">
<arg>30s</arg>
<arg>3s</arg>
<arg>Click Button</arg>
<arg>Import</arg>
<doc>Runs the specified keyword and retries if it fails.</doc>
<kw name="Click Button" library="SeleniumLibrary">
<arg>Import</arg>
<doc>Clicks the button identified by ``locator``.</doc>
<msg timestamp="20211008 10:16:55.059" level="INFO">Clicking button 'Import'.</msg>
<status status="PASS" starttime="20211008 10:16:55.059" endtime="20211008 10:16:55.143"/>
</kw>
<status status="PASS" starttime="20211008 10:16:55.059" endtime="20211008 10:16:55.143"/>
</kw>
<kw name="Wait Until Page Does Not Contain" library="SeleniumLibrary">
<arg>I Agree</arg>
<doc>Waits until ``text`` disappears from the current page.</doc>
<status status="PASS" starttime="20211008 10:16:55.143" endtime="20211008 10:16:55.511"/>
</kw>
<kw name="Wait Until Page Contains" library="SeleniumLibrary">
<arg>All Done</arg>
<arg>10s</arg>
<doc>Waits until ``text`` appears on the current page.</doc>
<status status="PASS" starttime="20211008 10:16:55.511" endtime="20211008 10:16:56.376"/>
</kw>
<kw name="Wait Until Keyword Succeeds" library="BuiltIn">
<arg>30s</arg>
<arg>3s</arg>
<arg>Click Button</arg>
<arg>All Done</arg>
<doc>Runs the specified keyword and retries if it fails.</doc>
<kw name="Click Button" library="SeleniumLibrary">
<arg>All Done</arg>
<doc>Clicks the button identified by ``locator``.</doc>
<msg timestamp="20211008 10:16:56.377" level="INFO">Clicking button 'All Done'.</msg>
<status status="PASS" starttime="20211008 10:16:56.377" endtime="20211008 10:16:56.457"/>
</kw>
<status status="PASS" starttime="20211008 10:16:56.376" endtime="20211008 10:16:56.457"/>
</kw>
<kw name="Page Should Contain Button" library="SeleniumLibrary">
<arg>//*[@data-testid="popover-close"]</arg>
<doc>Verifies button ``locator`` is found from current page.</doc>
<msg timestamp="20211008 10:16:56.808" level="INFO">Current page contains button '//*[@data-testid="popover-close"]'.</msg>
<status status="PASS" starttime="20211008 10:16:56.458" endtime="20211008 10:16:56.808"/>
</kw>
<kw name="Wait Until Keyword Succeeds" library="BuiltIn">
<arg>30s</arg>
<arg>3s</arg>
<arg>Click Button</arg>
<arg>//*[@data-testid="popover-close"]</arg>
<doc>Runs the specified keyword and retries if it fails.</doc>
<kw name="Click Button" library="SeleniumLibrary">
<arg>//*[@data-testid="popover-close"]</arg>
<doc>Clicks the button identified by ``locator``.</doc>
<msg timestamp="20211008 10:16:56.809" level="INFO">Clicking button '//*[@data-testid="popover-close"]'.</msg>
<status status="PASS" starttime="20211008 10:16:56.808" endtime="20211008 10:16:56.860"/>
</kw>
<status status="PASS" starttime="20211008 10:16:56.808" endtime="20211008 10:16:56.860"/>
</kw>
<kw name="Wait Until Keyword Succeeds" library="BuiltIn">
<arg>30s</arg>
<arg>3s</arg>
<arg>Click Element</arg>
<arg>//*[@id="app-content"]/div/div[1]/div/div[2]/div[1]/div</arg>
<doc>Runs the specified keyword and retries if it fails.</doc>
<kw name="Click Element" library="SeleniumLibrary">
<arg>//*[@id="app-content"]/div/div[1]/div/div[2]/div[1]/div</arg>
<doc>Click the element identified by ``locator``.</doc>
<msg timestamp="20211008 10:16:56.861" level="INFO">Clicking element '//*[@id="app-content"]/div/div[1]/div/div[2]/div[1]/div'.</msg>
<status status="PASS" starttime="20211008 10:16:56.861" endtime="20211008 10:16:56.953"/>
</kw>
<status status="PASS" starttime="20211008 10:16:56.861" endtime="20211008 10:16:56.953"/>
</kw>
<kw name="Get Text" library="SeleniumLibrary">
<var>${NetworkName}</var>
<arg>//*[@id="app-content"]/div/div[3]/div/li[3]</arg>
<doc>Returns the text value of the element identified by ``locator``.</doc>
<msg timestamp="20211008 10:16:56.974" level="INFO">${NetworkName} = Kovan Test Network</msg>
<status status="PASS" starttime="20211008 10:16:56.954" endtime="20211008 10:16:56.974"/>
</kw>
<kw name="Wait Until Keyword Succeeds" library="BuiltIn">
<arg>30s</arg>
<arg>3s</arg>
<arg>Click Element</arg>
<arg>//*[@id="app-content"]/div/div[3]/div/li[3]</arg>
<doc>Runs the specified keyword and retries if it fails.</doc>
<kw name="Click Element" library="SeleniumLibrary">
<arg>//*[@id="app-content"]/div/div[3]/div/li[3]</arg>
<doc>Click the element identified by ``locator``.</doc>
<msg timestamp="20211008 10:16:56.975" level="INFO">Clicking element '//*[@id="app-content"]/div/div[3]/div/li[3]'.</msg>
<status status="PASS" starttime="20211008 10:16:56.974" endtime="20211008 10:16:57.026"/>
</kw>
<status status="PASS" starttime="20211008 10:16:56.974" endtime="20211008 10:16:57.026"/>
</kw>
<kw name="Get Window Handles" library="SeleniumLibrary">
<var>${windowhandles}</var>
<doc>Returns all child window handles of the selected browser as a list.</doc>
<msg timestamp="20211008 10:16:57.029" level="INFO">${windowhandles} = ['CDwindow-DBAC1E3D649E83130E12E28B9B7BDF27', 'CDwindow-2DBF2D0922259824EB398030CEBE1F7F']</msg>
<status status="PASS" starttime="20211008 10:16:57.026" endtime="20211008 10:16:57.029"/>
</kw>
<kw name="Switch Window" library="SeleniumLibrary">
<arg>${windowhandles}[1]</arg>
<doc>Switches to browser window matching ``locator``.</doc>
<status status="PASS" starttime="20211008 10:16:57.029" endtime="20211008 10:16:57.064"/>
</kw>
<kw name="Close Window" library="SeleniumLibrary">
<doc>Closes currently opened and selected browser window/tab.</doc>
<status status="PASS" starttime="20211008 10:16:57.064" endtime="20211008 10:16:57.096"/>
</kw>
<kw name="Switch Window" library="SeleniumLibrary">
<arg>${windowhandles}[0]</arg>
<doc>Switches to browser window matching ``locator``.</doc>
<status status="PASS" starttime="20211008 10:16:57.097" endtime="20211008 10:16:57.105"/>
</kw>
<status status="PASS" starttime="20211008 10:16:49.531" endtime="20211008 10:16:57.106"/>
</kw>
<status status="PASS" starttime="20211008 10:16:40.508" endtime="20211008 10:16:57.106"/>
</kw>
<kw name="Pool Not Created Message" library="Swap">
<arg>0xb9f7fb85aaa64bae9b0403706e38a607f0e6edf3</arg>
<kw name="Complete Integration" library="Common">
<kw name="Start Video Recording" library="ScreenCapLibrary">
<arg>alias=None</arg>
<arg>name=${TEST NAME}</arg>
<arg>fps=None</arg>
<arg>size_percentage=1</arg>
<arg>embed=True</arg>
<arg>embed_width=100px</arg>
<arg>monitor=1</arg>
<doc>Starts the recording of a video in the background with the specified ``name``.
The recording can be stopped by calling the `Stop Video Recording` keyword.</doc>
<msg timestamp="20211008 10:16:59.464" level="INFO">Automatically setting a fps of 4.0</msg>
<status status="PASS" starttime="20211008 10:16:57.107" endtime="20211008 10:16:59.466"/>
</kw>
<kw name="Wait Until Keyword Succeeds" library="BuiltIn">
<arg>30s</arg>
<arg>3s</arg>
<arg>Go to</arg>
<arg>https://dev.monox.finance</arg>
<doc>Runs the specified keyword and retries if it fails.</doc>
<kw name="Go To" library="SeleniumLibrary">
<arg>https://dev.monox.finance</arg>
<doc>Navigates the current browser window to the provided ``url``.</doc>
<msg timestamp="20211008 10:16:59.467" level="INFO">Opening url 'https://dev.monox.finance'</msg>
<status status="PASS" starttime="20211008 10:16:59.467" endtime="20211008 10:17:04.363"/>
</kw>
<status status="PASS" starttime="20211008 10:16:59.466" endtime="20211008 10:17:04.363"/>
</kw>
<kw name="Maximize Browser Window" library="SeleniumLibrary">
<doc>Maximizes current browser window.</doc>
<status status="PASS" starttime="20211008 10:17:04.363" endtime="20211008 10:17:04.548"/>
</kw>
<kw name="Wait Until Keyword Succeeds" library="BuiltIn">
<arg>30s</arg>
<arg>3s</arg>
<arg>Page Should Contain Button</arg>
<arg>Connect Wallet</arg>
<doc>Runs the specified keyword and retries if it fails.</doc>
<kw name="Page Should Contain Button" library="SeleniumLibrary">
<arg>Connect Wallet</arg>
<doc>Verifies button ``locator`` is found from current page.</doc>
<msg timestamp="20211008 10:17:04.598" level="INFO">Current page contains button 'Connect Wallet'.</msg>
<status status="PASS" starttime="20211008 10:17:04.548" endtime="20211008 10:17:04.598"/>
</kw>
<status status="PASS" starttime="20211008 10:17:04.548" endtime="20211008 10:17:04.598"/>
</kw>
<kw name="Wait Until Keyword Succeeds" library="BuiltIn">
<arg>30s</arg>
<arg>3s</arg>
<arg>Click Button</arg>
<arg>Connect Wallet</arg>
<doc>Runs the specified keyword and retries if it fails.</doc>
<kw name="Click Button" library="SeleniumLibrary">
<arg>Connect Wallet</arg>
<doc>Clicks the button identified by ``locator``.</doc>
<msg timestamp="20211008 10:17:04.598" level="INFO">Clicking button 'Connect Wallet'.</msg>
<status status="PASS" starttime="20211008 10:17:04.598" endtime="20211008 10:17:04.739"/>
</kw>
<status status="PASS" starttime="20211008 10:17:04.598" endtime="20211008 10:17:04.739"/>
</kw>
<kw name="Wait Until Keyword Succeeds" library="BuiltIn">
<arg>30s</arg>
<arg>3s</arg>
<arg>Page Should Contain</arg>
<arg>Connect MetaMask Wallet</arg>
<doc>Runs the specified keyword and retries if it fails.</doc>
<kw name="Page Should Contain" library="SeleniumLibrary">
<arg>Connect MetaMask Wallet</arg>
<doc>Verifies that current page contains ``text``.</doc>
<msg timestamp="20211008 10:17:04.776" level="INFO">Current page contains text 'Connect MetaMask Wallet'.</msg>
<status status="PASS" starttime="20211008 10:17:04.740" endtime="20211008 10:17:04.776"/>
</kw>
<status status="PASS" starttime="20211008 10:17:04.739" endtime="20211008 10:17:04.776"/>
</kw>
<kw name="Wait Until Keyword Succeeds" library="BuiltIn">
<arg>30s</arg>
<arg>3s</arg>
<arg>Click Element</arg>
<arg>//*[@id="root"]/div[2]/div[2]/div/div[2]/div</arg>
<doc>Runs the specified keyword and retries if it fails.</doc>
<kw name="Click Element" library="SeleniumLibrary">
<arg>//*[@id="root"]/div[2]/div[2]/div/div[2]/div</arg>
<doc>Click the element identified by ``locator``.</doc>
<msg timestamp="20211008 10:17:04.776" level="INFO">Clicking element '//*[@id="root"]/div[2]/div[2]/div/div[2]/div'.</msg>
<status status="PASS" starttime="20211008 10:17:04.776" endtime="20211008 10:17:04.873"/>
</kw>
<status status="PASS" starttime="20211008 10:17:04.776" endtime="20211008 10:17:04.873"/>
</kw>
<kw name="Wait Until Keyword Succeeds" library="BuiltIn">
<arg>30s</arg>
<arg>3s</arg>
<arg>Switch Window</arg>
<arg>MetaMask Notification</arg>
<doc>Runs the specified keyword and retries if it fails.</doc>
<kw name="Switch Window" library="SeleniumLibrary">
<arg>MetaMask Notification</arg>
<doc>Switches to browser window matching ``locator``.</doc>
<kw name="Capture Page Screenshot" library="SeleniumLibrary">
<doc>Takes a screenshot of the current page and embeds it into a log file.</doc>
<msg timestamp="20211008 10:17:06.294" level="INFO" html="true">&lt;/td&gt;&lt;/tr&gt;&lt;tr&gt;&lt;td colspan="3"&gt;&lt;a href="selenium-screenshot-2.png"&gt;&lt;img src="selenium-screenshot-2.png" width="800px"&gt;&lt;/a&gt;</msg>
<status status="PASS" starttime="20211008 10:17:05.224" endtime="20211008 10:17:06.294"/>
</kw>
<msg timestamp="20211008 10:17:06.307" level="FAIL">No window matching handle, name, title or URL 'MetaMask Notification' found.</msg>
<status status="FAIL" starttime="20211008 10:17:04.874" endtime="20211008 10:17:06.307"/>
</kw>
<kw name="Switch Window" library="SeleniumLibrary">
<arg>MetaMask Notification</arg>
<doc>Switches to browser window matching ``locator``.</doc>
<status status="PASS" starttime="20211008 10:17:09.309" endtime="20211008 10:17:09.380"/>
</kw>
<status status="PASS" starttime="20211008 10:17:04.874" endtime="20211008 10:17:09.380"/>
</kw>
<kw name="Wait Until Keyword Succeeds" library="BuiltIn">
<arg>30s</arg>
<arg>3s</arg>
<arg>Click Button</arg>
<arg>Next</arg>
<doc>Runs the specified keyword and retries if it fails.</doc>
<kw name="Click Button" library="SeleniumLibrary">
<arg>Next</arg>
<doc>Clicks the button identified by ``locator``.</doc>
<msg timestamp="20211008 10:17:09.380" level="INFO">Clicking button 'Next'.</msg>
<status status="PASS" starttime="20211008 10:17:09.380" endtime="20211008 10:17:09.508"/>
</kw>
<status status="PASS" starttime="20211008 10:17:09.380" endtime="20211008 10:17:09.508"/>
</kw>
<kw name="Wait Until Keyword Succeeds" library="BuiltIn">
<arg>30s</arg>
<arg>3s</arg>
<arg>Click Element</arg>
<arg>//*[@data-testid="page-container-footer-next"]</arg>
<doc>Runs the specified keyword and retries if it fails.</doc>
<kw name="Click Element" library="SeleniumLibrary">
<arg>//*[@data-testid="page-container-footer-next"]</arg>
<doc>Click the element identified by ``locator``.</doc>
<msg timestamp="20211008 10:17:09.509" level="INFO">Clicking element '//*[@data-testid="page-container-footer-next"]'.</msg>
<status status="PASS" starttime="20211008 10:17:09.509" endtime="20211008 10:17:09.582"/>
</kw>
<status status="PASS" starttime="20211008 10:17:09.508" endtime="20211008 10:17:09.583"/>
</kw>
<kw name="Wait Until Keyword Succeeds" library="BuiltIn">
<arg>30s</arg>
<arg>3s</arg>
<arg>Switch Window</arg>
<arg>Home Page | MonoX</arg>
<doc>Runs the specified keyword and retries if it fails.</doc>
<kw name="Switch Window" library="SeleniumLibrary">
<arg>Home Page | MonoX</arg>
<doc>Switches to browser window matching ``locator``.</doc>
<status status="PASS" starttime="20211008 10:17:09.583" endtime="20211008 10:17:09.709"/>
</kw>
<status status="PASS" starttime="20211008 10:17:09.583" endtime="20211008 10:17:09.709"/>
</kw>
<status status="PASS" starttime="20211008 10:16:57.107" endtime="20211008 10:17:09.710"/>
</kw>
<kw name="Wait Until Keyword Succeeds" library="BuiltIn">
<arg>30s</arg>
<arg>3s</arg>
<arg>Header.Navigate Swap</arg>
<doc>Runs the specified keyword and retries if it fails.</doc>
<kw name="Navigate Swap" library="Header">
<kw name="Page Should Contain" library="SeleniumLibrary">
<arg>Swap</arg>
<doc>Verifies that current page contains ``text``.</doc>
<msg timestamp="20211008 10:17:09.729" level="INFO">Current page contains text 'Swap'.</msg>
<status status="PASS" starttime="20211008 10:17:09.711" endtime="20211008 10:17:09.729"/>
</kw>
<kw name="Click Element" library="SeleniumLibrary">
<arg>//*[@href="/swap?network=kovan"]</arg>
<doc>Click the element identified by ``locator``.</doc>
<msg timestamp="20211008 10:17:09.730" level="INFO">Clicking element '//*[@href="/swap?network=kovan"]'.</msg>
<status status="PASS" starttime="20211008 10:17:09.729" endtime="20211008 10:17:09.825"/>
</kw>
<kw name="Page Should Contain" library="SeleniumLibrary">
<arg>Swap</arg>
<doc>Verifies that current page contains ``text``.</doc>
<msg timestamp="20211008 10:17:09.880" level="INFO">Current page contains text 'Swap'.</msg>
<status status="PASS" starttime="20211008 10:17:09.825" endtime="20211008 10:17:09.880"/>
</kw>
<kw name="Wait Until Keyword Succeeds" library="BuiltIn">
<arg>60s</arg>
<arg>3s</arg>
<arg>Page Should Contain</arg>
<arg>Select your token for the price chart</arg>
<doc>Runs the specified keyword and retries if it fails.</doc>
<kw name="Page Should Contain" library="SeleniumLibrary">
<arg>Select your token for the price chart</arg>
<doc>Verifies that current page contains ``text``.</doc>
<kw name="Capture Page Screenshot" library="SeleniumLibrary">
<doc>Takes a screenshot of the current page and embeds it into a log file.</doc>
<msg timestamp="20211008 10:17:10.174" level="INFO" html="true">&lt;/td&gt;&lt;/tr&gt;&lt;tr&gt;&lt;td colspan="3"&gt;&lt;a href="selenium-screenshot-3.png"&gt;&lt;img src="selenium-screenshot-3.png" width="800px"&gt;&lt;/a&gt;</msg>
<status status="PASS" starttime="20211008 10:17:09.907" endtime="20211008 10:17:10.174"/>
</kw>
<msg timestamp="20211008 10:17:10.176" level="FAIL">Page should have contained text 'Select your token for the price chart' but did not.</msg>
<status status="FAIL" starttime="20211008 10:17:09.882" endtime="20211008 10:17:10.176"/>
</kw>
<kw name="Page Should Contain" library="SeleniumLibrary">
<arg>Select your token for the price chart</arg>
<doc>Verifies that current page contains ``text``.</doc>
<msg timestamp="20211008 10:17:13.185" level="INFO">Current page contains text 'Select your token for the price chart'.</msg>
<status status="PASS" starttime="20211008 10:17:13.176" endtime="20211008 10:17:13.185"/>
</kw>
<status status="PASS" starttime="20211008 10:17:09.881" endtime="20211008 10:17:13.185"/>
</kw>
<status status="PASS" starttime="20211008 10:17:09.711" endtime="20211008 10:17:13.185"/>
</kw>
<status status="PASS" starttime="20211008 10:17:09.710" endtime="20211008 10:17:13.185"/>
</kw>
<kw name="Wait Until Element Is Visible" library="SeleniumLibrary">
<arg>//*[@data-testid="container-3"]</arg>
<arg>5s</arg>
<doc>Waits until the element ``locator`` is visible.</doc>
<status status="PASS" starttime="20211008 10:17:13.186" endtime="20211008 10:17:13.205"/>
</kw>
<kw name="Click Element" library="SeleniumLibrary">
<arg>//*[@data-testid='from-toggle']</arg>
<doc>Click the element identified by ``locator``.</doc>
<msg timestamp="20211008 10:17:13.205" level="INFO">Clicking element '//*[@data-testid='from-toggle']'.</msg>
<status status="PASS" starttime="20211008 10:17:13.205" endtime="20211008 10:17:13.349"/>
</kw>
<kw name="Input Text" library="SeleniumLibrary">
<arg>id:searchInput</arg>
<arg>${token}</arg>
<doc>Types the given ``text`` into the text field identified by ``locator``.</doc>
<msg timestamp="20211008 10:17:13.350" level="INFO">Typing text '0xb9f7fb85aaa64bae9b0403706e38a607f0e6edf3' into text field 'id:searchInput'.</msg>
<status status="PASS" starttime="20211008 10:17:13.350" endtime="20211008 10:17:13.779"/>
</kw>
<kw name="Wait Until Element Is Visible" library="SeleniumLibrary">
<arg>//*[@data-testid='currency-container-0']</arg>
<arg>5s</arg>
<doc>Waits until the element ``locator`` is visible.</doc>
<status status="PASS" starttime="20211008 10:17:13.780" endtime="20211008 10:17:14.029"/>
</kw>
<kw name="Page Should Not Contain" library="SeleniumLibrary">
<arg>Pool is not created yet.</arg>
<doc>Verifies the current page does not contain ``text``.</doc>
<msg timestamp="20211008 10:17:14.050" level="INFO">Current page does not contain text 'Pool is not created yet.'.</msg>
<status status="PASS" starttime="20211008 10:17:14.029" endtime="20211008 10:17:14.050"/>
</kw>
<kw name="Mouse Over" library="SeleniumLibrary">
<arg>//*[@data-testid='currency-container-0']</arg>
<doc>Simulates hovering the mouse over the element ``locator``.</doc>
<msg timestamp="20211008 10:17:14.051" level="INFO">Simulating Mouse Over on element '//*[@data-testid='currency-container-0']'.</msg>
<status status="PASS" starttime="20211008 10:17:14.051" endtime="20211008 10:17:14.329"/>
</kw>
<kw name="Page Should Contain" library="SeleniumLibrary">
<arg>Pool is not created yet.</arg>
<doc>Verifies that current page contains ``text``.</doc>
<kw name="Capture Page Screenshot" library="SeleniumLibrary">
<doc>Takes a screenshot of the current page and embeds it into a log file.</doc>
<msg timestamp="20211008 10:17:14.852" level="INFO" html="true">&lt;/td&gt;&lt;/tr&gt;&lt;tr&gt;&lt;td colspan="3"&gt;&lt;a href="selenium-screenshot-4.png"&gt;&lt;img src="selenium-screenshot-4.png" width="800px"&gt;&lt;/a&gt;</msg>
<status status="PASS" starttime="20211008 10:17:14.431" endtime="20211008 10:17:14.852"/>
</kw>
<msg timestamp="20211008 10:17:14.853" level="FAIL">Page should have contained text 'Pool is not created yet.' but did not.</msg>
<status status="FAIL" starttime="20211008 10:17:14.329" endtime="20211008 10:17:14.853"/>
</kw>
<status status="FAIL" starttime="20211008 10:16:57.107" endtime="20211008 10:17:14.854"/>
</kw>
<kw name="Closing Browser" library="Common" type="TEARDOWN">
<kw name="Stop Video Recording" library="ScreenCapLibrary">
<arg>alias=None</arg>
<doc>Stops the video recording corresponding to the given ``alias`` and generates the file in WebM format. If no
``alias`` is specified, the last opened recording will be closed. If there are more recordings with the same
alias all of them will be closed. If ``embed`` argument was set to
``True`` the video will be displayed in the log file.</doc>
<msg timestamp="20211008 10:17:14.908" level="INFO" html="true">&lt;a href="TC-MONOX-8%3A%20KOVAN-SWAP%3A%20No%20Pool_1.webm"&gt;&lt;video width="100px" autoplay&gt;&lt;source src="TC-MONOX-8%3A%20KOVAN-SWAP%3A%20No%20Pool_1.webm" type="video/webm"&gt;&lt;/video&gt;&lt;/a&gt;</msg>
<status status="PASS" starttime="20211008 10:17:14.856" endtime="20211008 10:17:14.908"/>
</kw>
<kw name="Close Browser" library="SeleniumLibrary">
<doc>Closes the current browser.</doc>
<status status="PASS" starttime="20211008 10:17:14.908" endtime="20211008 10:17:15.130"/>
</kw>
<status status="PASS" starttime="20211008 10:17:14.855" endtime="20211008 10:17:15.130"/>
</kw>
<status status="FAIL" starttime="20211008 10:16:40.507" endtime="20211008 10:17:15.130">Page should have contained text 'Pool is not created yet.' but did not.</status>
</test>
<test id="s1-t2" name="TC-MONOX-9: KOVAN-SWAP: Wrap ETH">
<kw name="Connect Wallet" library="Metamask" type="SETUP">
<kw name="Create and Install Wallet" library="Metamask">
<kw name="Evaluate" library="BuiltIn">
<var>${ChromeOptions}</var>
<arg>selenium.webdriver.ChromeOptions()</arg>
<doc>Evaluates the given expression in Python and returns the result.</doc>
<msg timestamp="20211008 10:17:15.134" level="INFO">${ChromeOptions} = &lt;selenium.webdriver.chrome.options.Options object at 0x11ae420a0&gt;</msg>
<status status="PASS" starttime="20211008 10:17:15.133" endtime="20211008 10:17:15.134"/>
</kw>
<kw name="Call Method" library="BuiltIn">
<arg>${ChromeOptions}</arg>
<arg>add_argument</arg>
<arg>--start-maximized</arg>
<doc>Calls the named method of the given object with the provided arguments.</doc>
<status status="PASS" starttime="20211008 10:17:15.134" endtime="20211008 10:17:15.134"/>
</kw>
<kw name="Call Method" library="BuiltIn">
<arg>${ChromeOptions}</arg>
<arg>add_extension</arg>
<arg>/Users/highceilingden/PycharmProjects/monoswap-test-automation-main/Resources/Plugins/MetaMask_v10.0.3.crx</arg>
<doc>Calls the named method of the given object with the provided arguments.</doc>
<status status="PASS" starttime="20211008 10:17:15.134" endtime="20211008 10:17:15.134"/>
</kw>
<kw name="Wait Until Keyword Succeeds" library="BuiltIn">
<arg>30s</arg>
<arg>3s</arg>
<arg>Create Webdriver</arg>
<arg>Chrome</arg>
<arg>chrome_options=${ChromeOptions}</arg>
<doc>Runs the specified keyword and retries if it fails.</doc>
<kw name="Create Webdriver" library="SeleniumLibrary">
<arg>Chrome</arg>
<arg>chrome_options=${ChromeOptions}</arg>
<doc>Creates an instance of Selenium WebDriver.</doc>
<msg timestamp="20211008 10:17:15.135" level="INFO">Creating an instance of the Chrome WebDriver.</msg>
<status status="PASS" starttime="20211008 10:17:15.135" endtime="20211008 10:17:20.520"/>
</kw>
<status status="PASS" starttime="20211008 10:17:15.135" endtime="20211008 10:17:20.521"/>
</kw>
<status status="PASS" starttime="20211008 10:17:15.133" endtime="20211008 10:17:20.523"/>
</kw>
<kw name="Import MetaMask Wallet" library="Metamask">
<kw name="Switch Window" library="SeleniumLibrary">
<arg>MetaMask</arg>
<doc>Switches to browser window matching ``locator``.</doc>
<status status="PASS" starttime="20211008 10:17:20.524" endtime="20211008 10:17:21.546"/>
</kw>
<kw name="Page Should Contain Button" library="SeleniumLibrary">
<arg>Get Started</arg>
<doc>Verifies button ``locator`` is found from current page.</doc>
<msg timestamp="20211008 10:17:21.590" level="INFO">Current page contains button 'Get Started'.</msg>
<status status="PASS" starttime="20211008 10:17:21.547" endtime="20211008 10:17:21.590"/>
</kw>
<kw name="Wait Until Keyword Succeeds" library="BuiltIn">
<arg>30s</arg>
<arg>3s</arg>
<arg>Click Button</arg>
<arg>Get Started</arg>
<doc>Runs the specified keyword and retries if it fails.</doc>
<kw name="Click Button" library="SeleniumLibrary">
<arg>Get Started</arg>
<doc>Clicks the button identified by ``locator``.</doc>
<msg timestamp="20211008 10:17:21.591" level="INFO">Clicking button 'Get Started'.</msg>
<status status="PASS" starttime="20211008 10:17:21.591" endtime="20211008 10:17:21.790"/>
</kw>
<status status="PASS" starttime="20211008 10:17:21.591" endtime="20211008 10:17:21.790"/>
</kw>
<kw name="Page Should Contain Button" library="SeleniumLibrary">
<arg>Import wallet</arg>
<doc>Verifies button ``locator`` is found from current page.</doc>
<msg timestamp="20211008 10:17:21.825" level="INFO">Current page contains button 'Import wallet'.</msg>
<status status="PASS" starttime="20211008 10:17:21.790" endtime="20211008 10:17:21.825"/>
</kw>
<kw name="Wait Until Keyword Succeeds" library="BuiltIn">
<arg>30s</arg>
<arg>3s</arg>
<arg>Click Button</arg>
<arg>Import wallet</arg>
<doc>Runs the specified keyword and retries if it fails.</doc>
<kw name="Click Button" library="SeleniumLibrary">
<arg>Import wallet</arg>
<doc>Clicks the button identified by ``locator``.</doc>
<msg timestamp="20211008 10:17:21.826" level="INFO">Clicking button 'Import wallet'.</msg>
<status status="PASS" starttime="20211008 10:17:21.826" endtime="20211008 10:17:21.959"/>
</kw>
<status status="PASS" starttime="20211008 10:17:21.825" endtime="20211008 10:17:21.959"/>
</kw>
<kw name="Page Should Contain Button" library="SeleniumLibrary">
<arg>I Agree</arg>
<doc>Verifies button ``locator`` is found from current page.</doc>
<msg timestamp="20211008 10:17:21.991" level="INFO">Current page contains button 'I Agree'.</msg>
<status status="PASS" starttime="20211008 10:17:21.959" endtime="20211008 10:17:21.991"/>
</kw>
<kw name="Wait Until Keyword Succeeds" library="BuiltIn">
<arg>30s</arg>
<arg>3s</arg>
<arg>Click Button</arg>
<arg>I Agree</arg>
<doc>Runs the specified keyword and retries if it fails.</doc>
<kw name="Click Button" library="SeleniumLibrary">
<arg>I Agree</arg>
<doc>Clicks the button identified by ``locator``.</doc>
<msg timestamp="20211008 10:17:21.992" level="INFO">Clicking button 'I Agree'.</msg>
<status status="PASS" starttime="20211008 10:17:21.992" endtime="20211008 10:17:22.099"/>
</kw>
<status status="PASS" starttime="20211008 10:17:21.991" endtime="20211008 10:17:22.100"/>
</kw>
<kw name="Wait Until Keyword Succeeds" library="BuiltIn">
<arg>30s</arg>
<arg>3s</arg>
<arg>Input Text</arg>
<arg>//*[@placeholder="Paste Secret Recovery Phrase from clipboard"]</arg>
<arg>month foam ostrich boil negative border absorb swap metal tooth wise coconut</arg>
<doc>Runs the specified keyword and retries if it fails.</doc>
<kw name="Input Text" library="SeleniumLibrary">
<arg>//*[@placeholder="Paste Secret Recovery Phrase from clipboard"]</arg>
<arg>month foam ostrich boil negative border absorb swap metal tooth wise coconut</arg>
<doc>Types the given ``text`` into the text field identified by ``locator``.</doc>
<msg timestamp="20211008 10:17:22.101" level="INFO">Typing text 'month foam ostrich boil negative border absorb swap metal tooth wise coconut' into text field '//*[@placeholder="Paste Secret Recovery Phrase from clipboard"]'.</msg>
<kw name="Capture Page Screenshot" library="SeleniumLibrary">
<doc>Takes a screenshot of the current page and embeds it into a log file.</doc>
<msg timestamp="20211008 10:17:22.499" level="INFO" html="true">&lt;/td&gt;&lt;/tr&gt;&lt;tr&gt;&lt;td colspan="3"&gt;&lt;a href="selenium-screenshot-5.png"&gt;&lt;img src="selenium-screenshot-5.png" width="800px"&gt;&lt;/a&gt;</msg>
<status status="PASS" starttime="20211008 10:17:22.141" endtime="20211008 10:17:22.499"/>
</kw>
<msg timestamp="20211008 10:17:22.500" level="FAIL">Element with locator '//*[@placeholder="Paste Secret Recovery Phrase from clipboard"]' not found.</msg>
<status status="FAIL" starttime="20211008 10:17:22.100" endtime="20211008 10:17:22.500"/>
</kw>
<kw name="Input Text" library="SeleniumLibrary">
<arg>//*[@placeholder="Paste Secret Recovery Phrase from clipboard"]</arg>
<arg>month foam ostrich boil negative border absorb swap metal tooth wise coconut</arg>
<doc>Types the given ``text`` into the text field identified by ``locator``.</doc>
<msg timestamp="20211008 10:17:25.501" level="INFO">Typing text 'month foam ostrich boil negative border absorb swap metal tooth wise coconut' into text field '//*[@placeholder="Paste Secret Recovery Phrase from clipboard"]'.</msg>
<status status="PASS" starttime="20211008 10:17:25.501" endtime="20211008 10:17:26.189"/>
</kw>
<status status="PASS" starttime="20211008 10:17:22.100" endtime="20211008 10:17:26.189"/>
</kw>
<kw name="Wait Until Keyword Succeeds" library="BuiltIn">
<arg>30s</arg>
<arg>3s</arg>
<arg>Input Text</arg>
<arg>//*[@id="password"]</arg>
<arg>Asdf1234</arg>
<doc>Runs the specified keyword and retries if it fails.</doc>
<kw name="Input Text" library="SeleniumLibrary">
<arg>//*[@id="password"]</arg>
<arg>Asdf1234</arg>
<doc>Types the given ``text`` into the text field identified by ``locator``.</doc>
<msg timestamp="20211008 10:17:26.190" level="INFO">Typing text 'Asdf1234' into text field '//*[@id="password"]'.</msg>
<status status="PASS" starttime="20211008 10:17:26.190" endtime="20211008 10:17:26.314"/>
</kw>
<status status="PASS" starttime="20211008 10:17:26.189" endtime="20211008 10:17:26.314"/>
</kw>
<kw name="Wait Until Keyword Succeeds" library="BuiltIn">
<arg>30s</arg>
<arg>3s</arg>
<arg>Input Text</arg>
<arg>//*[@id="confirm-password"]</arg>
<arg>Asdf1234</arg>
<doc>Runs the specified keyword and retries if it fails.</doc>
<kw name="Input Text" library="SeleniumLibrary">
<arg>//*[@id="confirm-password"]</arg>
<arg>Asdf1234</arg>
<doc>Types the given ``text`` into the text field identified by ``locator``.</doc>
<msg timestamp="20211008 10:17:26.315" level="INFO">Typing text 'Asdf1234' into text field '//*[@id="confirm-password"]'.</msg>
<status status="PASS" starttime="20211008 10:17:26.315" endtime="20211008 10:17:26.418"/>
</kw>
<status status="PASS" starttime="20211008 10:17:26.314" endtime="20211008 10:17:26.418"/>
</kw>
<kw name="Click Element" library="SeleniumLibrary">
<arg>//*[@id="app-content"]/div/div[3]/div/div/form/div[7]/div</arg>
<doc>Click the element identified by ``locator``.</doc>
<msg timestamp="20211008 10:17:26.418" level="INFO">Clicking element '//*[@id="app-content"]/div/div[3]/div/div/form/div[7]/div'.</msg>
<status status="PASS" starttime="20211008 10:17:26.418" endtime="20211008 10:17:26.464"/>
</kw>
<kw name="Wait Until Keyword Succeeds" library="BuiltIn">
<arg>30s</arg>
<arg>3s</arg>
<arg>Click Button</arg>
<arg>Import</arg>
<doc>Runs the specified keyword and retries if it fails.</doc>
<kw name="Click Button" library="SeleniumLibrary">
<arg>Import</arg>
<doc>Clicks the button identified by ``locator``.</doc>
<msg timestamp="20211008 10:17:26.465" level="INFO">Clicking button 'Import'.</msg>
<status status="PASS" starttime="20211008 10:17:26.464" endtime="20211008 10:17:26.532"/>
</kw>
<status status="PASS" starttime="20211008 10:17:26.464" endtime="20211008 10:17:26.532"/>
</kw>
<kw name="Wait Until Page Does Not Contain" library="SeleniumLibrary">
<arg>I Agree</arg>
<doc>Waits until ``text`` disappears from the current page.</doc>
<status status="PASS" starttime="20211008 10:17:26.532" endtime="20211008 10:17:26.579"/>
</kw>
<kw name="Wait Until Page Contains" library="SeleniumLibrary">
<arg>All Done</arg>
<arg>10s</arg>
<doc>Waits until ``text`` appears on the current page.</doc>
<status status="PASS" starttime="20211008 10:17:26.580" endtime="20211008 10:17:27.659"/>
</kw>
<kw name="Wait Until Keyword Succeeds" library="BuiltIn">
<arg>30s</arg>
<arg>3s</arg>
<arg>Click Button</arg>
<arg>All Done</arg>
<doc>Runs the specified keyword and retries if it fails.</doc>
<kw name="Click Button" library="SeleniumLibrary">
<arg>All Done</arg>
<doc>Clicks the button identified by ``locator``.</doc>
<msg timestamp="20211008 10:17:27.660" level="INFO">Clicking button 'All Done'.</msg>
<status status="PASS" starttime="20211008 10:17:27.660" endtime="20211008 10:17:27.734"/>
</kw>
<status status="PASS" starttime="20211008 10:17:27.659" endtime="20211008 10:17:27.735"/>
</kw>
<kw name="Page Should Contain Button" library="SeleniumLibrary">
<arg>//*[@data-testid="popover-close"]</arg>
<doc>Verifies button ``locator`` is found from current page.</doc>
<msg timestamp="20211008 10:17:27.861" level="INFO">Current page contains button '//*[@data-testid="popover-close"]'.</msg>
<status status="PASS" starttime="20211008 10:17:27.735" endtime="20211008 10:17:27.861"/>
</kw>
<kw name="Wait Until Keyword Succeeds" library="BuiltIn">
<arg>30s</arg>
<arg>3s</arg>
<arg>Click Button</arg>
<arg>//*[@data-testid="popover-close"]</arg>
<doc>Runs the specified keyword and retries if it fails.</doc>
<kw name="Click Button" library="SeleniumLibrary">
<arg>//*[@data-testid="popover-close"]</arg>
<doc>Clicks the button identified by ``locator``.</doc>
<msg timestamp="20211008 10:17:27.862" level="INFO">Clicking button '//*[@data-testid="popover-close"]'.</msg>
<status status="PASS" starttime="20211008 10:17:27.862" endtime="20211008 10:17:27.922"/>
</kw>
<status status="PASS" starttime="20211008 10:17:27.861" endtime="20211008 10:17:27.923"/>
</kw>
<kw name="Wait Until Keyword Succeeds" library="BuiltIn">
<arg>30s</arg>
<arg>3s</arg>
<arg>Click Element</arg>
<arg>//*[@id="app-content"]/div/div[1]/div/div[2]/div[1]/div</arg>
<doc>Runs the specified keyword and retries if it fails.</doc>
<kw name="Click Element" library="SeleniumLibrary">
<arg>//*[@id="app-content"]/div/div[1]/div/div[2]/div[1]/div</arg>
<doc>Click the element identified by ``locator``.</doc>
<msg timestamp="20211008 10:17:27.924" level="INFO">Clicking element '//*[@id="app-content"]/div/div[1]/div/div[2]/div[1]/div'.</msg>
<status status="PASS" starttime="20211008 10:17:27.923" endtime="20211008 10:17:28.025"/>
</kw>
<status status="PASS" starttime="20211008 10:17:27.923" endtime="20211008 10:17:28.026"/>
</kw>
<kw name="Get Text" library="SeleniumLibrary">
<var>${NetworkName}</var>
<arg>//*[@id="app-content"]/div/div[3]/div/li[3]</arg>
<doc>Returns the text value of the element identified by ``locator``.</doc>
<msg timestamp="20211008 10:17:28.054" level="INFO">${NetworkName} = Kovan Test Network</msg>
<status status="PASS" starttime="20211008 10:17:28.026" endtime="20211008 10:17:28.055"/>
</kw>
<kw name="Wait Until Keyword Succeeds" library="BuiltIn">
<arg>30s</arg>
<arg>3s</arg>
<arg>Click Element</arg>
<arg>//*[@id="app-content"]/div/div[3]/div/li[3]</arg>
<doc>Runs the specified keyword and retries if it fails.</doc>
<kw name="Click Element" library="SeleniumLibrary">
<arg>//*[@id="app-content"]/div/div[3]/div/li[3]</arg>
<doc>Click the element identified by ``locator``.</doc>
<msg timestamp="20211008 10:17:28.056" level="INFO">Clicking element '//*[@id="app-content"]/div/div[3]/div/li[3]'.</msg>
<status status="PASS" starttime="20211008 10:17:28.055" endtime="20211008 10:17:28.170"/>
</kw>
<status status="PASS" starttime="20211008 10:17:28.055" endtime="20211008 10:17:28.170"/>
</kw>
<kw name="Get Window Handles" library="SeleniumLibrary">
<var>${windowhandles}</var>
<doc>Returns all child window handles of the selected browser as a list.</doc>
<msg timestamp="20211008 10:17:28.177" level="INFO">${windowhandles} = ['CDwindow-8199CAD589AD20A0987620155CBD50AD', 'CDwindow-A3D1F942010BFD7A814FEC1335215443']</msg>
<status status="PASS" starttime="20211008 10:17:28.170" endtime="20211008 10:17:28.177"/>
</kw>
<kw name="Switch Window" library="SeleniumLibrary">
<arg>${windowhandles}[1]</arg>
<doc>Switches to browser window matching ``locator``.</doc>
<status status="PASS" starttime="20211008 10:17:28.177" endtime="20211008 10:17:28.236"/>
</kw>
<kw name="Close Window" library="SeleniumLibrary">
<doc>Closes currently opened and selected browser window/tab.</doc>
<status status="PASS" starttime="20211008 10:17:28.237" endtime="20211008 10:17:28.267"/>
</kw>
<kw name="Switch Window" library="SeleniumLibrary">
<arg>${windowhandles}[0]</arg>
<doc>Switches to browser window matching ``locator``.</doc>
<status status="PASS" starttime="20211008 10:17:28.267" endtime="20211008 10:17:28.278"/>
</kw>
<status status="PASS" starttime="20211008 10:17:20.524" endtime="20211008 10:17:28.279"/>
</kw>
<status status="PASS" starttime="20211008 10:17:15.133" endtime="20211008 10:17:28.279"/>
</kw>
<kw name="Swap" library="Swap">
<arg>ETH</arg>
<arg>WETH</arg>
<arg>0.008</arg>
<arg>-</arg>
<kw name="Complete Integration" library="Common">
<kw name="Start Video Recording" library="ScreenCapLibrary">
<arg>alias=None</arg>
<arg>name=${TEST NAME}</arg>
<arg>fps=None</arg>
<arg>size_percentage=1</arg>
<arg>embed=True</arg>
<arg>embed_width=100px</arg>
<arg>monitor=1</arg>
<doc>Starts the recording of a video in the background with the specified ``name``.
The recording can be stopped by calling the `Stop Video Recording` keyword.</doc>
<msg timestamp="20211008 10:17:30.505" level="INFO">Automatically setting a fps of 4.0</msg>
<status status="PASS" starttime="20211008 10:17:28.281" endtime="20211008 10:17:30.506"/>
</kw>
<kw name="Wait Until Keyword Succeeds" library="BuiltIn">
<arg>30s</arg>
<arg>3s</arg>
<arg>Go to</arg>
<arg>https://dev.monox.finance</arg>
<doc>Runs the specified keyword and retries if it fails.</doc>
<kw name="Go To" library="SeleniumLibrary">
<arg>https://dev.monox.finance</arg>
<doc>Navigates the current browser window to the provided ``url``.</doc>
<msg timestamp="20211008 10:17:30.506" level="INFO">Opening url 'https://dev.monox.finance'</msg>
<status status="PASS" starttime="20211008 10:17:30.506" endtime="20211008 10:17:34.913"/>
</kw>
<status status="PASS" starttime="20211008 10:17:30.506" endtime="20211008 10:17:34.913"/>
</kw>
<kw name="Maximize Browser Window" library="SeleniumLibrary">
<doc>Maximizes current browser window.</doc>
<status status="PASS" starttime="20211008 10:17:34.913" endtime="20211008 10:17:35.120"/>
</kw>
<kw name="Wait Until Keyword Succeeds" library="BuiltIn">
<arg>30s</arg>
<arg>3s</arg>
<arg>Page Should Contain Button</arg>
<arg>Connect Wallet</arg>
<doc>Runs the specified keyword and retries if it fails.</doc>
<kw name="Page Should Contain Button" library="SeleniumLibrary">
<arg>Connect Wallet</arg>
<doc>Verifies button ``locator`` is found from current page.</doc>
<msg timestamp="20211008 10:17:35.175" level="INFO">Current page contains button 'Connect Wallet'.</msg>
<status status="PASS" starttime="20211008 10:17:35.121" endtime="20211008 10:17:35.175"/>
</kw>
<status status="PASS" starttime="20211008 10:17:35.120" endtime="20211008 10:17:35.175"/>
</kw>
<kw name="Wait Until Keyword Succeeds" library="BuiltIn">
<arg>30s</arg>
<arg>3s</arg>
<arg>Click Button</arg>
<arg>Connect Wallet</arg>
<doc>Runs the specified keyword and retries if it fails.</doc>
<kw name="Click Button" library="SeleniumLibrary">
<arg>Connect Wallet</arg>
<doc>Clicks the button identified by ``locator``.</doc>
<msg timestamp="20211008 10:17:35.177" level="INFO">Clicking button 'Connect Wallet'.</msg>
<status status="PASS" starttime="20211008 10:17:35.176" endtime="20211008 10:17:35.436"/>
</kw>
<status status="PASS" starttime="20211008 10:17:35.176" endtime="20211008 10:17:35.436"/>
</kw>
<kw name="Wait Until Keyword Succeeds" library="BuiltIn">
<arg>30s</arg>
<arg>3s</arg>
<arg>Page Should Contain</arg>
<arg>Connect MetaMask Wallet</arg>
<doc>Runs the specified keyword and retries if it fails.</doc>
<kw name="Page Should Contain" library="SeleniumLibrary">
<arg>Connect MetaMask Wallet</arg>
<doc>Verifies that current page contains ``text``.</doc>
<msg timestamp="20211008 10:17:35.505" level="INFO">Current page contains text 'Connect MetaMask Wallet'.</msg>
<status status="PASS" starttime="20211008 10:17:35.437" endtime="20211008 10:17:35.505"/>
</kw>
<status status="PASS" starttime="20211008 10:17:35.436" endtime="20211008 10:17:35.505"/>
</kw>
<kw name="Wait Until Keyword Succeeds" library="BuiltIn">
<arg>30s</arg>
<arg>3s</arg>
<arg>Click Element</arg>
<arg>//*[@id="root"]/div[2]/div[2]/div/div[2]/div</arg>
<doc>Runs the specified keyword and retries if it fails.</doc>
<kw name="Click Element" library="SeleniumLibrary">
<arg>//*[@id="root"]/div[2]/div[2]/div/div[2]/div</arg>
<doc>Click the element identified by ``locator``.</doc>
<msg timestamp="20211008 10:17:35.506" level="INFO">Clicking element '//*[@id="root"]/div[2]/div[2]/div/div[2]/div'.</msg>
<status status="PASS" starttime="20211008 10:17:35.506" endtime="20211008 10:17:35.618"/>
</kw>
<status status="PASS" starttime="20211008 10:17:35.506" endtime="20211008 10:17:35.618"/>
</kw>
<kw name="Wait Until Keyword Succeeds" library="BuiltIn">
<arg>30s</arg>
<arg>3s</arg>
<arg>Switch Window</arg>
<arg>MetaMask Notification</arg>
<doc>Runs the specified keyword and retries if it fails.</doc>
<kw name="Switch Window" library="SeleniumLibrary">
<arg>MetaMask Notification</arg>
<doc>Switches to browser window matching ``locator``.</doc>
<kw name="Capture Page Screenshot" library="SeleniumLibrary">
<doc>Takes a screenshot of the current page and embeds it into a log file.</doc>
<msg timestamp="20211008 10:17:36.984" level="INFO" html="true">&lt;/td&gt;&lt;/tr&gt;&lt;tr&gt;&lt;td colspan="3"&gt;&lt;a href="selenium-screenshot-6.png"&gt;&lt;img src="selenium-screenshot-6.png" width="800px"&gt;&lt;/a&gt;</msg>
<status status="PASS" starttime="20211008 10:17:35.907" endtime="20211008 10:17:36.984"/>
</kw>
<msg timestamp="20211008 10:17:36.985" level="FAIL">No window matching handle, name, title or URL 'MetaMask Notification' found.</msg>
<status status="FAIL" starttime="20211008 10:17:35.619" endtime="20211008 10:17:36.985"/>
</kw>
<kw name="Switch Window" library="SeleniumLibrary">
<arg>MetaMask Notification</arg>
<doc>Switches to browser window matching ``locator``.</doc>
<status status="PASS" starttime="20211008 10:17:39.987" endtime="20211008 10:17:40.055"/>
</kw>
<status status="PASS" starttime="20211008 10:17:35.619" endtime="20211008 10:17:40.055"/>
</kw>
<kw name="Wait Until Keyword Succeeds" library="BuiltIn">
<arg>30s</arg>
<arg>3s</arg>
<arg>Click Button</arg>
<arg>Next</arg>
<doc>Runs the specified keyword and retries if it fails.</doc>
<kw name="Click Button" library="SeleniumLibrary">
<arg>Next</arg>
<doc>Clicks the button identified by ``locator``.</doc>
<msg timestamp="20211008 10:17:40.056" level="INFO">Clicking button 'Next'.</msg>
<status status="PASS" starttime="20211008 10:17:40.056" endtime="20211008 10:17:40.156"/>
</kw>
<status status="PASS" starttime="20211008 10:17:40.055" endtime="20211008 10:17:40.156"/>
</kw>
<kw name="Wait Until Keyword Succeeds" library="BuiltIn">
<arg>30s</arg>
<arg>3s</arg>
<arg>Click Element</arg>
<arg>//*[@data-testid="page-container-footer-next"]</arg>
<doc>Runs the specified keyword and retries if it fails.</doc>
<kw name="Click Element" library="SeleniumLibrary">
<arg>//*[@data-testid="page-container-footer-next"]</arg>
<doc>Click the element identified by ``locator``.</doc>
<msg timestamp="20211008 10:17:40.157" level="INFO">Clicking element '//*[@data-testid="page-container-footer-next"]'.</msg>
<status status="PASS" starttime="20211008 10:17:40.157" endtime="20211008 10:17:40.232"/>
</kw>
<status status="PASS" starttime="20211008 10:17:40.156" endtime="20211008 10:17:40.232"/>
</kw>
<kw name="Wait Until Keyword Succeeds" library="BuiltIn">
<arg>30s</arg>
<arg>3s</arg>
<arg>Switch Window</arg>
<arg>Home Page | MonoX</arg>
<doc>Runs the specified keyword and retries if it fails.</doc>
<kw name="Switch Window" library="SeleniumLibrary">
<arg>Home Page | MonoX</arg>
<doc>Switches to browser window matching ``locator``.</doc>
<status status="PASS" starttime="20211008 10:17:40.233" endtime="20211008 10:17:40.344"/>
</kw>
<status status="PASS" starttime="20211008 10:17:40.232" endtime="20211008 10:17:40.344"/>
</kw>
<status status="PASS" starttime="20211008 10:17:28.280" endtime="20211008 10:17:40.344"/>
</kw>
<kw name="Wait Until Keyword Succeeds" library="BuiltIn">
<arg>30s</arg>
<arg>3s</arg>
<arg>Header.Navigate Swap</arg>
<doc>Runs the specified keyword and retries if it fails.</doc>
<kw name="Navigate Swap" library="Header">
<kw name="Page Should Contain" library="SeleniumLibrary">
<arg>Swap</arg>
<doc>Verifies that current page contains ``text``.</doc>
<msg timestamp="20211008 10:17:40.361" level="INFO">Current page contains text 'Swap'.</msg>
<status status="PASS" starttime="20211008 10:17:40.345" endtime="20211008 10:17:40.361"/>
</kw>
<kw name="Click Element" library="SeleniumLibrary">
<arg>//*[@href="/swap?network=kovan"]</arg>
<doc>Click the element identified by ``locator``.</doc>
<msg timestamp="20211008 10:17:40.361" level="INFO">Clicking element '//*[@href="/swap?network=kovan"]'.</msg>
<status status="PASS" starttime="20211008 10:17:40.361" endtime="20211008 10:17:40.456"/>
</kw>
<kw name="Page Should Contain" library="SeleniumLibrary">
<arg>Swap</arg>
<doc>Verifies that current page contains ``text``.</doc>
<msg timestamp="20211008 10:17:40.492" level="INFO">Current page contains text 'Swap'.</msg>
<status status="PASS" starttime="20211008 10:17:40.456" endtime="20211008 10:17:40.492"/>
</kw>
<kw name="Wait Until Keyword Succeeds" library="BuiltIn">
<arg>60s</arg>
<arg>3s</arg>
<arg>Page Should Contain</arg>
<arg>Select your token for the price chart</arg>
<doc>Runs the specified keyword and retries if it fails.</doc>
<kw name="Page Should Contain" library="SeleniumLibrary">
<arg>Select your token for the price chart</arg>
<doc>Verifies that current page contains ``text``.</doc>
<kw name="Capture Page Screenshot" library="SeleniumLibrary">
<doc>Takes a screenshot of the current page and embeds it into a log file.</doc>
<msg timestamp="20211008 10:17:40.811" level="INFO" html="true">&lt;/td&gt;&lt;/tr&gt;&lt;tr&gt;&lt;td colspan="3"&gt;&lt;a href="selenium-screenshot-7.png"&gt;&lt;img src="selenium-screenshot-7.png" width="800px"&gt;&lt;/a&gt;</msg>
<status status="PASS" starttime="20211008 10:17:40.519" endtime="20211008 10:17:40.811"/>
</kw>
<msg timestamp="20211008 10:17:40.812" level="FAIL">Page should have contained text 'Select your token for the price chart' but did not.</msg>
<status status="FAIL" starttime="20211008 10:17:40.493" endtime="20211008 10:17:40.812"/>
</kw>
<kw name="Page Should Contain" library="SeleniumLibrary">
<arg>Select your token for the price chart</arg>
<doc>Verifies that current page contains ``text``.</doc>
<msg timestamp="20211008 10:17:43.820" level="INFO">Current page contains text 'Select your token for the price chart'.</msg>
<status status="PASS" starttime="20211008 10:17:43.812" endtime="20211008 10:17:43.820"/>
</kw>
<status status="PASS" starttime="20211008 10:17:40.492" endtime="20211008 10:17:43.820"/>
</kw>
<status status="PASS" starttime="20211008 10:17:40.345" endtime="20211008 10:17:43.820"/>
</kw>
<status status="PASS" starttime="20211008 10:17:40.344" endtime="20211008 10:17:43.821"/>
</kw>
<kw name="Wait Until Element Is Visible" library="SeleniumLibrary">
<arg>//*[@data-testid="container-3"]</arg>
<arg>10s</arg>
<doc>Waits until the element ``locator`` is visible.</doc>
<status status="PASS" starttime="20211008 10:17:43.821" endtime="20211008 10:17:43.839"/>
</kw>
<kw name="Skip If" library="BuiltIn">
<arg>("${FromTokenAmount}" == "-") == ("${ToTokenAmount}" == "-")</arg>
<arg>FromAmount and ToAmount can't be set at the same time</arg>
<doc>Skips the rest of the current test if the ``condition`` is True.</doc>
<status status="PASS" starttime="20211008 10:17:43.840" endtime="20211008 10:17:43.840"/>
</kw>
<kw name="Select Token Pair" library="Swap">
<arg>${FromToken}</arg>
<arg>${ToToken}</arg>
<kw name="Click Element" library="SeleniumLibrary">
<arg>//*[@data-testid='from-toggle']</arg>
<doc>Click the element identified by ``locator``.</doc>
<msg timestamp="20211008 10:17:43.841" level="INFO">Clicking element '//*[@data-testid='from-toggle']'.</msg>
<status status="PASS" starttime="20211008 10:17:43.841" endtime="20211008 10:17:44.021"/>
</kw>
<kw name="Input Text" library="SeleniumLibrary">
<arg>id:searchInput</arg>
<arg>${FromToken}</arg>
<doc>Types the given ``text`` into the text field identified by ``locator``.</doc>
<msg timestamp="20211008 10:17:44.021" level="INFO">Typing text 'ETH' into text field 'id:searchInput'.</msg>
<status status="PASS" starttime="20211008 10:17:44.021" endtime="20211008 10:17:44.411"/>
</kw>
<kw name="Wait Until Element Contains" library="SeleniumLibrary">
<arg>//*[@data-testid='currency-container-0']</arg>
<arg>${FromToken}</arg>
<arg>10</arg>
<doc>Waits until the element ``locator`` contains ``text``.</doc>
<status status="PASS" starttime="20211008 10:17:44.411" endtime="20211008 10:17:44.458"/>
</kw>
<kw name="Click Element" library="SeleniumLibrary">
<arg>//*[@data-testid='currency-container-0']</arg>
<doc>Click the element identified by ``locator``.</doc>
<msg timestamp="20211008 10:17:44.458" level="INFO">Clicking element '//*[@data-testid='currency-container-0']'.</msg>
<status status="PASS" starttime="20211008 10:17:44.458" endtime="20211008 10:17:44.563"/>
</kw>
<kw name="Element Text Should Be" library="SeleniumLibrary">
<arg>//*[@data-testid="from-toggle"]</arg>
<arg>${FromToken}</arg>
<doc>Verifies that element ``locator`` contains exact the text ``expected``.</doc>
<msg timestamp="20211008 10:17:44.564" level="INFO">Verifying element '//*[@data-testid="from-toggle"]' contains exact text 'ETH'.</msg>
<status status="PASS" starttime="20211008 10:17:44.563" endtime="20211008 10:17:44.607"/>
</kw>
<kw name="Sleep" library="BuiltIn">
<arg>1s</arg>
<doc>Pauses the test executed for the given time.</doc>
<msg timestamp="20211008 10:17:45.610" level="INFO">Slept 1 second</msg>
<status status="PASS" starttime="20211008 10:17:44.608" endtime="20211008 10:17:45.610"/>
</kw>
<kw name="Click Element" library="SeleniumLibrary">
<arg>//*[@data-testid='to-toggle']</arg>
<doc>Click the element identified by ``locator``.</doc>
<msg timestamp="20211008 10:17:45.611" level="INFO">Clicking element '//*[@data-testid='to-toggle']'.</msg>
<status status="PASS" starttime="20211008 10:17:45.610" endtime="20211008 10:17:45.716"/>
</kw>
<kw name="Input Text" library="SeleniumLibrary">
<arg>id:searchInput</arg>
<arg>${ToToken}</arg>
<doc>Types the given ``text`` into the text field identified by ``locator``.</doc>
<msg timestamp="20211008 10:17:45.717" level="INFO">Typing text 'WETH' into text field 'id:searchInput'.</msg>
<status status="PASS" starttime="20211008 10:17:45.717" endtime="20211008 10:17:46.125"/>
</kw>
<kw name="Wait Until Element Contains" library="SeleniumLibrary">
<arg>//*[@data-testid='currency-container-0']</arg>
<arg>${ToToken}</arg>
<arg>10</arg>
<doc>Waits until the element ``locator`` contains ``text``.</doc>
<status status="PASS" starttime="20211008 10:17:46.125" endtime="20211008 10:17:46.151"/>
</kw>
<kw name="Click Element" library="SeleniumLibrary">
<arg>//*[@data-testid='currency-container-0']</arg>
<doc>Click the element identified by ``locator``.</doc>
<msg timestamp="20211008 10:17:46.152" level="INFO">Clicking element '//*[@data-testid='currency-container-0']'.</msg>
<status status="PASS" starttime="20211008 10:17:46.151" endtime="20211008 10:17:46.318"/>
</kw>
<kw name="Element Text Should Be" library="SeleniumLibrary">
<arg>//*[@data-testid="to-toggle"]</arg>
<arg>${ToToken}</arg>
<doc>Verifies that element ``locator`` contains exact the text ``expected``.</doc>
<msg timestamp="20211008 10:17:46.319" level="INFO">Verifying element '//*[@data-testid="to-toggle"]' contains exact text 'WETH'.</msg>
<status status="PASS" starttime="20211008 10:17:46.318" endtime="20211008 10:17:46.425"/>
</kw>
<kw name="Sleep" library="BuiltIn">
<arg>1s</arg>
<doc>Pauses the test executed for the given time.</doc>
<msg timestamp="20211008 10:17:47.426" level="INFO">Slept 1 second</msg>
<status status="PASS" starttime="20211008 10:17:46.425" endtime="20211008 10:17:47.427"/>
</kw>
<status status="PASS" starttime="20211008 10:17:43.840" endtime="20211008 10:17:47.427"/>
</kw>
<kw name="Select Token Pair Amount" library="Swap">
<arg>${FromTokenAmount}</arg>
<arg>${ToTokenAmount}</arg>
<kw name="Run Keyword If" library="BuiltIn">
<arg>"${FromTokenAmount}" != "-"</arg>
<arg>Input Text</arg>
<arg>//*[@data-testid='from-price-input']</arg>
<arg>${FromTokenAmount}</arg>
<arg>ELSE IF</arg>
<arg>"${ToTokenAmount}" != "-"</arg>
<arg>Input Text</arg>
<arg>//*[@data-testid='to-price-input']</arg>
<arg>${ToTokenAmount}</arg>
<doc>Runs the given keyword with the given arguments, if ``condition`` is true.</doc>
<kw name="Input Text" library="SeleniumLibrary">
<arg>//*[@data-testid='from-price-input']</arg>
<arg>${FromTokenAmount}</arg>
<doc>Types the given ``text`` into the text field identified by ``locator``.</doc>
<msg timestamp="20211008 10:17:47.430" level="INFO">Typing text '0.008' into text field '//*[@data-testid='from-price-input']'.</msg>
<status status="PASS" starttime="20211008 10:17:47.430" endtime="20211008 10:17:47.546"/>
</kw>
<status status="PASS" starttime="20211008 10:17:47.427" endtime="20211008 10:17:47.546"/>
</kw>
<status status="PASS" starttime="20211008 10:17:47.427" endtime="20211008 10:17:47.546"/>
</kw>
<kw name="Sleep" library="BuiltIn">
<arg>10s</arg>
<doc>Pauses the test executed for the given time.</doc>
<msg timestamp="20211008 10:17:57.548" level="INFO">Slept 10 seconds</msg>
<status status="PASS" starttime="20211008 10:17:47.547" endtime="20211008 10:17:57.548"/>
</kw>
<kw name="Set Variable If" library="BuiltIn">
<var>${Transaction}</var>
<arg>("${FromToken}" == "ETH" and "${ToToken}" == "WETH")</arg>
<arg>Wrap</arg>
<arg>("${FromToken}" == "WETH" and "${ToToken}" == "ETH")</arg>
<arg>Unwrap</arg>
<arg>Swap</arg>
<doc>Sets variable based on the given condition.</doc>
<msg timestamp="20211008 10:17:57.549" level="INFO">${Transaction} = Wrap</msg>
<status status="PASS" starttime="20211008 10:17:57.548" endtime="20211008 10:17:57.549"/>
</kw>
<kw name="Wait Until Keyword Succeeds" library="BuiltIn">
<arg>60s</arg>
<arg>3s</arg>
<arg>Swap.Confirm</arg>
<arg>${Transaction}</arg>
<doc>Runs the specified keyword and retries if it fails.</doc>
<kw name="Confirm" library="Swap">
<arg>${Transaction}</arg>
<kw name="Get Text" library="SeleniumLibrary">
<var>${Button Text}</var>
<arg>//*[@id="root"]/div/div[2]/div[1]/div[2]/div[1]/div[1]/div[2]/div[7]/div[1]</arg>
<doc>Returns the text value of the element identified by ``locator``.</doc>
<msg timestamp="20211008 10:17:57.571" level="INFO">${Button Text} = Wrap</msg>
<status status="PASS" starttime="20211008 10:17:57.550" endtime="20211008 10:17:57.571"/>
</kw>
<kw name="Run Keyword If" library="BuiltIn">
<arg>"${Button Text}" == "Approve ${Transaction}"</arg>
<arg>Metamask.Approve Transaction</arg>
<arg>Monoswap</arg>
<doc>Runs the given keyword with the given arguments, if ``condition`` is true.</doc>
<status status="PASS" starttime="20211008 10:17:57.571" endtime="20211008 10:17:57.571"/>
</kw>
<kw name="Wait Until Element Contains" library="SeleniumLibrary">
<arg>//*[@id="root"]/div/div[2]/div[1]/div[2]/div[1]/div[1]/div[2]/div[7]/div[1]</arg>
<arg>${Transaction}</arg>
<arg>20</arg>
<doc>Waits until the element ``locator`` contains ``text``.</doc>
<status status="PASS" starttime="20211008 10:17:57.571" endtime="20211008 10:17:57.582"/>
</kw>
<kw name="Click Element" library="SeleniumLibrary">
<arg>//*[@id="root"]/div/div[2]/div[1]/div[2]/div[1]/div[1]/div[2]/div[7]/div[1]</arg>
<doc>Click the element identified by ``locator``.</doc>
<msg timestamp="20211008 10:17:57.582" level="INFO">Clicking element '//*[@id="root"]/div/div[2]/div[1]/div[2]/div[1]/div[1]/div[2]/div[7]/div[1]'.</msg>
<status status="PASS" starttime="20211008 10:17:57.582" endtime="20211008 10:17:57.655"/>
</kw>
<kw name="Wait Until Element Contains" library="SeleniumLibrary">
<arg>//*[@id="root"]/div[2]/div[2]/div/div[8]/div[1]</arg>
<arg>Confirm ${Transaction}</arg>
<arg>20</arg>
<doc>Waits until the element ``locator`` contains ``text``.</doc>
<status status="PASS" starttime="20211008 10:17:57.656" endtime="20211008 10:17:57.678"/>
</kw>
<kw name="Click Element" library="SeleniumLibrary">
<arg>//*[@id="root"]/div[2]/div[2]/div/div[8]/div[1]</arg>
<doc>Click the element identified by ``locator``.</doc>
<msg timestamp="20211008 10:17:57.679" level="INFO">Clicking element '//*[@id="root"]/div[2]/div[2]/div/div[8]/div[1]'.</msg>
<status status="PASS" starttime="20211008 10:17:57.678" endtime="20211008 10:17:57.731"/>
</kw>
<status status="PASS" starttime="20211008 10:17:57.549" endtime="20211008 10:17:57.732"/>
</kw>
<status status="PASS" starttime="20211008 10:17:57.549" endtime="20211008 10:17:57.732"/>
</kw>
<kw name="Wait Until Keyword Succeeds" library="BuiltIn">
<arg>60s</arg>
<arg>3s</arg>
<arg>Metamask.Confirm Transaction</arg>
<doc>Runs the specified keyword and retries if it fails.</doc>
<kw name="Confirm Transaction" library="Metamask">
<kw name="Switch Window" library="SeleniumLibrary">
<arg>MetaMask Notification</arg>
<doc>Switches to browser window matching ``locator``.</doc>
<kw name="Capture Page Screenshot" library="SeleniumLibrary">
<doc>Takes a screenshot of the current page and embeds it into a log file.</doc>
<msg timestamp="20211008 10:17:58.136" level="INFO" html="true">&lt;/td&gt;&lt;/tr&gt;&lt;tr&gt;&lt;td colspan="3"&gt;&lt;a href="selenium-screenshot-8.png"&gt;&lt;img src="selenium-screenshot-8.png" width="800px"&gt;&lt;/a&gt;</msg>
<status status="PASS" starttime="20211008 10:17:57.760" endtime="20211008 10:17:58.136"/>
</kw>
<msg timestamp="20211008 10:17:58.137" level="FAIL">No window matching handle, name, title or URL 'MetaMask Notification' found.</msg>
<status status="FAIL" starttime="20211008 10:17:57.733" endtime="20211008 10:17:58.137"/>
</kw>
<kw name="Wait Until Element Is Enabled" library="SeleniumLibrary">
<arg>//*[@data-testid="page-container-footer-next"]</arg>
<arg>20s</arg>
<doc>Waits until the element ``locator`` is enabled.</doc>
<status status="NOT RUN" starttime="20211008 10:17:58.137" endtime="20211008 10:17:58.138"/>
</kw>
<kw name="Get Text" library="SeleniumLibrary">
<var>${gasFee}</var>
<arg>//*[@class="currency-display-component__text"]</arg>
<doc>Returns the text value of the element identified by ``locator``.</doc>
<status status="NOT RUN" starttime="20211008 10:17:58.138" endtime="20211008 10:17:58.138"/>
</kw>
<kw name="Set Test Message" library="BuiltIn">
<arg>Gas Fee: ${gasFee} ETH</arg>
<doc>Sets message for the current test case.</doc>
<status status="NOT RUN" starttime="20211008 10:17:58.138" endtime="20211008 10:17:58.138"/>
</kw>
<kw name="Click Button" library="SeleniumLibrary">
<arg>Confirm</arg>
<doc>Clicks the button identified by ``locator``.</doc>
<status status="NOT RUN" starttime="20211008 10:17:58.138" endtime="20211008 10:17:58.138"/>
</kw>
<kw name="Sleep" library="BuiltIn">
<arg>5s</arg>
<doc>Pauses the test executed for the given time.</doc>
<status status="NOT RUN" starttime="20211008 10:17:58.139" endtime="20211008 10:17:58.139"/>
</kw>
<status status="FAIL" starttime="20211008 10:17:57.733" endtime="20211008 10:17:58.140"/>
</kw>
<kw name="Confirm Transaction" library="Metamask">
<kw name="Switch Window" library="SeleniumLibrary">
<arg>MetaMask Notification</arg>
<doc>Switches to browser window matching ``locator``.</doc>
<status status="PASS" starttime="20211008 10:18:01.141" endtime="20211008 10:18:01.220"/>
</kw>
<kw name="Wait Until Element Is Enabled" library="SeleniumLibrary">
<arg>//*[@data-testid="page-container-footer-next"]</arg>
<arg>20s</arg>
<doc>Waits until the element ``locator`` is enabled.</doc>
<status status="PASS" starttime="20211008 10:18:01.220" endtime="20211008 10:18:01.247"/>
</kw>
<kw name="Get Text" library="SeleniumLibrary">
<var>${gasFee}</var>
<arg>//*[@class="currency-display-component__text"]</arg>
<doc>Returns the text value of the element identified by ``locator``.</doc>
<msg timestamp="20211008 10:18:01.268" level="INFO">${gasFee} = 0.008</msg>
<status status="PASS" starttime="20211008 10:18:01.247" endtime="20211008 10:18:01.268"/>
</kw>
<kw name="Set Test Message" library="BuiltIn">
<arg>Gas Fee: ${gasFee} ETH</arg>
<doc>Sets message for the current test case.</doc>
<msg timestamp="20211008 10:18:01.269" level="INFO">Set test message to:
Gas Fee: 0.008 ETH</msg>
<status status="PASS" starttime="20211008 10:18:01.269" endtime="20211008 10:18:01.269"/>
</kw>
<kw name="Click Button" library="SeleniumLibrary">
<arg>Confirm</arg>
<doc>Clicks the button identified by ``locator``.</doc>
<msg timestamp="20211008 10:18:01.269" level="INFO">Clicking button 'Confirm'.</msg>
<status status="PASS" starttime="20211008 10:18:01.269" endtime="20211008 10:18:01.358"/>
</kw>
<kw name="Sleep" library="BuiltIn">
<arg>5s</arg>
<doc>Pauses the test executed for the given time.</doc>
<msg timestamp="20211008 10:18:06.359" level="INFO">Slept 5 seconds</msg>
<status status="PASS" starttime="20211008 10:18:01.358" endtime="20211008 10:18:06.359"/>
</kw>
<status status="PASS" starttime="20211008 10:18:01.141" endtime="20211008 10:18:06.359"/>
</kw>
<status status="PASS" starttime="20211008 10:17:57.732" endtime="20211008 10:18:06.359"/>
</kw>
<kw name="Wait Until Keyword Succeeds" library="BuiltIn">
<arg>60s</arg>
<arg>3s</arg>
<arg>Common.Close Transaction Modal</arg>
<arg>${ToToken}</arg>
<arg>Monoswap</arg>
<doc>Runs the specified keyword and retries if it fails.</doc>
<kw name="Close Transaction Modal" library="Common">
<arg>${ToToken}</arg>
<arg>Monoswap</arg>
<kw name="Switch Window" library="SeleniumLibrary">
<arg>${Title} | MonoX</arg>
<doc>Switches to browser window matching ``locator``.</doc>
<status status="PASS" starttime="20211008 10:18:06.360" endtime="20211008 10:18:06.389"/>
</kw>
<kw name="Wait Until Page Does Not Contain" library="SeleniumLibrary">
<arg>Your Transaction Has Started</arg>
<doc>Waits until ``text`` disappears from the current page.</doc>
<status status="PASS" starttime="20211008 10:18:06.389" endtime="20211008 10:18:06.398"/>
</kw>
<kw name="Sleep" library="BuiltIn">
<arg>5s</arg>
<doc>Pauses the test executed for the given time.</doc>
<msg timestamp="20211008 10:18:11.401" level="INFO">Slept 5 seconds</msg>
<status status="PASS" starttime="20211008 10:18:06.398" endtime="20211008 10:18:11.401"/>
</kw>
<kw name="Page Should Contain" library="SeleniumLibrary">
<arg>Transaction Submitted</arg>
<doc>Verifies that current page contains ``text``.</doc>
<msg timestamp="20211008 10:18:11.415" level="INFO">Current page contains text 'Transaction Submitted'.</msg>
<status status="PASS" starttime="20211008 10:18:11.401" endtime="20211008 10:18:11.415"/>
</kw>
<kw name="Get Element Attribute" library="SeleniumLibrary">
<var>${URL}</var>
<arg>//*[@id="root"]/div[2]/div[2]/div/a</arg>
<arg>href</arg>
<doc>Returns the value of ``attribute`` from the element ``locator``.</doc>
<msg timestamp="20211008 10:18:11.433" level="INFO">${URL} = https://kovan.etherscan.io/tx/0xa75c26f75d3244219a97daec01c0f884b20370d49cdcf63bc927bf01ee746607</msg>
<status status="PASS" starttime="20211008 10:18:11.415" endtime="20211008 10:18:11.433"/>
</kw>
<kw name="Set Test Message" library="BuiltIn">
<arg>${URL}</arg>
<doc>Sets message for the current test case.</doc>
<msg timestamp="20211008 10:18:11.433" level="INFO">Set test message to:
https://kovan.etherscan.io/tx/0xa75c26f75d3244219a97daec01c0f884b20370d49cdcf63bc927bf01ee746607</msg>
<status status="PASS" starttime="20211008 10:18:11.433" endtime="20211008 10:18:11.433"/>
</kw>
<kw name="Click Element" library="SeleniumLibrary">
<arg>//*[@data-testid="close"]</arg>
<doc>Click the element identified by ``locator``.</doc>
<msg timestamp="20211008 10:18:11.433" level="INFO">Clicking element '//*[@data-testid="close"]'.</msg>
<status status="PASS" starttime="20211008 10:18:11.433" endtime="20211008 10:18:11.507"/>
</kw>
<status status="PASS" starttime="20211008 10:18:06.360" endtime="20211008 10:18:11.508"/>
</kw>
<status status="PASS" starttime="20211008 10:18:06.360" endtime="20211008 10:18:11.508"/>
</kw>
<status status="PASS" starttime="20211008 10:17:28.279" endtime="20211008 10:18:11.508"/>
</kw>
<kw name="Closing Browser" library="Common" type="TEARDOWN">
<kw name="Stop Video Recording" library="ScreenCapLibrary">
<arg>alias=None</arg>
<doc>Stops the video recording corresponding to the given ``alias`` and generates the file in WebM format. If no
``alias`` is specified, the last opened recording will be closed. If there are more recordings with the same
alias all of them will be closed. If ``embed`` argument was set to
``True`` the video will be displayed in the log file.</doc>
<msg timestamp="20211008 10:18:11.649" level="INFO" html="true">&lt;a href="TC-MONOX-9%3A%20KOVAN-SWAP%3A%20Wrap%20ETH_1.webm"&gt;&lt;video width="100px" autoplay&gt;&lt;source src="TC-MONOX-9%3A%20KOVAN-SWAP%3A%20Wrap%20ETH_1.webm" type="video/webm"&gt;&lt;/video&gt;&lt;/a&gt;</msg>
<status status="PASS" starttime="20211008 10:18:11.509" endtime="20211008 10:18:11.649"/>
</kw>
<kw name="Close Browser" library="SeleniumLibrary">
<doc>Closes the current browser.</doc>
<status status="PASS" starttime="20211008 10:18:11.649" endtime="20211008 10:18:11.870"/>
</kw>
<status status="PASS" starttime="20211008 10:18:11.508" endtime="20211008 10:18:11.870"/>
</kw>
<status status="PASS" starttime="20211008 10:17:15.132" endtime="20211008 10:18:11.871">https://kovan.etherscan.io/tx/0xa75c26f75d3244219a97daec01c0f884b20370d49cdcf63bc927bf01ee746607</status>
</test>
<test id="s1-t3" name="TC-MONOX-10: KOVAN-SWAP: Unwrap WETH">
<kw name="Connect Wallet" library="Metamask" type="SETUP">
<kw name="Create and Install Wallet" library="Metamask">
<kw name="Evaluate" library="BuiltIn">
<var>${ChromeOptions}</var>
<arg>selenium.webdriver.ChromeOptions()</arg>
<doc>Evaluates the given expression in Python and returns the result.</doc>
<msg timestamp="20211008 10:18:11.876" level="INFO">${ChromeOptions} = &lt;selenium.webdriver.chrome.options.Options object at 0x11ad86160&gt;</msg>
<status status="PASS" starttime="20211008 10:18:11.875" endtime="20211008 10:18:11.876"/>
</kw>
<kw name="Call Method" library="BuiltIn">
<arg>${ChromeOptions}</arg>
<arg>add_argument</arg>
<arg>--start-maximized</arg>
<doc>Calls the named method of the given object with the provided arguments.</doc>
<status status="PASS" starttime="20211008 10:18:11.876" endtime="20211008 10:18:11.877"/>
</kw>
<kw name="Call Method" library="BuiltIn">
<arg>${ChromeOptions}</arg>
<arg>add_extension</arg>
<arg>/Users/highceilingden/PycharmProjects/monoswap-test-automation-main/Resources/Plugins/MetaMask_v10.0.3.crx</arg>
<doc>Calls the named method of the given object with the provided arguments.</doc>
<status status="PASS" starttime="20211008 10:18:11.877" endtime="20211008 10:18:11.877"/>
</kw>
<kw name="Wait Until Keyword Succeeds" library="BuiltIn">
<arg>30s</arg>
<arg>3s</arg>
<arg>Create Webdriver</arg>
<arg>Chrome</arg>
<arg>chrome_options=${ChromeOptions}</arg>
<doc>Runs the specified keyword and retries if it fails.</doc>
<kw name="Create Webdriver" library="SeleniumLibrary">
<arg>Chrome</arg>
<arg>chrome_options=${ChromeOptions}</arg>
<doc>Creates an instance of Selenium WebDriver.</doc>
<msg timestamp="20211008 10:18:11.879" level="INFO">Creating an instance of the Chrome WebDriver.</msg>
<status status="PASS" starttime="20211008 10:18:11.878" endtime="20211008 10:18:16.961"/>
</kw>
<status status="PASS" starttime="20211008 10:18:11.877" endtime="20211008 10:18:16.961"/>
</kw>
<status status="PASS" starttime="20211008 10:18:11.874" endtime="20211008 10:18:16.961"/>
</kw>
<kw name="Import MetaMask Wallet" library="Metamask">
<kw name="Switch Window" library="SeleniumLibrary">
<arg>MetaMask</arg>
<doc>Switches to browser window matching ``locator``.</doc>
<status status="PASS" starttime="20211008 10:18:16.962" endtime="20211008 10:18:17.931"/>
</kw>
<kw name="Page Should Contain Button" library="SeleniumLibrary">
<arg>Get Started</arg>
<doc>Verifies button ``locator`` is found from current page.</doc>
<msg timestamp="20211008 10:18:17.971" level="INFO">Current page contains button 'Get Started'.</msg>
<status status="PASS" starttime="20211008 10:18:17.931" endtime="20211008 10:18:17.971"/>
</kw>
<kw name="Wait Until Keyword Succeeds" library="BuiltIn">
<arg>30s</arg>
<arg>3s</arg>
<arg>Click Button</arg>
<arg>Get Started</arg>
<doc>Runs the specified keyword and retries if it fails.</doc>
<kw name="Click Button" library="SeleniumLibrary">
<arg>Get Started</arg>
<doc>Clicks the button identified by ``locator``.</doc>
<msg timestamp="20211008 10:18:17.974" level="INFO">Clicking button 'Get Started'.</msg>
<status status="PASS" starttime="20211008 10:18:17.972" endtime="20211008 10:18:18.115"/>
</kw>
<status status="PASS" starttime="20211008 10:18:17.972" endtime="20211008 10:18:18.115"/>
</kw>
<kw name="Page Should Contain Button" library="SeleniumLibrary">
<arg>Import wallet</arg>
<doc>Verifies button ``locator`` is found from current page.</doc>
<msg timestamp="20211008 10:18:18.141" level="INFO">Current page contains button 'Import wallet'.</msg>
<status status="PASS" starttime="20211008 10:18:18.116" endtime="20211008 10:18:18.141"/>
</kw>
<kw name="Wait Until Keyword Succeeds" library="BuiltIn">
<arg>30s</arg>
<arg>3s</arg>
<arg>Click Button</arg>
<arg>Import wallet</arg>
<doc>Runs the specified keyword and retries if it fails.</doc>
<kw name="Click Button" library="SeleniumLibrary">
<arg>Import wallet</arg>
<doc>Clicks the button identified by ``locator``.</doc>
<msg timestamp="20211008 10:18:18.142" level="INFO">Clicking button 'Import wallet'.</msg>
<status status="PASS" starttime="20211008 10:18:18.142" endtime="20211008 10:18:18.270"/>
</kw>
<status status="PASS" starttime="20211008 10:18:18.141" endtime="20211008 10:18:18.270"/>
</kw>
<kw name="Page Should Contain Button" library="SeleniumLibrary">
<arg>I Agree</arg>
<doc>Verifies button ``locator`` is found from current page.</doc>
<msg timestamp="20211008 10:18:18.296" level="INFO">Current page contains button 'I Agree'.</msg>
<status status="PASS" starttime="20211008 10:18:18.271" endtime="20211008 10:18:18.296"/>
</kw>
<kw name="Wait Until Keyword Succeeds" library="BuiltIn">
<arg>30s</arg>
<arg>3s</arg>
<arg>Click Button</arg>
<arg>I Agree</arg>
[...]
<status status="PASS" starttime="20211008 10:25:37.126" endtime="20211008 10:25:37.159"/>
</kw>
<status status="PASS" starttime="20211008 10:25:37.125" endtime="20211008 10:25:37.160"/>
</kw>
<kw name="Wait Until Keyword Succeeds" library="BuiltIn">
<arg>30s</arg>
<arg>3s</arg>
<arg>Click Element</arg>
<arg>//*[@id="root"]/div[2]/div[2]/div/div[2]/div</arg>
<doc>Runs the specified keyword and retries if it fails.</doc>
<kw name="Click Element" library="SeleniumLibrary">
<arg>//*[@id="root"]/div[2]/div[2]/div/div[2]/div</arg>
<doc>Click the element identified by ``locator``.</doc>
<msg timestamp="20211008 10:25:37.162" level="INFO">Clicking element '//*[@id="root"]/div[2]/div[2]/div/div[2]/div'.</msg>
<status status="PASS" starttime="20211008 10:25:37.161" endtime="20211008 10:25:37.428"/>
</kw>
<status status="PASS" starttime="20211008 10:25:37.160" endtime="20211008 10:25:37.428"/>
</kw>
<kw name="Wait Until Keyword Succeeds" library="BuiltIn">
<arg>30s</arg>
<arg>3s</arg>
<arg>Switch Window</arg>
<arg>MetaMask Notification</arg>
<doc>Runs the specified keyword and retries if it fails.</doc>
<kw name="Switch Window" library="SeleniumLibrary">
<arg>MetaMask Notification</arg>
<doc>Switches to browser window matching ``locator``.</doc>
<status status="PASS" starttime="20211008 10:25:37.428" endtime="20211008 10:25:38.571"/>
</kw>
<status status="PASS" starttime="20211008 10:25:37.428" endtime="20211008 10:25:38.571"/>
</kw>
<kw name="Wait Until Keyword Succeeds" library="BuiltIn">
<arg>30s</arg>
<arg>3s</arg>
<arg>Click Button</arg>
<arg>Next</arg>
<doc>Runs the specified keyword and retries if it fails.</doc>
<kw name="Click Button" library="SeleniumLibrary">
<arg>Next</arg>
<doc>Clicks the button identified by ``locator``.</doc>
<msg timestamp="20211008 10:25:38.572" level="INFO">Clicking button 'Next'.</msg>
<status status="PASS" starttime="20211008 10:25:38.572" endtime="20211008 10:25:38.719"/>
</kw>
<status status="PASS" starttime="20211008 10:25:38.571" endtime="20211008 10:25:38.719"/>
</kw>
<kw name="Wait Until Keyword Succeeds" library="BuiltIn">
<arg>30s</arg>
<arg>3s</arg>
<arg>Click Element</arg>
<arg>//*[@data-testid="page-container-footer-next"]</arg>
<doc>Runs the specified keyword and retries if it fails.</doc>
<kw name="Click Element" library="SeleniumLibrary">
<arg>//*[@data-testid="page-container-footer-next"]</arg>
<doc>Click the element identified by ``locator``.</doc>
<msg timestamp="20211008 10:25:38.720" level="INFO">Clicking element '//*[@data-testid="page-container-footer-next"]'.</msg>
<status status="PASS" starttime="20211008 10:25:38.720" endtime="20211008 10:25:38.827"/>
</kw>
<status status="PASS" starttime="20211008 10:25:38.719" endtime="20211008 10:25:38.827"/>
</kw>
<kw name="Wait Until Keyword Succeeds" library="BuiltIn">
<arg>30s</arg>
<arg>3s</arg>
<arg>Switch Window</arg>
<arg>Home Page | MonoX</arg>
<doc>Runs the specified keyword and retries if it fails.</doc>
<kw name="Switch Window" library="SeleniumLibrary">
<arg>Home Page | MonoX</arg>
<doc>Switches to browser window matching ``locator``.</doc>
<status status="PASS" starttime="20211008 10:25:38.828" endtime="20211008 10:25:38.880"/>
</kw>
<status status="PASS" starttime="20211008 10:25:38.827" endtime="20211008 10:25:38.880"/>
</kw>
<status status="PASS" starttime="20211008 10:25:30.279" endtime="20211008 10:25:38.881"/>
</kw>
<kw name="Wait Until Keyword Succeeds" library="BuiltIn">
<arg>30s</arg>
<arg>3s</arg>
<arg>Header.Navigate Farm</arg>
<doc>Runs the specified keyword and retries if it fails.</doc>
<kw name="Navigate Farm" library="Header">
<kw name="Page Should Contain" library="SeleniumLibrary">
<arg>Farm</arg>
<doc>Verifies that current page contains ``text``.</doc>
<msg timestamp="20211008 10:25:38.895" level="INFO">Current page contains text 'Farm'.</msg>
<status status="PASS" starttime="20211008 10:25:38.882" endtime="20211008 10:25:38.895"/>
</kw>
<kw name="Click Element" library="SeleniumLibrary">
<arg>//*[@href="/farm?network=kovan"]</arg>
<doc>Click the element identified by ``locator``.</doc>
<msg timestamp="20211008 10:25:38.896" level="INFO">Clicking element '//*[@href="/farm?network=kovan"]'.</msg>
<status status="PASS" starttime="20211008 10:25:38.895" endtime="20211008 10:25:38.984"/>
</kw>
<kw name="Page Should Contain" library="SeleniumLibrary">
<arg>Farm</arg>
<doc>Verifies that current page contains ``text``.</doc>
<msg timestamp="20211008 10:25:39.004" level="INFO">Current page contains text 'Farm'.</msg>
<status status="PASS" starttime="20211008 10:25:38.984" endtime="20211008 10:25:39.004"/>
</kw>
<kw name="Wait Until Keyword Succeeds" library="BuiltIn">
<arg>60s</arg>
<arg>3s</arg>
<arg>Page Should Contain</arg>
<arg>Claimable MONO</arg>
<doc>Runs the specified keyword and retries if it fails.</doc>
<kw name="Page Should Contain" library="SeleniumLibrary">
<arg>Claimable MONO</arg>
<doc>Verifies that current page contains ``text``.</doc>
<kw name="Capture Page Screenshot" library="SeleniumLibrary">
<doc>Takes a screenshot of the current page and embeds it into a log file.</doc>
<msg timestamp="20211008 10:25:39.450" level="INFO" html="true">&lt;/td&gt;&lt;/tr&gt;&lt;tr&gt;&lt;td colspan="3"&gt;&lt;a href="selenium-screenshot-33.png"&gt;&lt;img src="selenium-screenshot-33.png" width="800px"&gt;&lt;/a&gt;</msg>
<status status="PASS" starttime="20211008 10:25:39.073" endtime="20211008 10:25:39.450"/>
</kw>
<msg timestamp="20211008 10:25:39.451" level="FAIL">Page should have contained text 'Claimable MONO' but did not.</msg>
<status status="FAIL" starttime="20211008 10:25:39.005" endtime="20211008 10:25:39.451"/>
</kw>
<kw name="Page Should Contain" library="SeleniumLibrary">
<arg>Claimable MONO</arg>
<doc>Verifies that current page contains ``text``.</doc>
<msg timestamp="20211008 10:25:42.462" level="INFO">Current page contains text 'Claimable MONO'.</msg>
<status status="PASS" starttime="20211008 10:25:42.452" endtime="20211008 10:25:42.462"/>
</kw>
<status status="PASS" starttime="20211008 10:25:39.004" endtime="20211008 10:25:42.462"/>
</kw>
<status status="PASS" starttime="20211008 10:25:38.882" endtime="20211008 10:25:42.462"/>
</kw>
<status status="PASS" starttime="20211008 10:25:38.881" endtime="20211008 10:25:42.462"/>
</kw>
<kw name="Sleep" library="BuiltIn">
<arg>10s</arg>
<doc>Pauses the test executed for the given time.</doc>
<msg timestamp="20211008 10:25:52.464" level="INFO">Slept 10 seconds</msg>
<status status="PASS" starttime="20211008 10:25:42.463" endtime="20211008 10:25:52.464"/>
</kw>
<kw name="Wait Until Page Contains" library="SeleniumLibrary">
<arg>${Token}</arg>
<doc>Waits until ``text`` appears on the current page.</doc>
<status status="PASS" starttime="20211008 10:25:52.465" endtime="20211008 10:25:52.477"/>
</kw>
<kw name="Get Element Count" library="SeleniumLibrary">
<var>${TokenNumber}</var>
<arg>//*[@id="root"]/div/div[2]/div[1]/div[2]/div[1]/table/tbody/tr</arg>
<doc>Returns the number of elements matching ``locator``.</doc>
<msg timestamp="20211008 10:25:52.486" level="INFO">${TokenNumber} = 1</msg>
<status status="PASS" starttime="20211008 10:25:52.477" endtime="20211008 10:25:52.486"/>
</kw>
<kw name="Should Be True" library="BuiltIn">
<arg>${TokenNumber} &gt; 0</arg>
<doc>Fails if the given condition is not true.</doc>
<status status="PASS" starttime="20211008 10:25:52.486" endtime="20211008 10:25:52.486"/>
</kw>
<kw name="Run Keyword And Return Status" library="BuiltIn">
<var>${IsApproveButtonVisible}</var>
<arg>Element Should Be Visible</arg>
<arg>//*[@data-testid="approve"]</arg>
<doc>Runs the given keyword with given arguments and returns the status as a Boolean value.</doc>
<kw name="Element Should Be Visible" library="SeleniumLibrary">
<arg>//*[@data-testid="approve"]</arg>
<doc>Verifies that the element identified by ``locator`` is visible.</doc>
<kw name="Capture Page Screenshot" library="SeleniumLibrary">
<doc>Takes a screenshot of the current page and embeds it into a log file.</doc>
<msg timestamp="20211008 10:25:52.786" level="INFO" html="true">&lt;/td&gt;&lt;/tr&gt;&lt;tr&gt;&lt;td colspan="3"&gt;&lt;a href="selenium-screenshot-34.png"&gt;&lt;img src="selenium-screenshot-34.png" width="800px"&gt;&lt;/a&gt;</msg>
<status status="PASS" starttime="20211008 10:25:52.495" endtime="20211008 10:25:52.786"/>
</kw>
<msg timestamp="20211008 10:25:52.786" level="FAIL">Element with locator '//*[@data-testid="approve"]' not found.</msg>
<status status="FAIL" starttime="20211008 10:25:52.487" endtime="20211008 10:25:52.786"/>
</kw>
<msg timestamp="20211008 10:25:52.786" level="INFO">${IsApproveButtonVisible} = False</msg>
<status status="PASS" starttime="20211008 10:25:52.486" endtime="20211008 10:25:52.786"/>
</kw>
<kw name="Run Keyword If" library="BuiltIn">
<arg>${IsApproveButtonVisible}</arg>
<arg>Click Element</arg>
<arg>//*[@data-testid="approve"]</arg>
<doc>Runs the given keyword with the given arguments, if ``condition`` is true.</doc>
<status status="PASS" starttime="20211008 10:25:52.787" endtime="20211008 10:25:52.787"/>
</kw>
<kw name="Sleep" library="BuiltIn">
<arg>15s</arg>
<doc>Pauses the test executed for the given time.</doc>
<msg timestamp="20211008 10:26:07.789" level="INFO">Slept 15 seconds</msg>
<status status="PASS" starttime="20211008 10:25:52.787" endtime="20211008 10:26:07.789"/>
</kw>
<kw name="Run Keyword If" library="BuiltIn">
<arg>${IsApproveButtonVisible}</arg>
<arg>MetaMask.Confirm Transaction</arg>
<doc>Runs the given keyword with the given arguments, if ``condition`` is true.</doc>
<status status="PASS" starttime="20211008 10:26:07.789" endtime="20211008 10:26:07.790"/>
</kw>
<kw name="Run Keyword If" library="BuiltIn">
<arg>${IsApproveButtonVisible}</arg>
<arg>Switch Window</arg>
<arg>Farms | MonoX</arg>
<doc>Runs the given keyword with the given arguments, if ``condition`` is true.</doc>
<status status="PASS" starttime="20211008 10:26:07.790" endtime="20211008 10:26:07.790"/>
</kw>
<kw name="Run Keyword And Return Status" library="BuiltIn">
<var>${IsStakeButtonVisible}</var>
<arg>Element Should Be Visible</arg>
<arg>//*[@data-testid="harvest-now"]</arg>
<doc>Runs the given keyword with given arguments and returns the status as a Boolean value.</doc>
<kw name="Element Should Be Visible" library="SeleniumLibrary">
<arg>//*[@data-testid="harvest-now"]</arg>
<doc>Verifies that the element identified by ``locator`` is visible.</doc>
<msg timestamp="20211008 10:26:07.809" level="INFO">Element '//*[@data-testid="harvest-now"]' is displayed.</msg>
<status status="PASS" starttime="20211008 10:26:07.790" endtime="20211008 10:26:07.809"/>
</kw>
<msg timestamp="20211008 10:26:07.809" level="INFO">${IsStakeButtonVisible} = True</msg>
<status status="PASS" starttime="20211008 10:26:07.790" endtime="20211008 10:26:07.809"/>
</kw>
<kw name="Should Be True" library="BuiltIn">
<arg>${IsStakeButtonVisible}</arg>
<doc>Fails if the given condition is not true.</doc>
<status status="PASS" starttime="20211008 10:26:07.809" endtime="20211008 10:26:07.809"/>
</kw>
<kw name="Run Keyword If" library="BuiltIn">
<arg>${IsStakeButtonVisible}</arg>
<arg>Click Element</arg>
<arg>//*[@data-testid="harvest-now"]</arg>
<doc>Runs the given keyword with the given arguments, if ``condition`` is true.</doc>
<kw name="Click Element" library="SeleniumLibrary">
<arg>//*[@data-testid="harvest-now"]</arg>
<doc>Click the element identified by ``locator``.</doc>
<msg timestamp="20211008 10:26:07.810" level="INFO">Clicking element '//*[@data-testid="harvest-now"]'.</msg>
<status status="PASS" starttime="20211008 10:26:07.810" endtime="20211008 10:26:07.868"/>
</kw>
<status status="PASS" starttime="20211008 10:26:07.809" endtime="20211008 10:26:07.868"/>
</kw>
<kw name="Sleep" library="BuiltIn">
<arg>15s</arg>
<doc>Pauses the test executed for the given time.</doc>
<msg timestamp="20211008 10:26:22.872" level="INFO">Slept 15 seconds</msg>
<status status="PASS" starttime="20211008 10:26:07.868" endtime="20211008 10:26:22.873"/>
</kw>
<kw name="Run Keyword If" library="BuiltIn">
<arg>${IsStakeButtonVisible}</arg>
<arg>Metamask.Confirm Transaction</arg>
<doc>Runs the given keyword with the given arguments, if ``condition`` is true.</doc>
<kw name="Confirm Transaction" library="Metamask">
<kw name="Switch Window" library="SeleniumLibrary">
<arg>MetaMask Notification</arg>
<doc>Switches to browser window matching ``locator``.</doc>
<status status="PASS" starttime="20211008 10:26:22.874" endtime="20211008 10:26:22.976"/>
</kw>
<kw name="Wait Until Element Is Enabled" library="SeleniumLibrary">
<arg>//*[@data-testid="page-container-footer-next"]</arg>
<arg>20s</arg>
<doc>Waits until the element ``locator`` is enabled.</doc>
<status status="PASS" starttime="20211008 10:26:22.976" endtime="20211008 10:26:23.000"/>
</kw>
<kw name="Get Text" library="SeleniumLibrary">
<var>${gasFee}</var>
<arg>//*[@class="currency-display-component__text"]</arg>
<doc>Returns the text value of the element identified by ``locator``.</doc>
<msg timestamp="20211008 10:26:23.020" level="INFO">${gasFee} = 0</msg>
<status status="PASS" starttime="20211008 10:26:23.000" endtime="20211008 10:26:23.020"/>
</kw>
<kw name="Set Test Message" library="BuiltIn">
<arg>Gas Fee: ${gasFee} ETH</arg>
<doc>Sets message for the current test case.</doc>
<msg timestamp="20211008 10:26:23.020" level="INFO">Set test message to:
Gas Fee: 0 ETH</msg>
<status status="PASS" starttime="20211008 10:26:23.020" endtime="20211008 10:26:23.020"/>
</kw>
<kw name="Click Button" library="SeleniumLibrary">
<arg>Confirm</arg>
<doc>Clicks the button identified by ``locator``.</doc>
<msg timestamp="20211008 10:26:23.021" level="INFO">Clicking button 'Confirm'.</msg>
<status status="PASS" starttime="20211008 10:26:23.020" endtime="20211008 10:26:23.152"/>
</kw>
<kw name="Sleep" library="BuiltIn">
<arg>5s</arg>
<doc>Pauses the test executed for the given time.</doc>
<msg timestamp="20211008 10:26:28.155" level="INFO">Slept 5 seconds</msg>
<status status="PASS" starttime="20211008 10:26:23.152" endtime="20211008 10:26:28.155"/>
</kw>
<status status="PASS" starttime="20211008 10:26:22.874" endtime="20211008 10:26:28.155"/>
</kw>
<status status="PASS" starttime="20211008 10:26:22.873" endtime="20211008 10:26:28.155"/>
</kw>
<kw name="Run Keyword If" library="BuiltIn">
<arg>${IsStakeButtonVisible}</arg>
<arg>Switch Window</arg>
<arg>Farms | MonoX</arg>
<doc>Runs the given keyword with the given arguments, if ``condition`` is true.</doc>
<kw name="Switch Window" library="SeleniumLibrary">
<arg>Farms | MonoX</arg>
<doc>Switches to browser window matching ``locator``.</doc>
<status status="PASS" starttime="20211008 10:26:28.156" endtime="20211008 10:26:28.201"/>
</kw>
<status status="PASS" starttime="20211008 10:26:28.156" endtime="20211008 10:26:28.201"/>
</kw>
<status status="PASS" starttime="20211008 10:25:30.278" endtime="20211008 10:26:28.201"/>
</kw>
<kw name="Closing Browser" library="Common" type="TEARDOWN">
<kw name="Stop Video Recording" library="ScreenCapLibrary">
<arg>alias=None</arg>
<doc>Stops the video recording corresponding to the given ``alias`` and generates the file in WebM format. If no
``alias`` is specified, the last opened recording will be closed. If there are more recordings with the same
alias all of them will be closed. If ``embed`` argument was set to
``True`` the video will be displayed in the log file.</doc>
<msg timestamp="20211008 10:26:28.293" level="INFO" html="true">&lt;a href="KOVAN-HARVEST-WETH_1.webm"&gt;&lt;video width="100px" autoplay&gt;&lt;source src="KOVAN-HARVEST-WETH_1.webm" type="video/webm"&gt;&lt;/video&gt;&lt;/a&gt;</msg>
<status status="PASS" starttime="20211008 10:26:28.202" endtime="20211008 10:26:28.293"/>
</kw>
<kw name="Close Browser" library="SeleniumLibrary">
<doc>Closes the current browser.</doc>
<status status="PASS" starttime="20211008 10:26:28.293" endtime="20211008 10:26:28.539"/>
</kw>
<status status="PASS" starttime="20211008 10:26:28.202" endtime="20211008 10:26:28.540"/>
</kw>
<status status="PASS" starttime="20211008 10:25:18.016" endtime="20211008 10:26:28.540">Gas Fee: 0 ETH</status>
</test>
<status status="FAIL" starttime="20211008 10:16:39.699" endtime="20211008 10:26:28.541"/>
</suite>
<statistics>
<total>
<stat pass="9" fail="1" skip="0">All Tests</stat>
</total>
<tag>
</tag>
<suite>
<stat pass="9" fail="1" skip="0" id="s1" name="SmokeTest">SmokeTest</stat>
</suite>
</statistics>
<errors>
<msg timestamp="20211008 10:16:40.461" level="ERROR">Error in file '/Users/highceilingden/PycharmProjects/monoswap-test-automation-main/Resources/Common.robot' on line 3: Importing library 'DebugLibrary' failed: ModuleNotFoundError: No module named 'DebugLibrary'
Traceback (most recent call last):
  None
PYTHONPATH:
  /Users/highceilingden/PycharmProjects/pythonProject1/venv/bin
  /usr/local/Cellar/python@3.9/3.9.7/Frameworks/Python.framework/Versions/3.9/lib/python39.zip
  /usr/local/Cellar/python@3.9/3.9.7/Frameworks/Python.framework/Versions/3.9/lib/python3.9
  /usr/local/Cellar/python@3.9/3.9.7/Frameworks/Python.framework/Versions/3.9/lib/python3.9/lib-dynload
  /Users/highceilingden/PycharmProjects/pythonProject1/venv/lib/python3.9/site-packages</msg>
<msg timestamp="20211008 10:16:40.466" level="ERROR">Error in file '/Users/highceilingden/PycharmProjects/monoswap-test-automation-main/Resources/Metamask.robot' on line 2: Importing library 'DebugLibrary' failed: ModuleNotFoundError: No module named 'DebugLibrary'
Traceback (most recent call last):
  None
PYTHONPATH:
  /Users/highceilingden/PycharmProjects/pythonProject1/venv/bin
  /usr/local/Cellar/python@3.9/3.9.7/Frameworks/Python.framework/Versions/3.9/lib/python39.zip
  /usr/local/Cellar/python@3.9/3.9.7/Frameworks/Python.framework/Versions/3.9/lib/python3.9
  /usr/local/Cellar/python@3.9/3.9.7/Frameworks/Python.framework/Versions/3.9/lib/python3.9/lib-dynload
  /Users/highceilingden/PycharmProjects/pythonProject1/venv/lib/python3.9/site-packages</msg>
<msg timestamp="20211008 10:16:40.483" level="ERROR">Error in file '/Users/highceilingden/PycharmProjects/monoswap-test-automation-main/Resources/PageObjects/Swap.robot' on line 4: Importing library 'DebugLibrary' failed: ModuleNotFoundError: No module named 'DebugLibrary'
Traceback (most recent call last):
  None
PYTHONPATH:
  /Users/highceilingden/PycharmProjects/pythonProject1/venv/bin
  /usr/local/Cellar/python@3.9/3.9.7/Frameworks/Python.framework/Versions/3.9/lib/python39.zip
  /usr/local/Cellar/python@3.9/3.9.7/Frameworks/Python.framework/Versions/3.9/lib/python3.9
  /usr/local/Cellar/python@3.9/3.9.7/Frameworks/Python.framework/Versions/3.9/lib/python3.9/lib-dynload
  /Users/highceilingden/PycharmProjects/pythonProject1/venv/lib/python3.9/site-packages</msg>
<msg timestamp="20211008 10:16:40.496" level="WARN">Imported resource file '/Users/highceilingden/PycharmProjects/monoswap-test-automation-main/Resources/PageObjects/Home.robot' is empty.</msg>
<msg timestamp="20211008 10:16:40.504" level="ERROR">Error in file '/Users/highceilingden/PycharmProjects/monoswap-test-automation-main/Resources/PageObjects/Farm.robot' on line 4: Importing library 'DebugLibrary' failed: ModuleNotFoundError: No module named 'DebugLibrary'
Traceback (most recent call last):
  None
PYTHONPATH:
  /Users/highceilingden/PycharmProjects/pythonProject1/venv/bin
  /usr/local/Cellar/python@3.9/3.9.7/Frameworks/Python.framework/Versions/3.9/lib/python39.zip
  /usr/local/Cellar/python@3.9/3.9.7/Frameworks/Python.framework/Versions/3.9/lib/python3.9
  /usr/local/Cellar/python@3.9/3.9.7/Frameworks/Python.framework/Versions/3.9/lib/python3.9/lib-dynload
  /Users/highceilingden/PycharmProjects/pythonProject1/venv/lib/python3.9/site-packages</msg>
<msg timestamp="20211008 10:16:40.505" level="WARN">Imported resource file '/Users/highceilingden/PycharmProjects/monoswap-test-automation-main/Resources/PageObjects/Future.robot' is empty.</msg>
</errors>
</robot>
