<?xml version="1.0" encoding="UTF-8"?>
<robot generator="Robot 4.1 (Python 3.9.0 on darwin)" generated="20210930 14:53:20.898" rpa="false" schemaversion="2">
<suite id="s1" name="SmokeTest" source="/Users/metoinside/Documents/qntism/monoswap-test-automation/SmokeTest.robot">
<test id="s1-t1" name="TC-MONOX-8: KOVAN-SWAP: No Pool">
<kw name="Connect Wallet" library="Metamask" type="SETUP">
<kw name="Create and Install Wallet" library="Metamask">
<kw name="Evaluate" library="BuiltIn">
<var>${ChromeOptions}</var>
<arg>selenium.webdriver.ChromeOptions()</arg>
<doc>Evaluates the given expression in Python and returns the result.</doc>
<msg timestamp="20210930 14:53:21.564" level="INFO">${ChromeOptions} = &lt;selenium.webdriver.chrome.options.Options object at 0x13b232b80&gt;</msg>
<status status="PASS" starttime="20210930 14:53:21.564" endtime="20210930 14:53:21.564"/>
</kw>
<kw name="Call Method" library="BuiltIn">
<arg>${ChromeOptions}</arg>
<arg>add_argument</arg>
<arg>--start-maximized</arg>
<doc>Calls the named method of the given object with the provided arguments.</doc>
<status status="PASS" starttime="20210930 14:53:21.564" endtime="20210930 14:53:21.565"/>
</kw>
<kw name="Call Method" library="BuiltIn">
<arg>${ChromeOptions}</arg>
<arg>add_extension</arg>
<arg>/Users/metoinside/Documents/qntism/monoswap-test-automation/Resources/Plugins/MetaMask_v10.0.3.crx</arg>
<doc>Calls the named method of the given object with the provided arguments.</doc>
<status status="PASS" starttime="20210930 14:53:21.565" endtime="20210930 14:53:21.565"/>
</kw>
<kw name="Wait Until Keyword Succeeds" library="BuiltIn">
<arg>30s</arg>
<arg>3s</arg>
<arg>Create Webdriver</arg>
<arg>Chrome</arg>
<arg>chrome_options=${ChromeOptions}</arg>
<doc>Runs the specified keyword and retries if it fails.</doc>
<kw name="Create Webdriver" library="SeleniumLibrary">
<arg>Chrome</arg>
<arg>chrome_options=${ChromeOptions}</arg>
<doc>Creates an instance of Selenium WebDriver.</doc>
<msg timestamp="20210930 14:53:21.565" level="INFO">Creating an instance of the Chrome WebDriver.</msg>
<status status="PASS" starttime="20210930 14:53:21.565" endtime="20210930 14:53:34.440"/>
</kw>
<status status="PASS" starttime="20210930 14:53:21.565" endtime="20210930 14:53:34.440"/>
</kw>
<status status="PASS" starttime="20210930 14:53:21.564" endtime="20210930 14:53:34.441"/>
</kw>
<kw name="Import MetaMask Wallet" library="Metamask">
<kw name="Switch Window" library="SeleniumLibrary">
<arg>MetaMask</arg>
<doc>Switches to browser window matching ``locator``.</doc>
<status status="PASS" starttime="20210930 14:53:34.441" endtime="20210930 14:53:43.630"/>
</kw>
<kw name="Page Should Contain Button" library="SeleniumLibrary">
<arg>Get Started</arg>
<doc>Verifies button ``locator`` is found from current page.</doc>
<msg timestamp="20210930 14:53:43.945" level="INFO">Current page contains button 'Get Started'.</msg>
<status status="PASS" starttime="20210930 14:53:43.630" endtime="20210930 14:53:43.945"/>
</kw>
<kw name="Wait Until Keyword Succeeds" library="BuiltIn">
<arg>30s</arg>
<arg>3s</arg>
<arg>Click Button</arg>
<arg>Get Started</arg>
<doc>Runs the specified keyword and retries if it fails.</doc>
<kw name="Click Button" library="SeleniumLibrary">
<arg>Get Started</arg>
<doc>Clicks the button identified by ``locator``.</doc>
<msg timestamp="20210930 14:53:43.946" level="INFO">Clicking button 'Get Started'.</msg>
<status status="PASS" starttime="20210930 14:53:43.946" endtime="20210930 14:53:45.716"/>
</kw>
<status status="PASS" starttime="20210930 14:53:43.945" endtime="20210930 14:53:45.716"/>
</kw>
<kw name="Page Should Contain Button" library="SeleniumLibrary">
<arg>Import wallet</arg>
<doc>Verifies button ``locator`` is found from current page.</doc>
<msg timestamp="20210930 14:53:45.853" level="INFO">Current page contains button 'Import wallet'.</msg>
<status status="PASS" starttime="20210930 14:53:45.716" endtime="20210930 14:53:45.853"/>
</kw>
<kw name="Wait Until Keyword Succeeds" library="BuiltIn">
<arg>30s</arg>
<arg>3s</arg>
<arg>Click Button</arg>
<arg>Import wallet</arg>
<doc>Runs the specified keyword and retries if it fails.</doc>
<kw name="Click Button" library="SeleniumLibrary">
<arg>Import wallet</arg>
<doc>Clicks the button identified by ``locator``.</doc>
<msg timestamp="20210930 14:53:45.854" level="INFO">Clicking button 'Import wallet'.</msg>
<status status="PASS" starttime="20210930 14:53:45.853" endtime="20210930 14:53:46.394"/>
</kw>
<status status="PASS" starttime="20210930 14:53:45.853" endtime="20210930 14:53:46.394"/>
</kw>
<kw name="Page Should Contain Button" library="SeleniumLibrary">
<arg>I Agree</arg>
<doc>Verifies button ``locator`` is found from current page.</doc>
<msg timestamp="20210930 14:53:46.548" level="INFO">Current page contains button 'I Agree'.</msg>
<status status="PASS" starttime="20210930 14:53:46.395" endtime="20210930 14:53:46.548"/>
</kw>
<kw name="Wait Until Keyword Succeeds" library="BuiltIn">
<arg>30s</arg>
<arg>3s</arg>
<arg>Click Button</arg>
<arg>I Agree</arg>
<doc>Runs the specified keyword and retries if it fails.</doc>
<kw name="Click Button" library="SeleniumLibrary">
<arg>I Agree</arg>
<doc>Clicks the button identified by ``locator``.</doc>
<msg timestamp="20210930 14:53:46.548" level="INFO">Clicking button 'I Agree'.</msg>
<status status="PASS" starttime="20210930 14:53:46.548" endtime="20210930 14:53:47.117"/>
</kw>
<status status="PASS" starttime="20210930 14:53:46.548" endtime="20210930 14:53:47.117"/>
</kw>
<kw name="Wait Until Keyword Succeeds" library="BuiltIn">
<arg>30s</arg>
<arg>3s</arg>
<arg>Input Text</arg>
<arg>//*[@placeholder="Paste Secret Recovery Phrase from clipboard"]</arg>
<arg>month foam ostrich boil negative border absorb swap metal tooth wise coconut</arg>
<doc>Runs the specified keyword and retries if it fails.</doc>
<kw name="Input Text" library="SeleniumLibrary">
<arg>//*[@placeholder="Paste Secret Recovery Phrase from clipboard"]</arg>
<arg>month foam ostrich boil negative border absorb swap metal tooth wise coconut</arg>
<doc>Types the given ``text`` into the text field identified by ``locator``.</doc>
<msg timestamp="20210930 14:53:47.118" level="INFO">Typing text 'month foam ostrich boil negative border absorb swap metal tooth wise coconut' into text field '//*[@placeholder="Paste Secret Recovery Phrase from clipboard"]'.</msg>
<kw name="Capture Page Screenshot" library="SeleniumLibrary">
<doc>Takes a screenshot of the current page and embeds it into a log file.</doc>
<msg timestamp="20210930 14:53:52.822" level="INFO" html="true">&lt;/td&gt;&lt;/tr&gt;&lt;tr&gt;&lt;td colspan="3"&gt;&lt;a href="selenium-screenshot-1.png"&gt;&lt;img src="selenium-screenshot-1.png" width="800px"&gt;&lt;/a&gt;</msg>
<status status="PASS" starttime="20210930 14:53:48.098" endtime="20210930 14:53:52.822"/>
</kw>
<msg timestamp="20210930 14:53:52.825" level="FAIL">Element with locator '//*[@placeholder="Paste Secret Recovery Phrase from clipboard"]' not found.</msg>
<status status="FAIL" starttime="20210930 14:53:47.118" endtime="20210930 14:53:52.825"/>
</kw>
<kw name="Input Text" library="SeleniumLibrary">
<arg>//*[@placeholder="Paste Secret Recovery Phrase from clipboard"]</arg>
<arg>month foam ostrich boil negative border absorb swap metal tooth wise coconut</arg>
<doc>Types the given ``text`` into the text field identified by ``locator``.</doc>
<msg timestamp="20210930 14:53:55.830" level="INFO">Typing text 'month foam ostrich boil negative border absorb swap metal tooth wise coconut' into text field '//*[@placeholder="Paste Secret Recovery Phrase from clipboard"]'.</msg>
<status status="PASS" starttime="20210930 14:53:55.828" endtime="20210930 14:54:00.264"/>
</kw>
<status status="PASS" starttime="20210930 14:53:47.117" endtime="20210930 14:54:00.264"/>
</kw>
<kw name="Wait Until Keyword Succeeds" library="BuiltIn">
<arg>30s</arg>
<arg>3s</arg>
<arg>Input Text</arg>
<arg>//*[@id="password"]</arg>
<arg>Asdf1234</arg>
<doc>Runs the specified keyword and retries if it fails.</doc>
<kw name="Input Text" library="SeleniumLibrary">
<arg>//*[@id="password"]</arg>
<arg>Asdf1234</arg>
<doc>Types the given ``text`` into the text field identified by ``locator``.</doc>
<msg timestamp="20210930 14:54:00.265" level="INFO">Typing text 'Asdf1234' into text field '//*[@id="password"]'.</msg>
<status status="PASS" starttime="20210930 14:54:00.264" endtime="20210930 14:54:01.188"/>
</kw>
<status status="PASS" starttime="20210930 14:54:00.264" endtime="20210930 14:54:01.188"/>
</kw>
<kw name="Wait Until Keyword Succeeds" library="BuiltIn">
<arg>30s</arg>
<arg>3s</arg>
<arg>Input Text</arg>
<arg>//*[@id="confirm-password"]</arg>
<arg>Asdf1234</arg>
<doc>Runs the specified keyword and retries if it fails.</doc>
<kw name="Input Text" library="SeleniumLibrary">
<arg>//*[@id="confirm-password"]</arg>
<arg>Asdf1234</arg>
<doc>Types the given ``text`` into the text field identified by ``locator``.</doc>
<msg timestamp="20210930 14:54:01.189" level="INFO">Typing text 'Asdf1234' into text field '//*[@id="confirm-password"]'.</msg>
<status status="PASS" starttime="20210930 14:54:01.188" endtime="20210930 14:54:01.489"/>
</kw>
<status status="PASS" starttime="20210930 14:54:01.188" endtime="20210930 14:54:01.489"/>
</kw>
<kw name="Click Element" library="SeleniumLibrary">
<arg>//*[@id="app-content"]/div/div[3]/div/div/form/div[7]/div</arg>
<doc>Click the element identified by ``locator``.</doc>
<msg timestamp="20210930 14:54:01.489" level="INFO">Clicking element '//*[@id="app-content"]/div/div[3]/div/div/form/div[7]/div'.</msg>
<status status="PASS" starttime="20210930 14:54:01.489" endtime="20210930 14:54:02.642"/>
</kw>
<kw name="Wait Until Keyword Succeeds" library="BuiltIn">
<arg>30s</arg>
<arg>3s</arg>
<arg>Click Button</arg>
<arg>Import</arg>
<doc>Runs the specified keyword and retries if it fails.</doc>
<kw name="Click Button" library="SeleniumLibrary">
<arg>Import</arg>
<doc>Clicks the button identified by ``locator``.</doc>
<msg timestamp="20210930 14:54:02.643" level="INFO">Clicking button 'Import'.</msg>
<status status="PASS" starttime="20210930 14:54:02.643" endtime="20210930 14:54:06.906"/>
</kw>
<status status="PASS" starttime="20210930 14:54:02.642" endtime="20210930 14:54:06.906"/>
</kw>
<kw name="Wait Until Page Does Not Contain" library="SeleniumLibrary">
<arg>I Agree</arg>
<doc>Waits until ``text`` disappears from the current page.</doc>
<status status="PASS" starttime="20210930 14:54:06.907" endtime="20210930 14:54:07.086"/>
</kw>
<kw name="Wait Until Page Contains" library="SeleniumLibrary">
<arg>All Done</arg>
<arg>10s</arg>
<doc>Waits until ``text`` appears on the current page.</doc>
<status status="PASS" starttime="20210930 14:54:07.086" endtime="20210930 14:54:14.617"/>
</kw>
<kw name="Wait Until Keyword Succeeds" library="BuiltIn">
<arg>30s</arg>
<arg>3s</arg>
<arg>Click Button</arg>
<arg>All Done</arg>
<doc>Runs the specified keyword and retries if it fails.</doc>
<kw name="Click Button" library="SeleniumLibrary">
<arg>All Done</arg>
<doc>Clicks the button identified by ``locator``.</doc>
<msg timestamp="20210930 14:54:14.618" level="INFO">Clicking button 'All Done'.</msg>
<status status="PASS" starttime="20210930 14:54:14.618" endtime="20210930 14:54:15.114"/>
</kw>
<status status="PASS" starttime="20210930 14:54:14.617" endtime="20210930 14:54:15.114"/>
</kw>
<kw name="Page Should Contain Button" library="SeleniumLibrary">
<arg>//*[@data-testid="popover-close"]</arg>
<doc>Verifies button ``locator`` is found from current page.</doc>
<msg timestamp="20210930 14:54:20.486" level="INFO">Current page contains button '//*[@data-testid="popover-close"]'.</msg>
<status status="PASS" starttime="20210930 14:54:15.114" endtime="20210930 14:54:20.486"/>
</kw>
<kw name="Wait Until Keyword Succeeds" library="BuiltIn">
<arg>30s</arg>
<arg>3s</arg>
<arg>Click Button</arg>
<arg>//*[@data-testid="popover-close"]</arg>
<doc>Runs the specified keyword and retries if it fails.</doc>
<kw name="Click Button" library="SeleniumLibrary">
<arg>//*[@data-testid="popover-close"]</arg>
<doc>Clicks the button identified by ``locator``.</doc>
<msg timestamp="20210930 14:54:20.487" level="INFO">Clicking button '//*[@data-testid="popover-close"]'.</msg>
<status status="PASS" starttime="20210930 14:54:20.487" endtime="20210930 14:54:20.739"/>
</kw>
<status status="PASS" starttime="20210930 14:54:20.487" endtime="20210930 14:54:20.739"/>
</kw>
<kw name="Wait Until Keyword Succeeds" library="BuiltIn">
<arg>30s</arg>
<arg>3s</arg>
<arg>Click Element</arg>
<arg>//*[@id="app-content"]/div/div[1]/div/div[2]/div[1]/div</arg>
<doc>Runs the specified keyword and retries if it fails.</doc>
<kw name="Click Element" library="SeleniumLibrary">
<arg>//*[@id="app-content"]/div/div[1]/div/div[2]/div[1]/div</arg>
<doc>Click the element identified by ``locator``.</doc>
<msg timestamp="20210930 14:54:20.740" level="INFO">Clicking element '//*[@id="app-content"]/div/div[1]/div/div[2]/div[1]/div'.</msg>
<status status="PASS" starttime="20210930 14:54:20.740" endtime="20210930 14:54:21.267"/>
</kw>
<status status="PASS" starttime="20210930 14:54:20.739" endtime="20210930 14:54:21.267"/>
</kw>
<kw name="Get Text" library="SeleniumLibrary">
<var>${NetworkName}</var>
<arg>//*[@id="app-content"]/div/div[3]/div/li[3]</arg>
<doc>Returns the text value of the element identified by ``locator``.</doc>
<msg timestamp="20210930 14:54:21.573" level="INFO">${NetworkName} = Kovan Test Network</msg>
<status status="PASS" starttime="20210930 14:54:21.267" endtime="20210930 14:54:21.574"/>
</kw>
<kw name="Wait Until Keyword Succeeds" library="BuiltIn">
<arg>30s</arg>
<arg>3s</arg>
<arg>Click Element</arg>
<arg>//*[@id="app-content"]/div/div[3]/div/li[3]</arg>
<doc>Runs the specified keyword and retries if it fails.</doc>
<kw name="Click Element" library="SeleniumLibrary">
<arg>//*[@id="app-content"]/div/div[3]/div/li[3]</arg>
<doc>Click the element identified by ``locator``.</doc>
<msg timestamp="20210930 14:54:21.574" level="INFO">Clicking element '//*[@id="app-content"]/div/div[3]/div/li[3]'.</msg>
<status status="PASS" starttime="20210930 14:54:21.574" endtime="20210930 14:54:21.917"/>
</kw>
<status status="PASS" starttime="20210930 14:54:21.574" endtime="20210930 14:54:21.917"/>
</kw>
<kw name="Get Window Handles" library="SeleniumLibrary">
<var>${windowhandles}</var>
<doc>Returns all child window handles of the selected browser as a list.</doc>
<msg timestamp="20210930 14:54:21.924" level="INFO">${windowhandles} = ['CDwindow-5F13A30C2A34CF010789AF9BDAD26FB9', 'CDwindow-8AFFF015781B4999DD2164D7457BB4DF']</msg>
<status status="PASS" starttime="20210930 14:54:21.917" endtime="20210930 14:54:21.924"/>
</kw>
<kw name="Switch Window" library="SeleniumLibrary">
<arg>${windowhandles}[1]</arg>
<doc>Switches to browser window matching ``locator``.</doc>
<status status="PASS" starttime="20210930 14:54:21.924" endtime="20210930 14:54:22.038"/>
</kw>
<kw name="Close Window" library="SeleniumLibrary">
<doc>Closes currently opened and selected browser window/tab.</doc>
<status status="PASS" starttime="20210930 14:54:22.038" endtime="20210930 14:54:22.251"/>
</kw>
<kw name="Switch Window" library="SeleniumLibrary">
<arg>${windowhandles}[0]</arg>
<doc>Switches to browser window matching ``locator``.</doc>
<status status="PASS" starttime="20210930 14:54:22.251" endtime="20210930 14:54:22.263"/>
</kw>
<status status="PASS" starttime="20210930 14:53:34.441" endtime="20210930 14:54:22.264"/>
</kw>
<status status="PASS" starttime="20210930 14:53:21.564" endtime="20210930 14:54:22.264"/>
</kw>
<kw name="Pool Not Created Message" library="Swap">
<arg>0xb9f7fb85aaa64bae9b0403706e38a607f0e6edf3</arg>
<kw name="Complete Integration" library="Common">
<kw name="Start Video Recording" library="ScreenCapLibrary">
<arg>alias=None</arg>
<arg>name=${TEST NAME}</arg>
<arg>fps=None</arg>
<arg>size_percentage=1</arg>
<arg>embed=True</arg>
<arg>embed_width=100px</arg>
<arg>monitor=1</arg>
<doc>Starts the recording of a video in the background with the specified ``name``.
The recording can be stopped by calling the `Stop Video Recording` keyword.</doc>
<msg timestamp="20210930 14:54:24.532" level="INFO">Automatically setting a fps of 5.0</msg>
<status status="PASS" starttime="20210930 14:54:22.268" endtime="20210930 14:54:24.533"/>
</kw>
<kw name="Wait Until Keyword Succeeds" library="BuiltIn">
<arg>30s</arg>
<arg>3s</arg>
<arg>Go to</arg>
<arg>https://dev.monox.finance</arg>
<doc>Runs the specified keyword and retries if it fails.</doc>
<kw name="Go To" library="SeleniumLibrary">
<arg>https://dev.monox.finance</arg>
<doc>Navigates the current browser window to the provided ``url``.</doc>
<msg timestamp="20210930 14:54:24.534" level="INFO">Opening url 'https://dev.monox.finance'</msg>
<status status="PASS" starttime="20210930 14:54:24.534" endtime="20210930 14:54:45.764"/>
</kw>
<status status="PASS" starttime="20210930 14:54:24.533" endtime="20210930 14:54:45.764"/>
</kw>
<kw name="Maximize Browser Window" library="SeleniumLibrary">
<doc>Maximizes current browser window.</doc>
<status status="PASS" starttime="20210930 14:54:45.764" endtime="20210930 14:54:46.313"/>
</kw>
<kw name="Wait Until Keyword Succeeds" library="BuiltIn">
<arg>30s</arg>
<arg>3s</arg>
<arg>Page Should Contain Button</arg>
<arg>Connect Wallet</arg>
<doc>Runs the specified keyword and retries if it fails.</doc>
<kw name="Page Should Contain Button" library="SeleniumLibrary">
<arg>Connect Wallet</arg>
<doc>Verifies button ``locator`` is found from current page.</doc>
<msg timestamp="20210930 14:54:49.731" level="INFO">Current page contains button 'Connect Wallet'.</msg>
<status status="PASS" starttime="20210930 14:54:46.314" endtime="20210930 14:54:49.731"/>
</kw>
<status status="PASS" starttime="20210930 14:54:46.313" endtime="20210930 14:54:49.731"/>
</kw>
<kw name="Wait Until Keyword Succeeds" library="BuiltIn">
<arg>30s</arg>
<arg>3s</arg>
<arg>Click Button</arg>
<arg>Connect Wallet</arg>
<doc>Runs the specified keyword and retries if it fails.</doc>
<kw name="Click Button" library="SeleniumLibrary">
<arg>Connect Wallet</arg>
<doc>Clicks the button identified by ``locator``.</doc>
<msg timestamp="20210930 14:54:49.732" level="INFO">Clicking button 'Connect Wallet'.</msg>
<status status="PASS" starttime="20210930 14:54:49.731" endtime="20210930 14:54:54.502"/>
</kw>
<status status="PASS" starttime="20210930 14:54:49.731" endtime="20210930 14:54:54.502"/>
</kw>
<kw name="Wait Until Keyword Succeeds" library="BuiltIn">
<arg>30s</arg>
<arg>3s</arg>
<arg>Page Should Contain</arg>
<arg>Connect MetaMask Wallet</arg>
<doc>Runs the specified keyword and retries if it fails.</doc>
<kw name="Page Should Contain" library="SeleniumLibrary">
<arg>Connect MetaMask Wallet</arg>
<doc>Verifies that current page contains ``text``.</doc>
<msg timestamp="20210930 14:54:54.537" level="INFO">Current page contains text 'Connect MetaMask Wallet'.</msg>
<status status="PASS" starttime="20210930 14:54:54.503" endtime="20210930 14:54:54.537"/>
</kw>
<status status="PASS" starttime="20210930 14:54:54.502" endtime="20210930 14:54:54.537"/>
</kw>
<kw name="Wait Until Keyword Succeeds" library="BuiltIn">
<arg>30s</arg>
<arg>3s</arg>
<arg>Click Element</arg>
<arg>//*[@id="root"]/div[2]/div[2]/div/div[2]/div</arg>
<doc>Runs the specified keyword and retries if it fails.</doc>
<kw name="Click Element" library="SeleniumLibrary">
<arg>//*[@id="root"]/div[2]/div[2]/div/div[2]/div</arg>
<doc>Click the element identified by ``locator``.</doc>
<msg timestamp="20210930 14:54:54.538" level="INFO">Clicking element '//*[@id="root"]/div[2]/div[2]/div/div[2]/div'.</msg>
<status status="PASS" starttime="20210930 14:54:54.538" endtime="20210930 14:54:56.069"/>
</kw>
<status status="PASS" starttime="20210930 14:54:54.537" endtime="20210930 14:54:56.069"/>
</kw>
<kw name="Wait Until Keyword Succeeds" library="BuiltIn">
<arg>30s</arg>
<arg>3s</arg>
<arg>Switch Window</arg>
<arg>MetaMask Notification</arg>
<doc>Runs the specified keyword and retries if it fails.</doc>
<kw name="Switch Window" library="SeleniumLibrary">
<arg>MetaMask Notification</arg>
<doc>Switches to browser window matching ``locator``.</doc>
<kw name="Capture Page Screenshot" library="SeleniumLibrary">
<doc>Takes a screenshot of the current page and embeds it into a log file.</doc>
<msg timestamp="20210930 14:54:58.847" level="INFO" html="true">&lt;/td&gt;&lt;/tr&gt;&lt;tr&gt;&lt;td colspan="3"&gt;&lt;a href="selenium-screenshot-2.png"&gt;&lt;img src="selenium-screenshot-2.png" width="800px"&gt;&lt;/a&gt;</msg>
<status status="PASS" starttime="20210930 14:54:56.110" endtime="20210930 14:54:58.847"/>
</kw>
<msg timestamp="20210930 14:54:58.849" level="FAIL">No window matching handle, name, title or URL 'MetaMask Notification' found.</msg>
<status status="FAIL" starttime="20210930 14:54:56.070" endtime="20210930 14:54:58.849"/>
</kw>
<kw name="Switch Window" library="SeleniumLibrary">
<arg>MetaMask Notification</arg>
<doc>Switches to browser window matching ``locator``.</doc>
<status status="PASS" starttime="20210930 14:55:01.851" endtime="20210930 14:55:06.139"/>
</kw>
<status status="PASS" starttime="20210930 14:54:56.069" endtime="20210930 14:55:06.140"/>
</kw>
<kw name="Wait Until Keyword Succeeds" library="BuiltIn">
<arg>30s</arg>
<arg>3s</arg>
<arg>Click Button</arg>
<arg>Next</arg>
<doc>Runs the specified keyword and retries if it fails.</doc>
<kw name="Click Button" library="SeleniumLibrary">
<arg>Next</arg>
<doc>Clicks the button identified by ``locator``.</doc>
<msg timestamp="20210930 14:55:06.140" level="INFO">Clicking button 'Next'.</msg>
<status status="PASS" starttime="20210930 14:55:06.140" endtime="20210930 14:55:06.414"/>
</kw>
<status status="PASS" starttime="20210930 14:55:06.140" endtime="20210930 14:55:06.414"/>
</kw>
<kw name="Wait Until Keyword Succeeds" library="BuiltIn">
<arg>30s</arg>
<arg>3s</arg>
<arg>Click Element</arg>
<arg>//*[@data-testid="page-container-footer-next"]</arg>
<doc>Runs the specified keyword and retries if it fails.</doc>
<kw name="Click Element" library="SeleniumLibrary">
<arg>//*[@data-testid="page-container-footer-next"]</arg>
<doc>Click the element identified by ``locator``.</doc>
<msg timestamp="20210930 14:55:06.417" level="INFO">Clicking element '//*[@data-testid="page-container-footer-next"]'.</msg>
<status status="PASS" starttime="20210930 14:55:06.417" endtime="20210930 14:55:06.701"/>
</kw>
<status status="PASS" starttime="20210930 14:55:06.415" endtime="20210930 14:55:06.701"/>
</kw>
<kw name="Wait Until Keyword Succeeds" library="BuiltIn">
<arg>30s</arg>
<arg>3s</arg>
<arg>Switch Window</arg>
<arg>Home Page | MonoX</arg>
<doc>Runs the specified keyword and retries if it fails.</doc>
<kw name="Switch Window" library="SeleniumLibrary">
<arg>Home Page | MonoX</arg>
<doc>Switches to browser window matching ``locator``.</doc>
<status status="PASS" starttime="20210930 14:55:06.702" endtime="20210930 14:55:07.078"/>
</kw>
<status status="PASS" starttime="20210930 14:55:06.701" endtime="20210930 14:55:07.079"/>
</kw>
<status status="PASS" starttime="20210930 14:54:22.264" endtime="20210930 14:55:07.079"/>
</kw>
<kw name="Wait Until Keyword Succeeds" library="BuiltIn">
<arg>30s</arg>
<arg>3s</arg>
<arg>Header.Navigate Swap</arg>
<doc>Runs the specified keyword and retries if it fails.</doc>
<kw name="Navigate Swap" library="Header">
<kw name="Page Should Contain" library="SeleniumLibrary">
<arg>Swap</arg>
<doc>Verifies that current page contains ``text``.</doc>
<msg timestamp="20210930 14:55:07.214" level="INFO">Current page contains text 'Swap'.</msg>
<status status="PASS" starttime="20210930 14:55:07.080" endtime="20210930 14:55:07.214"/>
</kw>
<kw name="Click Element" library="SeleniumLibrary">
<arg>//*[@href="/swap?network=kovan"]</arg>
<doc>Click the element identified by ``locator``.</doc>
<msg timestamp="20210930 14:55:07.214" level="INFO">Clicking element '//*[@href="/swap?network=kovan"]'.</msg>
<status status="PASS" starttime="20210930 14:55:07.214" endtime="20210930 14:55:10.596"/>
</kw>
<kw name="Page Should Contain" library="SeleniumLibrary">
<arg>Swap</arg>
<doc>Verifies that current page contains ``text``.</doc>
<msg timestamp="20210930 14:55:10.605" level="INFO">Current page contains text 'Swap'.</msg>
<status status="PASS" starttime="20210930 14:55:10.597" endtime="20210930 14:55:10.605"/>
</kw>
<kw name="Wait Until Keyword Succeeds" library="BuiltIn">
<arg>60s</arg>
<arg>3s</arg>
<arg>Page Should Contain</arg>
<arg>Select your token for the price chart</arg>
<doc>Runs the specified keyword and retries if it fails.</doc>
<kw name="Page Should Contain" library="SeleniumLibrary">
<arg>Select your token for the price chart</arg>
<doc>Verifies that current page contains ``text``.</doc>
<msg timestamp="20210930 14:55:11.552" level="INFO">Current page contains text 'Select your token for the price chart'.</msg>
<status status="PASS" starttime="20210930 14:55:10.625" endtime="20210930 14:55:11.552"/>
</kw>
<status status="PASS" starttime="20210930 14:55:10.605" endtime="20210930 14:55:11.552"/>
</kw>
<status status="PASS" starttime="20210930 14:55:07.079" endtime="20210930 14:55:11.552"/>
</kw>
<status status="PASS" starttime="20210930 14:55:07.079" endtime="20210930 14:55:11.552"/>
</kw>
<kw name="Wait Until Element Is Visible" library="SeleniumLibrary">
<arg>//*[@data-testid="container-3"]</arg>
<arg>5s</arg>
<doc>Waits until the element ``locator`` is visible.</doc>
<status status="PASS" starttime="20210930 14:55:11.553" endtime="20210930 14:55:15.728"/>
</kw>
<kw name="Click Element" library="SeleniumLibrary">
<arg>//*[@data-testid='from-toggle']</arg>
<doc>Click the element identified by ``locator``.</doc>
<msg timestamp="20210930 14:55:15.729" level="INFO">Clicking element '//*[@data-testid='from-toggle']'.</msg>
<status status="PASS" starttime="20210930 14:55:15.729" endtime="20210930 14:55:19.628"/>
</kw>
<kw name="Input Text" library="SeleniumLibrary">
<arg>id:searchInput</arg>
<arg>${token}</arg>
<doc>Types the given ``text`` into the text field identified by ``locator``.</doc>
<msg timestamp="20210930 14:55:19.628" level="INFO">Typing text '0xb9f7fb85aaa64bae9b0403706e38a607f0e6edf3' into text field 'id:searchInput'.</msg>
<status status="PASS" starttime="20210930 14:55:19.628" endtime="20210930 14:55:21.502"/>
</kw>
<kw name="Wait Until Element Is Visible" library="SeleniumLibrary">
<arg>//*[@data-testid='currency-container-0']</arg>
<arg>5s</arg>
<doc>Waits until the element ``locator`` is visible.</doc>
<status status="PASS" starttime="20210930 14:55:21.502" endtime="20210930 14:55:22.355"/>
</kw>
<kw name="Page Should Not Contain" library="SeleniumLibrary">
<arg>Pool is not created yet.</arg>
<doc>Verifies the current page does not contain ``text``.</doc>
<msg timestamp="20210930 14:55:22.389" level="INFO">Current page does not contain text 'Pool is not created yet.'.</msg>
<status status="PASS" starttime="20210930 14:55:22.355" endtime="20210930 14:55:22.389"/>
</kw>
<kw name="Mouse Over" library="SeleniumLibrary">
<arg>//*[@data-testid='currency-container-0']</arg>
<doc>Simulates hovering the mouse over the element ``locator``.</doc>
<msg timestamp="20210930 14:55:22.389" level="INFO">Simulating Mouse Over on element '//*[@data-testid='currency-container-0']'.</msg>
<status status="PASS" starttime="20210930 14:55:22.389" endtime="20210930 14:55:22.814"/>
</kw>
<kw name="Page Should Contain" library="SeleniumLibrary">
<arg>Pool is not created yet.</arg>
<doc>Verifies that current page contains ``text``.</doc>
<msg timestamp="20210930 14:55:22.823" level="INFO">Current page contains text 'Pool is not created yet.'.</msg>
<status status="PASS" starttime="20210930 14:55:22.814" endtime="20210930 14:55:22.823"/>
</kw>
<status status="PASS" starttime="20210930 14:54:22.264" endtime="20210930 14:55:22.823"/>
</kw>
<kw name="Closing Browser" library="Common" type="TEARDOWN">
<kw name="Stop Video Recording" library="ScreenCapLibrary">
<arg>alias=None</arg>
<doc>Stops the video recording corresponding to the given ``alias`` and generates the file in WebM format. If no
``alias`` is specified, the last opened recording will be closed. If there are more recordings with the same
alias all of them will be closed. If ``embed`` argument was set to
``True`` the video will be displayed in the log file.</doc>
<msg timestamp="20210930 14:55:22.878" level="INFO" html="true">&lt;a href="TC-MONOX-8%3A%20KOVAN-SWAP%3A%20No%20Pool_1.webm"&gt;&lt;video width="100px" autoplay&gt;&lt;source src="TC-MONOX-8%3A%20KOVAN-SWAP%3A%20No%20Pool_1.webm" type="video/webm"&gt;&lt;/video&gt;&lt;/a&gt;</msg>
<status status="PASS" starttime="20210930 14:55:22.824" endtime="20210930 14:55:22.878"/>
</kw>
<kw name="Close Browser" library="SeleniumLibrary">
<doc>Closes the current browser.</doc>
<status status="PASS" starttime="20210930 14:55:22.878" endtime="20210930 14:55:23.469"/>
</kw>
<status status="PASS" starttime="20210930 14:55:22.824" endtime="20210930 14:55:23.470"/>
</kw>
<status status="PASS" starttime="20210930 14:53:21.563" endtime="20210930 14:55:23.470"/>
</test>
<test id="s1-t2" name="TC-MONOX-9: KOVAN-SWAP: Wrap ETH">
<kw name="Connect Wallet" library="Metamask" type="SETUP">
<kw name="Create and Install Wallet" library="Metamask">
<kw name="Evaluate" library="BuiltIn">
<var>${ChromeOptions}</var>
<arg>selenium.webdriver.ChromeOptions()</arg>
<doc>Evaluates the given expression in Python and returns the result.</doc>
<msg timestamp="20210930 14:55:23.472" level="INFO">${ChromeOptions} = &lt;selenium.webdriver.chrome.options.Options object at 0x13b306730&gt;</msg>
<status status="PASS" starttime="20210930 14:55:23.471" endtime="20210930 14:55:23.472"/>
</kw>
<kw name="Call Method" library="BuiltIn">
<arg>${ChromeOptions}</arg>
<arg>add_argument</arg>
<arg>--start-maximized</arg>
<doc>Calls the named method of the given object with the provided arguments.</doc>
<status status="PASS" starttime="20210930 14:55:23.472" endtime="20210930 14:55:23.472"/>
</kw>
<kw name="Call Method" library="BuiltIn">
<arg>${ChromeOptions}</arg>
<arg>add_extension</arg>
<arg>/Users/metoinside/Documents/qntism/monoswap-test-automation/Resources/Plugins/MetaMask_v10.0.3.crx</arg>
<doc>Calls the named method of the given object with the provided arguments.</doc>
<status status="PASS" starttime="20210930 14:55:23.472" endtime="20210930 14:55:23.472"/>
</kw>
<kw name="Wait Until Keyword Succeeds" library="BuiltIn">
<arg>30s</arg>
<arg>3s</arg>
<arg>Create Webdriver</arg>
<arg>Chrome</arg>
<arg>chrome_options=${ChromeOptions}</arg>
<doc>Runs the specified keyword and retries if it fails.</doc>
<kw name="Create Webdriver" library="SeleniumLibrary">
<arg>Chrome</arg>
<arg>chrome_options=${ChromeOptions}</arg>
<doc>Creates an instance of Selenium WebDriver.</doc>
<msg timestamp="20210930 14:55:23.473" level="INFO">Creating an instance of the Chrome WebDriver.</msg>
<status status="PASS" starttime="20210930 14:55:23.472" endtime="20210930 14:55:36.360"/>
</kw>
<status status="PASS" starttime="20210930 14:55:23.472" endtime="20210930 14:55:36.361"/>
</kw>
<status status="PASS" starttime="20210930 14:55:23.471" endtime="20210930 14:55:36.361"/>
</kw>
<kw name="Import MetaMask Wallet" library="Metamask">
<kw name="Switch Window" library="SeleniumLibrary">
<arg>MetaMask</arg>
<doc>Switches to browser window matching ``locator``.</doc>
<status status="PASS" starttime="20210930 14:55:36.362" endtime="20210930 14:55:45.703"/>
</kw>
<kw name="Page Should Contain Button" library="SeleniumLibrary">
<arg>Get Started</arg>
<doc>Verifies button ``locator`` is found from current page.</doc>
<msg timestamp="20210930 14:55:46.031" level="INFO">Current page contains button 'Get Started'.</msg>
<status status="PASS" starttime="20210930 14:55:45.704" endtime="20210930 14:55:46.031"/>
</kw>
<kw name="Wait Until Keyword Succeeds" library="BuiltIn">
<arg>30s</arg>
<arg>3s</arg>
<arg>Click Button</arg>
<arg>Get Started</arg>
<doc>Runs the specified keyword and retries if it fails.</doc>
<kw name="Click Button" library="SeleniumLibrary">
<arg>Get Started</arg>
<doc>Clicks the button identified by ``locator``.</doc>
<msg timestamp="20210930 14:55:46.032" level="INFO">Clicking button 'Get Started'.</msg>
<status status="PASS" starttime="20210930 14:55:46.031" endtime="20210930 14:55:47.864"/>
</kw>
<status status="PASS" starttime="20210930 14:55:46.031" endtime="20210930 14:55:47.864"/>
</kw>
<kw name="Page Should Contain Button" library="SeleniumLibrary">
<arg>Import wallet</arg>
<doc>Verifies button ``locator`` is found from current page.</doc>
<msg timestamp="20210930 14:55:47.984" level="INFO">Current page contains button 'Import wallet'.</msg>
<status status="PASS" starttime="20210930 14:55:47.864" endtime="20210930 14:55:47.984"/>
</kw>
<kw name="Wait Until Keyword Succeeds" library="BuiltIn">
<arg>30s</arg>
<arg>3s</arg>
<arg>Click Button</arg>
<arg>Import wallet</arg>
<doc>Runs the specified keyword and retries if it fails.</doc>
<kw name="Click Button" library="SeleniumLibrary">
<arg>Import wallet</arg>
<doc>Clicks the button identified by ``locator``.</doc>
<msg timestamp="20210930 14:55:47.984" level="INFO">Clicking button 'Import wallet'.</msg>
<status status="PASS" starttime="20210930 14:55:47.984" endtime="20210930 14:55:48.409"/>
</kw>
<status status="PASS" starttime="20210930 14:55:47.984" endtime="20210930 14:55:48.409"/>
</kw>
<kw name="Page Should Contain Button" library="SeleniumLibrary">
<arg>I Agree</arg>
<doc>Verifies button ``locator`` is found from current page.</doc>
<msg timestamp="20210930 14:55:48.533" level="INFO">Current page contains button 'I Agree'.</msg>
<status status="PASS" starttime="20210930 14:55:48.409" endtime="20210930 14:55:48.533"/>
</kw>
<kw name="Wait Until Keyword Succeeds" library="BuiltIn">
<arg>30s</arg>
<arg>3s</arg>
<arg>Click Button</arg>
<arg>I Agree</arg>
<doc>Runs the specified keyword and retries if it fails.</doc>
<kw name="Click Button" library="SeleniumLibrary">
<arg>I Agree</arg>
<doc>Clicks the button identified by ``locator``.</doc>
<msg timestamp="20210930 14:55:48.534" level="INFO">Clicking button 'I Agree'.</msg>
<status status="PASS" starttime="20210930 14:55:48.533" endtime="20210930 14:55:49.137"/>
</kw>
<status status="PASS" starttime="20210930 14:55:48.533" endtime="20210930 14:55:49.137"/>
</kw>
<kw name="Wait Until Keyword Succeeds" library="BuiltIn">
<arg>30s</arg>
<arg>3s</arg>
<arg>Input Text</arg>
<arg>//*[@placeholder="Paste Secret Recovery Phrase from clipboard"]</arg>
<arg>month foam ostrich boil negative border absorb swap metal tooth wise coconut</arg>
<doc>Runs the specified keyword and retries if it fails.</doc>
<kw name="Input Text" library="SeleniumLibrary">
<arg>//*[@placeholder="Paste Secret Recovery Phrase from clipboard"]</arg>
<arg>month foam ostrich boil negative border absorb swap metal tooth wise coconut</arg>
<doc>Types the given ``text`` into the text field identified by ``locator``.</doc>
<msg timestamp="20210930 14:55:49.138" level="INFO">Typing text 'month foam ostrich boil negative border absorb swap metal tooth wise coconut' into text field '//*[@placeholder="Paste Secret Recovery Phrase from clipboard"]'.</msg>
<kw name="Capture Page Screenshot" library="SeleniumLibrary">
<doc>Takes a screenshot of the current page and embeds it into a log file.</doc>
<msg timestamp="20210930 14:55:55.622" level="INFO" html="true">&lt;/td&gt;&lt;/tr&gt;&lt;tr&gt;&lt;td colspan="3"&gt;&lt;a href="selenium-screenshot-3.png"&gt;&lt;img src="selenium-screenshot-3.png" width="800px"&gt;&lt;/a&gt;</msg>
<status status="PASS" starttime="20210930 14:55:50.144" endtime="20210930 14:55:55.622"/>
</kw>
<msg timestamp="20210930 14:55:55.623" level="FAIL">Element with locator '//*[@placeholder="Paste Secret Recovery Phrase from clipboard"]' not found.</msg>
<status status="FAIL" starttime="20210930 14:55:49.137" endtime="20210930 14:55:55.623"/>
</kw>
<kw name="Input Text" library="SeleniumLibrary">
<arg>//*[@placeholder="Paste Secret Recovery Phrase from clipboard"]</arg>
<arg>month foam ostrich boil negative border absorb swap metal tooth wise coconut</arg>
<doc>Types the given ``text`` into the text field identified by ``locator``.</doc>
<msg timestamp="20210930 14:55:58.623" level="INFO">Typing text 'month foam ostrich boil negative border absorb swap metal tooth wise coconut' into text field '//*[@placeholder="Paste Secret Recovery Phrase from clipboard"]'.</msg>
<status status="PASS" starttime="20210930 14:55:58.623" endtime="20210930 14:56:04.466"/>
</kw>
<status status="PASS" starttime="20210930 14:55:49.137" endtime="20210930 14:56:04.466"/>
</kw>
<kw name="Wait Until Keyword Succeeds" library="BuiltIn">
<arg>30s</arg>
<arg>3s</arg>
<arg>Input Text</arg>
<arg>//*[@id="password"]</arg>
<arg>Asdf1234</arg>
<doc>Runs the specified keyword and retries if it fails.</doc>
<kw name="Input Text" library="SeleniumLibrary">
<arg>//*[@id="password"]</arg>
<arg>Asdf1234</arg>
<doc>Types the given ``text`` into the text field identified by ``locator``.</doc>
<msg timestamp="20210930 14:56:04.468" level="INFO">Typing text 'Asdf1234' into text field '//*[@id="password"]'.</msg>
<status status="PASS" starttime="20210930 14:56:04.466" endtime="20210930 14:56:05.156"/>
</kw>
<status status="PASS" starttime="20210930 14:56:04.466" endtime="20210930 14:56:05.156"/>
</kw>
<kw name="Wait Until Keyword Succeeds" library="BuiltIn">
<arg>30s</arg>
<arg>3s</arg>
<arg>Input Text</arg>
<arg>//*[@id="confirm-password"]</arg>
<arg>Asdf1234</arg>
<doc>Runs the specified keyword and retries if it fails.</doc>
<kw name="Input Text" library="SeleniumLibrary">
<arg>//*[@id="confirm-password"]</arg>
<arg>Asdf1234</arg>
<doc>Types the given ``text`` into the text field identified by ``locator``.</doc>
<msg timestamp="20210930 14:56:05.157" level="INFO">Typing text 'Asdf1234' into text field '//*[@id="confirm-password"]'.</msg>
<status status="PASS" starttime="20210930 14:56:05.156" endtime="20210930 14:56:05.353"/>
</kw>
<status status="PASS" starttime="20210930 14:56:05.156" endtime="20210930 14:56:05.353"/>
</kw>
<kw name="Click Element" library="SeleniumLibrary">
<arg>//*[@id="app-content"]/div/div[3]/div/div/form/div[7]/div</arg>
<doc>Click the element identified by ``locator``.</doc>
<msg timestamp="20210930 14:56:05.353" level="INFO">Clicking element '//*[@id="app-content"]/div/div[3]/div/div/form/div[7]/div'.</msg>
<status status="PASS" starttime="20210930 14:56:05.353" endtime="20210930 14:56:06.549"/>
</kw>
<kw name="Wait Until Keyword Succeeds" library="BuiltIn">
<arg>30s</arg>
<arg>3s</arg>
<arg>Click Button</arg>
<arg>Import</arg>
<doc>Runs the specified keyword and retries if it fails.</doc>
<kw name="Click Button" library="SeleniumLibrary">
<arg>Import</arg>
<doc>Clicks the button identified by ``locator``.</doc>
<msg timestamp="20210930 14:56:06.549" level="INFO">Clicking button 'Import'.</msg>
<status status="PASS" starttime="20210930 14:56:06.549" endtime="20210930 14:56:07.033"/>
</kw>
<status status="PASS" starttime="20210930 14:56:06.549" endtime="20210930 14:56:07.033"/>
</kw>
<kw name="Wait Until Page Does Not Contain" library="SeleniumLibrary">
<arg>I Agree</arg>
<doc>Waits until ``text`` disappears from the current page.</doc>
<status status="PASS" starttime="20210930 14:56:07.034" endtime="20210930 14:56:07.160"/>
</kw>
<kw name="Wait Until Page Contains" library="SeleniumLibrary">
<arg>All Done</arg>
<arg>10s</arg>
<doc>Waits until ``text`` appears on the current page.</doc>
<status status="PASS" starttime="20210930 14:56:07.160" endtime="20210930 14:56:13.635"/>
</kw>
<kw name="Wait Until Keyword Succeeds" library="BuiltIn">
<arg>30s</arg>
<arg>3s</arg>
<arg>Click Button</arg>
<arg>All Done</arg>
<doc>Runs the specified keyword and retries if it fails.</doc>
<kw name="Click Button" library="SeleniumLibrary">
<arg>All Done</arg>
<doc>Clicks the button identified by ``locator``.</doc>
<msg timestamp="20210930 14:56:13.636" level="INFO">Clicking button 'All Done'.</msg>
<status status="PASS" starttime="20210930 14:56:13.635" endtime="20210930 14:56:13.845"/>
</kw>
<status status="PASS" starttime="20210930 14:56:13.635" endtime="20210930 14:56:13.845"/>
</kw>
<kw name="Page Should Contain Button" library="SeleniumLibrary">
<arg>//*[@data-testid="popover-close"]</arg>
<doc>Verifies button ``locator`` is found from current page.</doc>
<msg timestamp="20210930 14:56:19.173" level="INFO">Current page contains button '//*[@data-testid="popover-close"]'.</msg>
<status status="PASS" starttime="20210930 14:56:13.845" endtime="20210930 14:56:19.174"/>
</kw>
<kw name="Wait Until Keyword Succeeds" library="BuiltIn">
<arg>30s</arg>
<arg>3s</arg>
<arg>Click Button</arg>
<arg>//*[@data-testid="popover-close"]</arg>
<doc>Runs the specified keyword and retries if it fails.</doc>
<kw name="Click Button" library="SeleniumLibrary">
<arg>//*[@data-testid="popover-close"]</arg>
<doc>Clicks the button identified by ``locator``.</doc>
<msg timestamp="20210930 14:56:19.174" level="INFO">Clicking button '//*[@data-testid="popover-close"]'.</msg>
<status status="PASS" starttime="20210930 14:56:19.174" endtime="20210930 14:56:19.341"/>
</kw>
<status status="PASS" starttime="20210930 14:56:19.174" endtime="20210930 14:56:19.341"/>
</kw>
<kw name="Wait Until Keyword Succeeds" library="BuiltIn">
<arg>30s</arg>
<arg>3s</arg>
<arg>Click Element</arg>
<arg>//*[@id="app-content"]/div/div[1]/div/div[2]/div[1]/div</arg>
<doc>Runs the specified keyword and retries if it fails.</doc>
<kw name="Click Element" library="SeleniumLibrary">
<arg>//*[@id="app-content"]/div/div[1]/div/div[2]/div[1]/div</arg>
<doc>Click the element identified by ``locator``.</doc>
<msg timestamp="20210930 14:56:19.343" level="INFO">Clicking element '//*[@id="app-content"]/div/div[1]/div/div[2]/div[1]/div'.</msg>
<status status="PASS" starttime="20210930 14:56:19.342" endtime="20210930 14:56:19.755"/>
</kw>
<status status="PASS" starttime="20210930 14:56:19.342" endtime="20210930 14:56:19.755"/>
</kw>
<kw name="Get Text" library="SeleniumLibrary">
<var>${NetworkName}</var>
<arg>//*[@id="app-content"]/div/div[3]/div/li[3]</arg>
<doc>Returns the text value of the element identified by ``locator``.</doc>
<msg timestamp="20210930 14:56:20.076" level="INFO">${NetworkName} = Kovan Test Network</msg>
<status status="PASS" starttime="20210930 14:56:19.755" endtime="20210930 14:56:20.076"/>
</kw>
<kw name="Wait Until Keyword Succeeds" library="BuiltIn">
<arg>30s</arg>
<arg>3s</arg>
<arg>Click Element</arg>
<arg>//*[@id="app-content"]/div/div[3]/div/li[3]</arg>
<doc>Runs the specified keyword and retries if it fails.</doc>
<kw name="Click Element" library="SeleniumLibrary">
<arg>//*[@id="app-content"]/div/div[3]/div/li[3]</arg>
<doc>Click the element identified by ``locator``.</doc>
<msg timestamp="20210930 14:56:20.077" level="INFO">Clicking element '//*[@id="app-content"]/div/div[3]/div/li[3]'.</msg>
<status status="PASS" starttime="20210930 14:56:20.077" endtime="20210930 14:56:20.556"/>
</kw>
<status status="PASS" starttime="20210930 14:56:20.077" endtime="20210930 14:56:20.556"/>
</kw>
<kw name="Get Window Handles" library="SeleniumLibrary">
<var>${windowhandles}</var>
<doc>Returns all child window handles of the selected browser as a list.</doc>
<msg timestamp="20210930 14:56:20.560" level="INFO">${windowhandles} = ['CDwindow-57B0C0EC328231E9ECB50C09ED97E052', 'CDwindow-18861529DA6366376C4C9E67F87D7AF5']</msg>
<status status="PASS" starttime="20210930 14:56:20.556" endtime="20210930 14:56:20.560"/>
</kw>
<kw name="Switch Window" library="SeleniumLibrary">
<arg>${windowhandles}[1]</arg>
<doc>Switches to browser window matching ``locator``.</doc>
<status status="PASS" starttime="20210930 14:56:20.560" endtime="20210930 14:56:20.937"/>
</kw>
<kw name="Close Window" library="SeleniumLibrary">
<doc>Closes currently opened and selected browser window/tab.</doc>
<status status="PASS" starttime="20210930 14:56:20.937" endtime="20210930 14:56:21.089"/>
</kw>
<kw name="Switch Window" library="SeleniumLibrary">
<arg>${windowhandles}[0]</arg>
<doc>Switches to browser window matching ``locator``.</doc>
<status status="PASS" starttime="20210930 14:56:21.089" endtime="20210930 14:56:21.098"/>
</kw>
<status status="PASS" starttime="20210930 14:55:36.361" endtime="20210930 14:56:21.098"/>
</kw>
<status status="PASS" starttime="20210930 14:55:23.471" endtime="20210930 14:56:21.098"/>
</kw>
<kw name="Swap" library="Swap">
<arg>ETH</arg>
<arg>WETH</arg>
<arg>0.008</arg>
<arg>-</arg>
<kw name="Complete Integration" library="Common">
<kw name="Start Video Recording" library="ScreenCapLibrary">
<arg>alias=None</arg>
<arg>name=${TEST NAME}</arg>
<arg>fps=None</arg>
<arg>size_percentage=1</arg>
<arg>embed=True</arg>
<arg>embed_width=100px</arg>
<arg>monitor=1</arg>
<doc>Starts the recording of a video in the background with the specified ``name``.
The recording can be stopped by calling the `Stop Video Recording` keyword.</doc>
<msg timestamp="20210930 14:56:23.281" level="INFO">Automatically setting a fps of 5.0</msg>
<status status="PASS" starttime="20210930 14:56:21.099" endtime="20210930 14:56:23.281"/>
</kw>
<kw name="Wait Until Keyword Succeeds" library="BuiltIn">
<arg>30s</arg>
<arg>3s</arg>
<arg>Go to</arg>
<arg>https://dev.monox.finance</arg>
<doc>Runs the specified keyword and retries if it fails.</doc>
<kw name="Go To" library="SeleniumLibrary">
<arg>https://dev.monox.finance</arg>
<doc>Navigates the current browser window to the provided ``url``.</doc>
<msg timestamp="20210930 14:56:23.282" level="INFO">Opening url 'https://dev.monox.finance'</msg>
<status status="PASS" starttime="20210930 14:56:23.282" endtime="20210930 14:56:43.508"/>
</kw>
<status status="PASS" starttime="20210930 14:56:23.282" endtime="20210930 14:56:43.508"/>
</kw>
<kw name="Maximize Browser Window" library="SeleniumLibrary">
<doc>Maximizes current browser window.</doc>
<status status="PASS" starttime="20210930 14:56:43.508" endtime="20210930 14:56:47.722"/>
</kw>
<kw name="Wait Until Keyword Succeeds" library="BuiltIn">
<arg>30s</arg>
<arg>3s</arg>
<arg>Page Should Contain Button</arg>
<arg>Connect Wallet</arg>
<doc>Runs the specified keyword and retries if it fails.</doc>
<kw name="Page Should Contain Button" library="SeleniumLibrary">
<arg>Connect Wallet</arg>
<doc>Verifies button ``locator`` is found from current page.</doc>
<msg timestamp="20210930 14:56:47.921" level="INFO">Current page contains button 'Connect Wallet'.</msg>
<status status="PASS" starttime="20210930 14:56:47.723" endtime="20210930 14:56:47.921"/>
</kw>
<status status="PASS" starttime="20210930 14:56:47.723" endtime="20210930 14:56:47.921"/>
</kw>
<kw name="Wait Until Keyword Succeeds" library="BuiltIn">
<arg>30s</arg>
<arg>3s</arg>
<arg>Click Button</arg>
<arg>Connect Wallet</arg>
<doc>Runs the specified keyword and retries if it fails.</doc>
<kw name="Click Button" library="SeleniumLibrary">
<arg>Connect Wallet</arg>
<doc>Clicks the button identified by ``locator``.</doc>
<msg timestamp="20210930 14:56:47.922" level="INFO">Clicking button 'Connect Wallet'.</msg>
<status status="PASS" starttime="20210930 14:56:47.922" endtime="20210930 14:56:50.637"/>
</kw>
<status status="PASS" starttime="20210930 14:56:47.921" endtime="20210930 14:56:50.637"/>
</kw>
<kw name="Wait Until Keyword Succeeds" library="BuiltIn">
<arg>30s</arg>
<arg>3s</arg>
<arg>Page Should Contain</arg>
<arg>Connect MetaMask Wallet</arg>
<doc>Runs the specified keyword and retries if it fails.</doc>
<kw name="Page Should Contain" library="SeleniumLibrary">
<arg>Connect MetaMask Wallet</arg>
<doc>Verifies that current page contains ``text``.</doc>
<msg timestamp="20210930 14:56:50.740" level="INFO">Current page contains text 'Connect MetaMask Wallet'.</msg>
<status status="PASS" starttime="20210930 14:56:50.637" endtime="20210930 14:56:50.741"/>
</kw>
<status status="PASS" starttime="20210930 14:56:50.637" endtime="20210930 14:56:50.741"/>
</kw>
<kw name="Wait Until Keyword Succeeds" library="BuiltIn">
<arg>30s</arg>
<arg>3s</arg>
<arg>Click Element</arg>
<arg>//*[@id="root"]/div[2]/div[2]/div/div[2]/div</arg>
<doc>Runs the specified keyword and retries if it fails.</doc>
<kw name="Click Element" library="SeleniumLibrary">
<arg>//*[@id="root"]/div[2]/div[2]/div/div[2]/div</arg>
<doc>Click the element identified by ``locator``.</doc>
<msg timestamp="20210930 14:56:50.741" level="INFO">Clicking element '//*[@id="root"]/div[2]/div[2]/div/div[2]/div'.</msg>
<status status="PASS" starttime="20210930 14:56:50.741" endtime="20210930 14:56:52.145"/>
</kw>
<status status="PASS" starttime="20210930 14:56:50.741" endtime="20210930 14:56:52.146"/>
</kw>
<kw name="Wait Until Keyword Succeeds" library="BuiltIn">
<arg>30s</arg>
<arg>3s</arg>
<arg>Switch Window</arg>
<arg>MetaMask Notification</arg>
<doc>Runs the specified keyword and retries if it fails.</doc>
<kw name="Switch Window" library="SeleniumLibrary">
<arg>MetaMask Notification</arg>
<doc>Switches to browser window matching ``locator``.</doc>
<kw name="Capture Page Screenshot" library="SeleniumLibrary">
<doc>Takes a screenshot of the current page and embeds it into a log file.</doc>
<msg timestamp="20210930 14:56:53.146" level="INFO" html="true">&lt;/td&gt;&lt;/tr&gt;&lt;tr&gt;&lt;td colspan="3"&gt;&lt;a href="selenium-screenshot-4.png"&gt;&lt;img src="selenium-screenshot-4.png" width="800px"&gt;&lt;/a&gt;</msg>
<status status="PASS" starttime="20210930 14:56:52.189" endtime="20210930 14:56:53.146"/>
</kw>
<msg timestamp="20210930 14:56:53.146" level="FAIL">No window matching handle, name, title or URL 'MetaMask Notification' found.</msg>
<status status="FAIL" starttime="20210930 14:56:52.146" endtime="20210930 14:56:53.146"/>
</kw>
<kw name="Switch Window" library="SeleniumLibrary">
<arg>MetaMask Notification</arg>
<doc>Switches to browser window matching ``locator``.</doc>
<status status="PASS" starttime="20210930 14:56:56.148" endtime="20210930 14:56:59.147"/>
</kw>
<status status="PASS" starttime="20210930 14:56:52.146" endtime="20210930 14:56:59.147"/>
</kw>
<kw name="Wait Until Keyword Succeeds" library="BuiltIn">
<arg>30s</arg>
<arg>3s</arg>
<arg>Click Button</arg>
<arg>Next</arg>
<doc>Runs the specified keyword and retries if it fails.</doc>
<kw name="Click Button" library="SeleniumLibrary">
<arg>Next</arg>
<doc>Clicks the button identified by ``locator``.</doc>
<msg timestamp="20210930 14:56:59.148" level="INFO">Clicking button 'Next'.</msg>
<status status="PASS" starttime="20210930 14:56:59.148" endtime="20210930 14:56:59.543"/>
</kw>
<status status="PASS" starttime="20210930 14:56:59.147" endtime="20210930 14:56:59.543"/>
</kw>
<kw name="Wait Until Keyword Succeeds" library="BuiltIn">
<arg>30s</arg>
<arg>3s</arg>
<arg>Click Element</arg>
<arg>//*[@data-testid="page-container-footer-next"]</arg>
<doc>Runs the specified keyword and retries if it fails.</doc>
<kw name="Click Element" library="SeleniumLibrary">
<arg>//*[@data-testid="page-container-footer-next"]</arg>
<doc>Click the element identified by ``locator``.</doc>
<msg timestamp="20210930 14:56:59.543" level="INFO">Clicking element '//*[@data-testid="page-container-footer-next"]'.</msg>
<status status="PASS" starttime="20210930 14:56:59.543" endtime="20210930 14:57:00.106"/>
</kw>
<status status="PASS" starttime="20210930 14:56:59.543" endtime="20210930 14:57:00.106"/>
</kw>
<kw name="Wait Until Keyword Succeeds" library="BuiltIn">
<arg>30s</arg>
<arg>3s</arg>
<arg>Switch Window</arg>
<arg>Home Page | MonoX</arg>
<doc>Runs the specified keyword and retries if it fails.</doc>
<kw name="Switch Window" library="SeleniumLibrary">
<arg>Home Page | MonoX</arg>
<doc>Switches to browser window matching ``locator``.</doc>
<status status="PASS" starttime="20210930 14:57:00.106" endtime="20210930 14:57:00.491"/>
</kw>
<status status="PASS" starttime="20210930 14:57:00.106" endtime="20210930 14:57:00.491"/>
</kw>
<status status="PASS" starttime="20210930 14:56:21.099" endtime="20210930 14:57:00.491"/>
</kw>
<kw name="Wait Until Keyword Succeeds" library="BuiltIn">
<arg>30s</arg>
<arg>3s</arg>
<arg>Header.Navigate Swap</arg>
<doc>Runs the specified keyword and retries if it fails.</doc>
<kw name="Navigate Swap" library="Header">
<kw name="Page Should Contain" library="SeleniumLibrary">
<arg>Swap</arg>
<doc>Verifies that current page contains ``text``.</doc>
<msg timestamp="20210930 14:57:00.599" level="INFO">Current page contains text 'Swap'.</msg>
<status status="PASS" starttime="20210930 14:57:00.492" endtime="20210930 14:57:00.599"/>
</kw>
<kw name="Click Element" library="SeleniumLibrary">
<arg>//*[@href="/swap?network=kovan"]</arg>
<doc>Click the element identified by ``locator``.</doc>
<msg timestamp="20210930 14:57:00.600" level="INFO">Clicking element '//*[@href="/swap?network=kovan"]'.</msg>
<status status="PASS" starttime="20210930 14:57:00.599" endtime="20210930 14:57:04.023"/>
</kw>
<kw name="Page Should Contain" library="SeleniumLibrary">
<arg>Swap</arg>
<doc>Verifies that current page contains ``text``.</doc>
<msg timestamp="20210930 14:57:04.058" level="INFO">Current page contains text 'Swap'.</msg>
<status status="PASS" starttime="20210930 14:57:04.024" endtime="20210930 14:57:04.058"/>
</kw>
<kw name="Wait Until Keyword Succeeds" library="BuiltIn">
<arg>60s</arg>
<arg>3s</arg>
<arg>Page Should Contain</arg>
<arg>Select your token for the price chart</arg>
<doc>Runs the specified keyword and retries if it fails.</doc>
<kw name="Page Should Contain" library="SeleniumLibrary">
<arg>Select your token for the price chart</arg>
<doc>Verifies that current page contains ``text``.</doc>
<msg timestamp="20210930 14:57:04.084" level="INFO">Current page contains text 'Select your token for the price chart'.</msg>
<status status="PASS" starttime="20210930 14:57:04.059" endtime="20210930 14:57:04.084"/>
</kw>
<status status="PASS" starttime="20210930 14:57:04.058" endtime="20210930 14:57:04.084"/>
</kw>
<status status="PASS" starttime="20210930 14:57:00.492" endtime="20210930 14:57:04.084"/>
</kw>
<status status="PASS" starttime="20210930 14:57:00.491" endtime="20210930 14:57:04.084"/>
</kw>
<kw name="Wait Until Element Is Visible" library="SeleniumLibrary">
<arg>//*[@data-testid="container-3"]</arg>
<arg>10s</arg>
<doc>Waits until the element ``locator`` is visible.</doc>
<status status="PASS" starttime="20210930 14:57:04.084" endtime="20210930 14:57:06.259"/>
</kw>
<kw name="Skip If" library="BuiltIn">
<arg>("${FromTokenAmount}" == "-") == ("${ToTokenAmount}" == "-")</arg>
<arg>FromAmount and ToAmount can't be set at the same time</arg>
<doc>Skips the rest of the current test if the ``condition`` is True.</doc>
<status status="PASS" starttime="20210930 14:57:06.259" endtime="20210930 14:57:06.260"/>
</kw>
<kw name="Select Token Pair" library="Swap">
<arg>${FromToken}</arg>
<arg>${ToToken}</arg>
<kw name="Click Element" library="SeleniumLibrary">
<arg>//*[@data-testid='from-toggle']</arg>
<doc>Click the element identified by ``locator``.</doc>
<msg timestamp="20210930 14:57:06.261" level="INFO">Clicking element '//*[@data-testid='from-toggle']'.</msg>
<status status="PASS" starttime="20210930 14:57:06.260" endtime="20210930 14:57:09.411"/>
</kw>
<kw name="Input Text" library="SeleniumLibrary">
<arg>id:searchInput</arg>
<arg>${FromToken}</arg>
<doc>Types the given ``text`` into the text field identified by ``locator``.</doc>
<msg timestamp="20210930 14:57:09.411" level="INFO">Typing text 'ETH' into text field 'id:searchInput'.</msg>
<status status="PASS" starttime="20210930 14:57:09.411" endtime="20210930 14:57:10.225"/>
</kw>
<kw name="Wait Until Element Contains" library="SeleniumLibrary">
<arg>//*[@data-testid='currency-container-0']</arg>
<arg>${FromToken}</arg>
<arg>10</arg>
<doc>Waits until the element ``locator`` contains ``text``.</doc>
<status status="PASS" starttime="20210930 14:57:10.225" endtime="20210930 14:57:10.835"/>
</kw>
<kw name="Click Element" library="SeleniumLibrary">
<arg>//*[@data-testid='currency-container-0']</arg>
<doc>Click the element identified by ``locator``.</doc>
<msg timestamp="20210930 14:57:10.835" level="INFO">Clicking element '//*[@data-testid='currency-container-0']'.</msg>
<status status="PASS" starttime="20210930 14:57:10.835" endtime="20210930 14:57:12.561"/>
</kw>
<kw name="Element Text Should Be" library="SeleniumLibrary">
<arg>//*[@data-testid="from-toggle"]</arg>
<arg>${FromToken}</arg>
<doc>Verifies that element ``locator`` contains exact the text ``expected``.</doc>
<msg timestamp="20210930 14:57:12.561" level="INFO">Verifying element '//*[@data-testid="from-toggle"]' contains exact text 'ETH'.</msg>
<status status="PASS" starttime="20210930 14:57:12.561" endtime="20210930 14:57:12.643"/>
</kw>
<kw name="Sleep" library="BuiltIn">
<arg>1s</arg>
<doc>Pauses the test executed for the given time.</doc>
<msg timestamp="20210930 14:57:13.644" level="INFO">Slept 1 second</msg>
<status status="PASS" starttime="20210930 14:57:12.643" endtime="20210930 14:57:13.644"/>
</kw>
<kw name="Click Element" library="SeleniumLibrary">
<arg>//*[@data-testid='to-toggle']</arg>
<doc>Click the element identified by ``locator``.</doc>
<msg timestamp="20210930 14:57:13.645" level="INFO">Clicking element '//*[@data-testid='to-toggle']'.</msg>
<status status="PASS" starttime="20210930 14:57:13.644" endtime="20210930 14:57:13.870"/>
</kw>
<kw name="Input Text" library="SeleniumLibrary">
<arg>id:searchInput</arg>
<arg>${ToToken}</arg>
<doc>Types the given ``text`` into the text field identified by ``locator``.</doc>
<msg timestamp="20210930 14:57:13.871" level="INFO">Typing text 'WETH' into text field 'id:searchInput'.</msg>
<status status="PASS" starttime="20210930 14:57:13.871" endtime="20210930 14:57:14.484"/>
</kw>
<kw name="Wait Until Element Contains" library="SeleniumLibrary">
<arg>//*[@data-testid='currency-container-0']</arg>
<arg>${ToToken}</arg>
<arg>10</arg>
<doc>Waits until the element ``locator`` contains ``text``.</doc>
<status status="PASS" starttime="20210930 14:57:14.484" endtime="20210930 14:57:14.543"/>
</kw>
<kw name="Click Element" library="SeleniumLibrary">
<arg>//*[@data-testid='currency-container-0']</arg>
<doc>Click the element identified by ``locator``.</doc>
<msg timestamp="20210930 14:57:14.543" level="INFO">Clicking element '//*[@data-testid='currency-container-0']'.</msg>
<status status="PASS" starttime="20210930 14:57:14.543" endtime="20210930 14:57:15.651"/>
</kw>
<kw name="Element Text Should Be" library="SeleniumLibrary">
<arg>//*[@data-testid="to-toggle"]</arg>
<arg>${ToToken}</arg>
<doc>Verifies that element ``locator`` contains exact the text ``expected``.</doc>
<msg timestamp="20210930 14:57:15.651" level="INFO">Verifying element '//*[@data-testid="to-toggle"]' contains exact text 'WETH'.</msg>
<status status="PASS" starttime="20210930 14:57:15.651" endtime="20210930 14:57:16.104"/>
</kw>
<kw name="Sleep" library="BuiltIn">
<arg>1s</arg>
<doc>Pauses the test executed for the given time.</doc>
<msg timestamp="20210930 14:57:17.106" level="INFO">Slept 1 second</msg>
<status status="PASS" starttime="20210930 14:57:16.104" endtime="20210930 14:57:17.106"/>
</kw>
<status status="PASS" starttime="20210930 14:57:06.260" endtime="20210930 14:57:17.106"/>
</kw>
<kw name="Select Token Pair Amount" library="Swap">
<arg>${FromTokenAmount}</arg>
<arg>${ToTokenAmount}</arg>
<kw name="Run Keyword If" library="BuiltIn">
<arg>"${FromTokenAmount}" != "-"</arg>
<arg>Input Text</arg>
<arg>//*[@data-testid='from-price-input']</arg>
<arg>${FromTokenAmount}</arg>
<arg>ELSE IF</arg>
<arg>"${ToTokenAmount}" != "-"</arg>
<arg>Input Text</arg>
<arg>//*[@data-testid='to-price-input']</arg>
<arg>${ToTokenAmount}</arg>
<doc>Runs the given keyword with the given arguments, if ``condition`` is true.</doc>
<kw name="Input Text" library="SeleniumLibrary">
<arg>//*[@data-testid='from-price-input']</arg>
<arg>${FromTokenAmount}</arg>
<doc>Types the given ``text`` into the text field identified by ``locator``.</doc>
<msg timestamp="20210930 14:57:17.107" level="INFO">Typing text '0.008' into text field '//*[@data-testid='from-price-input']'.</msg>
<status status="PASS" starttime="20210930 14:57:17.107" endtime="20210930 14:57:17.468"/>
</kw>
<status status="PASS" starttime="20210930 14:57:17.107" endtime="20210930 14:57:17.469"/>
</kw>
<status status="PASS" starttime="20210930 14:57:17.106" endtime="20210930 14:57:17.469"/>
</kw>
<kw name="Sleep" library="BuiltIn">
<arg>10s</arg>
<doc>Pauses the test executed for the given time.</doc>
<msg timestamp="20210930 14:57:27.469" level="INFO">Slept 10 seconds</msg>
<status status="PASS" starttime="20210930 14:57:17.469" endtime="20210930 14:57:27.469"/>
</kw>
<kw name="Set Variable If" library="BuiltIn">
<var>${Transaction}</var>
<arg>("${FromToken}" == "ETH" and "${ToToken}" == "WETH")</arg>
<arg>Wrap</arg>
<arg>("${FromToken}" == "WETH" and "${ToToken}" == "ETH")</arg>
<arg>Unwrap</arg>
<arg>Swap</arg>
<doc>Sets variable based on the given condition.</doc>
<msg timestamp="20210930 14:57:27.470" level="INFO">${Transaction} = Wrap</msg>
<status status="PASS" starttime="20210930 14:57:27.469" endtime="20210930 14:57:27.470"/>
</kw>
<kw name="Wait Until Keyword Succeeds" library="BuiltIn">
<arg>60s</arg>
<arg>3s</arg>
<arg>Swap.Confirm</arg>
<arg>${Transaction}</arg>
<doc>Runs the specified keyword and retries if it fails.</doc>
<kw name="Confirm" library="Swap">
<arg>${Transaction}</arg>
<kw name="Get Text" library="SeleniumLibrary">
<var>${Button Text}</var>
<arg>//*[@id="root"]/div/div[2]/div[1]/div[2]/div[1]/div[1]/div[2]/div[7]/div[1]</arg>
<doc>Returns the text value of the element identified by ``locator``.</doc>
<msg timestamp="20210930 14:57:27.512" level="INFO">${Button Text} = Wrap</msg>
<status status="PASS" starttime="20210930 14:57:27.470" endtime="20210930 14:57:27.512"/>
</kw>
<kw name="Run Keyword If" library="BuiltIn">
<arg>"${Button Text}" == "Approve ${Transaction}"</arg>
<arg>Metamask.Approve Transaction</arg>
<arg>Monoswap</arg>
<doc>Runs the given keyword with the given arguments, if ``condition`` is true.</doc>
<status status="PASS" starttime="20210930 14:57:27.512" endtime="20210930 14:57:27.513"/>
</kw>
<kw name="Wait Until Element Contains" library="SeleniumLibrary">
<arg>//*[@id="root"]/div/div[2]/div[1]/div[2]/div[1]/div[1]/div[2]/div[7]/div[1]</arg>
<arg>${Transaction}</arg>
<arg>20</arg>
<doc>Waits until the element ``locator`` contains ``text``.</doc>
<status status="PASS" starttime="20210930 14:57:27.513" endtime="20210930 14:57:27.524"/>
</kw>
<kw name="Click Element" library="SeleniumLibrary">
<arg>//*[@id="root"]/div/div[2]/div[1]/div[2]/div[1]/div[1]/div[2]/div[7]/div[1]</arg>
<doc>Click the element identified by ``locator``.</doc>
<msg timestamp="20210930 14:57:27.525" level="INFO">Clicking element '//*[@id="root"]/div/div[2]/div[1]/div[2]/div[1]/div[1]/div[2]/div[7]/div[1]'.</msg>
<status status="PASS" starttime="20210930 14:57:27.525" endtime="20210930 14:57:27.851"/>
</kw>
<kw name="Wait Until Element Contains" library="SeleniumLibrary">
<arg>//*[@id="root"]/div[2]/div[2]/div/div[8]/div[1]</arg>
<arg>Confirm ${Transaction}</arg>
<arg>20</arg>
<doc>Waits until the element ``locator`` contains ``text``.</doc>
<status status="PASS" starttime="20210930 14:57:27.851" endtime="20210930 14:57:27.894"/>
</kw>
<kw name="Click Element" library="SeleniumLibrary">
<arg>//*[@id="root"]/div[2]/div[2]/div/div[8]/div[1]</arg>
<doc>Click the element identified by ``locator``.</doc>
<msg timestamp="20210930 14:57:27.894" level="INFO">Clicking element '//*[@id="root"]/div[2]/div[2]/div/div[8]/div[1]'.</msg>
<status status="PASS" starttime="20210930 14:57:27.894" endtime="20210930 14:57:28.042"/>
</kw>
<status status="PASS" starttime="20210930 14:57:27.470" endtime="20210930 14:57:28.042"/>
</kw>
<status status="PASS" starttime="20210930 14:57:27.470" endtime="20210930 14:57:28.042"/>
</kw>
<kw name="Wait Until Keyword Succeeds" library="BuiltIn">
<arg>60s</arg>
<arg>3s</arg>
<arg>Metamask.Confirm Transaction</arg>
<doc>Runs the specified keyword and retries if it fails.</doc>
<kw name="Confirm Transaction" library="Metamask">
<kw name="Switch Window" library="SeleniumLibrary">
<arg>MetaMask Notification</arg>
<doc>Switches to browser window matching ``locator``.</doc>
<kw name="Capture Page Screenshot" library="SeleniumLibrary">
<doc>Takes a screenshot of the current page and embeds it into a log file.</doc>
<msg timestamp="20210930 14:57:28.585" level="INFO" html="true">&lt;/td&gt;&lt;/tr&gt;&lt;tr&gt;&lt;td colspan="3"&gt;&lt;a href="selenium-screenshot-5.png"&gt;&lt;img src="selenium-screenshot-5.png" width="800px"&gt;&lt;/a&gt;</msg>
<status status="PASS" starttime="20210930 14:57:28.074" endtime="20210930 14:57:28.585"/>
</kw>
<msg timestamp="20210930 14:57:28.590" level="FAIL">No window matching handle, name, title or URL 'MetaMask Notification' found.</msg>
<status status="FAIL" starttime="20210930 14:57:28.043" endtime="20210930 14:57:28.590"/>
</kw>
<kw name="Wait Until Element Is Enabled" library="SeleniumLibrary">
<arg>//*[@data-testid="page-container-footer-next"]</arg>
<arg>20s</arg>
<doc>Waits until the element ``locator`` is enabled.</doc>
<status status="NOT RUN" starttime="20210930 14:57:28.591" endtime="20210930 14:57:28.591"/>
</kw>
<kw name="Get Text" library="SeleniumLibrary">
<var>${gasFee}</var>
<arg>//*[@class="currency-display-component__text"]</arg>
<doc>Returns the text value of the element identified by ``locator``.</doc>
<status status="NOT RUN" starttime="20210930 14:57:28.591" endtime="20210930 14:57:28.591"/>
</kw>
<kw name="Set Test Message" library="BuiltIn">
<arg>Gas Fee: ${gasFee} ETH</arg>
<doc>Sets message for the current test case.</doc>
<status status="NOT RUN" starttime="20210930 14:57:28.591" endtime="20210930 14:57:28.591"/>
</kw>
<kw name="Click Button" library="SeleniumLibrary">
<arg>Confirm</arg>
<doc>Clicks the button identified by ``locator``.</doc>
<status status="NOT RUN" starttime="20210930 14:57:28.591" endtime="20210930 14:57:28.591"/>
</kw>
<kw name="Sleep" library="BuiltIn">
<arg>5s</arg>
<doc>Pauses the test executed for the given time.</doc>
<status status="NOT RUN" starttime="20210930 14:57:28.591" endtime="20210930 14:57:28.591"/>
</kw>
<status status="FAIL" starttime="20210930 14:57:28.043" endtime="20210930 14:57:28.592"/>
</kw>
<kw name="Confirm Transaction" library="Metamask">
<kw name="Switch Window" library="SeleniumLibrary">
<arg>MetaMask Notification</arg>
<doc>Switches to browser window matching ``locator``.</doc>
<status status="PASS" starttime="20210930 14:57:31.594" endtime="20210930 14:57:35.740"/>
</kw>
<kw name="Wait Until Element Is Enabled" library="SeleniumLibrary">
<arg>//*[@data-testid="page-container-footer-next"]</arg>
<arg>20s</arg>
<doc>Waits until the element ``locator`` is enabled.</doc>
<status status="PASS" starttime="20210930 14:57:35.740" endtime="20210930 14:57:36.051"/>
</kw>
<kw name="Get Text" library="SeleniumLibrary">
<var>${gasFee}</var>
<arg>//*[@class="currency-display-component__text"]</arg>
<doc>Returns the text value of the element identified by ``locator``.</doc>
<msg timestamp="20210930 14:57:36.461" level="INFO">${gasFee} = 0.008</msg>
<status status="PASS" starttime="20210930 14:57:36.051" endtime="20210930 14:57:36.461"/>
</kw>
<kw name="Set Test Message" library="BuiltIn">
<arg>Gas Fee: ${gasFee} ETH</arg>
<doc>Sets message for the current test case.</doc>
<msg timestamp="20210930 14:57:36.461" level="INFO">Set test message to:
Gas Fee: 0.008 ETH</msg>
<status status="PASS" starttime="20210930 14:57:36.461" endtime="20210930 14:57:36.461"/>
</kw>
<kw name="Click Button" library="SeleniumLibrary">
<arg>Confirm</arg>
<doc>Clicks the button identified by ``locator``.</doc>
<msg timestamp="20210930 14:57:36.461" level="INFO">Clicking button 'Confirm'.</msg>
<status status="PASS" starttime="20210930 14:57:36.461" endtime="20210930 14:57:36.878"/>
</kw>
<kw name="Sleep" library="BuiltIn">
<arg>5s</arg>
<doc>Pauses the test executed for the given time.</doc>
<msg timestamp="20210930 14:57:41.879" level="INFO">Slept 5 seconds</msg>
<status status="PASS" starttime="20210930 14:57:36.878" endtime="20210930 14:57:41.879"/>
</kw>
<status status="PASS" starttime="20210930 14:57:31.593" endtime="20210930 14:57:41.879"/>
</kw>
<status status="PASS" starttime="20210930 14:57:28.042" endtime="20210930 14:57:41.879"/>
</kw>
<kw name="Wait Until Keyword Succeeds" library="BuiltIn">
<arg>60s</arg>
<arg>3s</arg>
<arg>Common.Close Transaction Modal</arg>
<arg>${ToToken}</arg>
<arg>Monoswap</arg>
<doc>Runs the specified keyword and retries if it fails.</doc>
<kw name="Close Transaction Modal" library="Common">
<arg>${ToToken}</arg>
<arg>Monoswap</arg>
<kw name="Switch Window" library="SeleniumLibrary">
<arg>${Title} | MonoX</arg>
<doc>Switches to browser window matching ``locator``.</doc>
<status status="PASS" starttime="20210930 14:57:41.880" endtime="20210930 14:57:41.944"/>
</kw>
<kw name="Wait Until Page Does Not Contain" library="SeleniumLibrary">
<arg>Your Transaction Has Started</arg>
<doc>Waits until ``text`` disappears from the current page.</doc>
<status status="PASS" starttime="20210930 14:57:41.944" endtime="20210930 14:57:41.970"/>
</kw>
<kw name="Sleep" library="BuiltIn">
<arg>5s</arg>
<doc>Pauses the test executed for the given time.</doc>
<msg timestamp="20210930 14:57:46.976" level="INFO">Slept 5 seconds</msg>
<status status="PASS" starttime="20210930 14:57:41.970" endtime="20210930 14:57:46.977"/>
</kw>
<kw name="Page Should Contain" library="SeleniumLibrary">
<arg>Transaction Submitted</arg>
<doc>Verifies that current page contains ``text``.</doc>
<msg timestamp="20210930 14:57:47.009" level="INFO">Current page contains text 'Transaction Submitted'.</msg>
<status status="PASS" starttime="20210930 14:57:46.977" endtime="20210930 14:57:47.009"/>
</kw>
<kw name="Get Element Attribute" library="SeleniumLibrary">
<var>${URL}</var>
<arg>//*[@id="root"]/div[2]/div[2]/div/a</arg>
<arg>href</arg>
<doc>Returns the value of ``attribute`` from the element ``locator``.</doc>
<msg timestamp="20210930 14:57:47.057" level="INFO">${URL} = https://kovan.etherscan.io/tx/0xd025459a0cb2a25b37eb01bfe35ae9ff2c9370ede87d50172f3eb5a23b744eaa</msg>
<status status="PASS" starttime="20210930 14:57:47.009" endtime="20210930 14:57:47.057"/>
</kw>
<kw name="Set Test Message" library="BuiltIn">
<arg>${URL}</arg>
<doc>Sets message for the current test case.</doc>
<msg timestamp="20210930 14:57:47.057" level="INFO">Set test message to:
https://kovan.etherscan.io/tx/0xd025459a0cb2a25b37eb01bfe35ae9ff2c9370ede87d50172f3eb5a23b744eaa</msg>
<status status="PASS" starttime="20210930 14:57:47.057" endtime="20210930 14:57:47.057"/>
</kw>
<kw name="Click Element" library="SeleniumLibrary">
<arg>//*[@data-testid="close"]</arg>
<doc>Click the element identified by ``locator``.</doc>
<msg timestamp="20210930 14:57:47.057" level="INFO">Clicking element '//*[@data-testid="close"]'.</msg>
<status status="PASS" starttime="20210930 14:57:47.057" endtime="20210930 14:57:47.260"/>
</kw>
<status status="PASS" starttime="20210930 14:57:41.880" endtime="20210930 14:57:47.260"/>
</kw>
<status status="PASS" starttime="20210930 14:57:41.879" endtime="20210930 14:57:47.260"/>
</kw>
<status status="PASS" starttime="20210930 14:56:21.098" endtime="20210930 14:57:47.260"/>
</kw>
<kw name="Closing Browser" library="Common" type="TEARDOWN">
<kw name="Stop Video Recording" library="ScreenCapLibrary">
<arg>alias=None</arg>
<doc>Stops the video recording corresponding to the given ``alias`` and generates the file in WebM format. If no
``alias`` is specified, the last opened recording will be closed. If there are more recordings with the same
alias all of them will be closed. If ``embed`` argument was set to
``True`` the video will be displayed in the log file.</doc>
<msg timestamp="20210930 14:57:47.443" level="INFO" html="true">&lt;a href="TC-MONOX-9%3A%20KOVAN-SWAP%3A%20Wrap%20ETH_1.webm"&gt;&lt;video width="100px" autoplay&gt;&lt;source src="TC-MONOX-9%3A%20KOVAN-SWAP%3A%20Wrap%20ETH_1.webm" type="video/webm"&gt;&lt;/video&gt;&lt;/a&gt;</msg>
<status status="PASS" starttime="20210930 14:57:47.262" endtime="20210930 14:57:47.444"/>
</kw>
<kw name="Close Browser" library="SeleniumLibrary">
<doc>Closes the current browser.</doc>
<status status="PASS" starttime="20210930 14:57:47.444" endtime="20210930 14:57:48.057"/>
</kw>
<status status="PASS" starttime="20210930 14:57:47.261" endtime="20210930 14:57:48.057"/>
</kw>
<status status="PASS" starttime="20210930 14:55:23.470" endtime="20210930 14:57:48.057">https://kovan.etherscan.io/tx/0xd025459a0cb2a25b37eb01bfe35ae9ff2c9370ede87d50172f3eb5a23b744eaa</status>
</test>
<test id="s1-t3" name="TC-MONOX-10: KOVAN-SWAP: Unwrap WETH">
<kw name="Connect Wallet" library="Metamask" type="SETUP">
<kw name="Create and Install Wallet" library="Metamask">
<kw name="Evaluate" library="BuiltIn">
<var>${ChromeOptions}</var>
<arg>selenium.webdriver.ChromeOptions()</arg>
<doc>Evaluates the given expression in Python and returns the result.</doc>
<msg timestamp="20210930 14:57:48.059" level="INFO">${ChromeOptions} = &lt;selenium.webdriver.chrome.options.Options object at 0x13b2f1df0&gt;</msg>
<status status="PASS" starttime="20210930 14:57:48.059" endtime="20210930 14:57:48.059"/>
</kw>
<kw name="Call Method" library="BuiltIn">
<arg>${ChromeOptions}</arg>
<arg>add_argument</arg>
<arg>--start-maximized</arg>
<doc>Calls the named method of the given object with the provided arguments.</doc>
<status status="PASS" starttime="20210930 14:57:48.059" endtime="20210930 14:57:48.059"/>
</kw>
<kw name="Call Method" library="BuiltIn">
<arg>${ChromeOptions}</arg>
<arg>add_extension</arg>
<arg>/Users/metoinside/Documents/qntism/monoswap-test-automation/Resources/Plugins/MetaMask_v10.0.3.crx</arg>
<doc>Calls the named method of the given object with the provided arguments.</doc>
<status status="PASS" starttime="20210930 14:57:48.059" endtime="20210930 14:57:48.060"/>
</kw>
<kw name="Wait Until Keyword Succeeds" library="BuiltIn">
<arg>30s</arg>
<arg>3s</arg>
<arg>Create Webdriver</arg>
<arg>Chrome</arg>
<arg>chrome_options=${ChromeOptions}</arg>
<doc>Runs the specified keyword and retries if it fails.</doc>
<kw name="Create Webdriver" library="SeleniumLibrary">
<arg>Chrome</arg>
<arg>chrome_options=${ChromeOptions}</arg>
<doc>Creates an instance of Selenium WebDriver.</doc>
<msg timestamp="20210930 14:57:48.060" level="INFO">Creating an instance of the Chrome WebDriver.</msg>
<status status="PASS" starttime="20210930 14:57:48.060" endtime="20210930 14:58:00.910"/>
</kw>
<status status="PASS" starttime="20210930 14:57:48.060" endtime="20210930 14:58:00.910"/>
</kw>
<status status="PASS" starttime="20210930 14:57:48.058" endtime="20210930 14:58:00.911"/>
</kw>
<kw name="Import MetaMask Wallet" library="Metamask">
<kw name="Switch Window" library="SeleniumLibrary">
<arg>MetaMask</arg>
<doc>Switches to browser window matching ``locator``.</doc>
<status status="PASS" starttime="20210930 14:58:00.912" endtime="20210930 14:58:10.092"/>
</kw>
<kw name="Page Should Contain Button" library="SeleniumLibrary">
<arg>Get Started</arg>
<doc>Verifies button ``locator`` is found from current page.</doc>
<msg timestamp="20210930 14:58:10.317" level="INFO">Current page contains button 'Get Started'.</msg>
<status status="PASS" starttime="20210930 14:58:10.092" endtime="20210930 14:58:10.317"/>
</kw>
<kw name="Wait Until Keyword Succeeds" library="BuiltIn">
<arg>30s</arg>
<arg>3s</arg>
<arg>Click Button</arg>
<arg>Get Started</arg>
<doc>Runs the specified keyword and retries if it fails.</doc>
<kw name="Click Button" library="SeleniumLibrary">
<arg>Get Started</arg>
<doc>Clicks the button identified by ``locator``.</doc>
<msg timestamp="20210930 14:58:10.318" level="INFO">Clicking button 'Get Started'.</msg>
<status status="PASS" starttime="20210930 14:58:10.318" endtime="20210930 14:58:12.114"/>
</kw>
<status status="PASS" starttime="20210930 14:58:10.318" endtime="20210930 14:58:12.114"/>
</kw>
<kw name="Page Should Contain Button" library="SeleniumLibrary">
<arg>Import wallet</arg>
<doc>Verifies button ``locator`` is found from current page.</doc>
<msg timestamp="20210930 14:58:12.226" level="INFO">Current page contains button 'Import wallet'.</msg>
<status status="PASS" starttime="20210930 14:58:12.114" endtime="20210930 14:58:12.226"/>
</kw>
<kw name="Wait Until Keyword Succeeds" library="BuiltIn">
<arg>30s</arg>
<arg>3s</arg>
<arg>Click Button</arg>
<arg>Import wallet</arg>
<doc>Runs the specified keyword and retries if it fails.</doc>
<kw name="Click Button" library="SeleniumLibrary">
<arg>Import wallet</arg>
<doc>Clicks the button identified by ``locator``.</doc>
<msg timestamp="20210930 14:58:12.226" level="INFO">Clicking button 'Import wallet'.</msg>
<status status="PASS" starttime="20210930 14:58:12.226" endtime="20210930 14:58:12.700"/>
</kw>
<status status="PASS" starttime="20210930 14:58:12.226" endtime="20210930 14:58:12.700"/>
</kw>
<kw name="Page Should Contain Button" library="SeleniumLibrary">
<arg>I Agree</arg>
<doc>Verifies button ``locator`` is found from current page.</doc>
<msg timestamp="20210930 14:58:12.812" level="INFO">Current page contains button 'I Agree'.</msg>
<status status="PASS" starttime="20210930 14:58:12.700" endtime="20210930 14:58:12.812"/>
</kw>
<kw name="Wait Until Keyword Succeeds" library="BuiltIn">
<arg>30s</arg>
<arg>3s</arg>
<arg>Click Button</arg>
<arg>I Agree</arg>
<doc>Runs the specified keyword and retries if it fails.</doc>
<kw name="Click Button" library="SeleniumLibrary">
<arg>I Agree</arg>
<doc>Clicks the button identified by ``locator``.</doc>
<msg timestamp="20210930 14:58:12.813" level="INFO">Clicking button 'I Agree'.</msg>
<status status="PASS" starttime="20210930 14:58:12.813" endtime="20210930 14:58:13.327"/>
</kw>
<status status="PASS" starttime="20210930 14:58:12.813" endtime="20210930 14:58:13.328"/>
</kw>
<kw name="Wait Until Keyword Succeeds" library="BuiltIn">
<arg>30s</arg>
<arg>3s</arg>
<arg>Input Text</arg>
<arg>//*[@placeholder="Paste Secret Recovery Phrase from clipboard"]</arg>
<arg>month foam ostrich boil negative border absorb swap metal tooth wise coconut</arg>
<doc>Runs the specified keyword and retries if it fails.</doc>
<kw name="Input Text" library="SeleniumLibrary">
<arg>//*[@placeholder="Paste Secret Recovery Phrase from clipboard"]</arg>
<arg>month foam ostrich boil negative border absorb swap metal tooth wise coconut</arg>
<doc>Types the given ``text`` into the text field identified by ``locator``.</doc>
<msg timestamp="20210930 14:58:13.328" level="INFO">Typing text 'month foam ostrich boil negative border absorb swap metal tooth wise coconut' into text field '//*[@placeholder="Paste Secret Recovery Phrase from clipboard"]'.</msg>
<kw name="Capture Page Screenshot" library="SeleniumLibrary">
<doc>Takes a screenshot of the current page and embeds it into a log file.</doc>
<msg timestamp="20210930 14:58:18.174" level="INFO" html="true">&lt;/td&gt;&lt;/tr&gt;&lt;tr&gt;&lt;td colspan="3"&gt;&lt;a href="selenium-screenshot-6.png"&gt;&lt;img src="selenium-screenshot-6.png" width="800px"&gt;&lt;/a&gt;</msg>
<status status="PASS" starttime="20210930 14:58:14.169" endtime="20210930 14:58:18.174"/>
</kw>
<msg timestamp="20210930 14:58:18.175" level="FAIL">Element with locator '//*[@placeholder="Paste Secret Recovery Phrase from clipboard"]' not found.</msg>
<status status="FAIL" starttime="20210930 14:58:13.328" endtime="20210930 14:58:18.175"/>
</kw>
<kw name="Input Text" library="SeleniumLibrary">
<arg>//*[@placeholder="Paste Secret Recovery Phrase from clipboard"]</arg>
<arg>month foam ostrich boil negative border absorb swap metal tooth wise coconut</arg>
<doc>Types the given ``text`` into the text field identified by ``locator``.</doc>
[...]
<doc>Takes a screenshot of the current page and embeds it into a log file.</doc>
<msg timestamp="20210930 15:18:30.308" level="INFO" html="true">&lt;/td&gt;&lt;/tr&gt;&lt;tr&gt;&lt;td colspan="3"&gt;&lt;a href="selenium-screenshot-45.png"&gt;&lt;img src="selenium-screenshot-45.png" width="800px"&gt;&lt;/a&gt;</msg>
<status status="PASS" starttime="20210930 15:18:29.353" endtime="20210930 15:18:30.308"/>
</kw>
<msg timestamp="20210930 15:18:30.309" level="FAIL">No window matching handle, name, title or URL 'MetaMask Notification' found.</msg>
<status status="FAIL" starttime="20210930 15:18:29.306" endtime="20210930 15:18:30.309"/>
</kw>
<kw name="Switch Window" library="SeleniumLibrary">
<arg>MetaMask Notification</arg>
<doc>Switches to browser window matching ``locator``.</doc>
<status status="PASS" starttime="20210930 15:18:33.310" endtime="20210930 15:18:37.368"/>
</kw>
<status status="PASS" starttime="20210930 15:18:29.306" endtime="20210930 15:18:37.369"/>
</kw>
<kw name="Wait Until Keyword Succeeds" library="BuiltIn">
<arg>30s</arg>
<arg>3s</arg>
<arg>Click Button</arg>
<arg>Next</arg>
<doc>Runs the specified keyword and retries if it fails.</doc>
<kw name="Click Button" library="SeleniumLibrary">
<arg>Next</arg>
<doc>Clicks the button identified by ``locator``.</doc>
<msg timestamp="20210930 15:18:37.369" level="INFO">Clicking button 'Next'.</msg>
<status status="PASS" starttime="20210930 15:18:37.369" endtime="20210930 15:18:37.692"/>
</kw>
<status status="PASS" starttime="20210930 15:18:37.369" endtime="20210930 15:18:37.692"/>
</kw>
<kw name="Wait Until Keyword Succeeds" library="BuiltIn">
<arg>30s</arg>
<arg>3s</arg>
<arg>Click Element</arg>
<arg>//*[@data-testid="page-container-footer-next"]</arg>
<doc>Runs the specified keyword and retries if it fails.</doc>
<kw name="Click Element" library="SeleniumLibrary">
<arg>//*[@data-testid="page-container-footer-next"]</arg>
<doc>Click the element identified by ``locator``.</doc>
<msg timestamp="20210930 15:18:37.693" level="INFO">Clicking element '//*[@data-testid="page-container-footer-next"]'.</msg>
<status status="PASS" starttime="20210930 15:18:37.693" endtime="20210930 15:18:38.141"/>
</kw>
<status status="PASS" starttime="20210930 15:18:37.692" endtime="20210930 15:18:38.142"/>
</kw>
<kw name="Wait Until Keyword Succeeds" library="BuiltIn">
<arg>30s</arg>
<arg>3s</arg>
<arg>Switch Window</arg>
<arg>Home Page | MonoX</arg>
<doc>Runs the specified keyword and retries if it fails.</doc>
<kw name="Switch Window" library="SeleniumLibrary">
<arg>Home Page | MonoX</arg>
<doc>Switches to browser window matching ``locator``.</doc>
<status status="PASS" starttime="20210930 15:18:38.142" endtime="20210930 15:18:38.553"/>
</kw>
<status status="PASS" starttime="20210930 15:18:38.142" endtime="20210930 15:18:38.553"/>
</kw>
<status status="PASS" starttime="20210930 15:17:56.665" endtime="20210930 15:18:38.553"/>
</kw>
<kw name="Wait Until Keyword Succeeds" library="BuiltIn">
<arg>30s</arg>
<arg>3s</arg>
<arg>Header.Navigate Farm</arg>
<doc>Runs the specified keyword and retries if it fails.</doc>
<kw name="Navigate Farm" library="Header">
<kw name="Page Should Contain" library="SeleniumLibrary">
<arg>Farm</arg>
<doc>Verifies that current page contains ``text``.</doc>
<msg timestamp="20210930 15:18:38.644" level="INFO">Current page contains text 'Farm'.</msg>
<status status="PASS" starttime="20210930 15:18:38.554" endtime="20210930 15:18:38.644"/>
</kw>
<kw name="Click Element" library="SeleniumLibrary">
<arg>//*[@href="/farm?network=kovan"]</arg>
<doc>Click the element identified by ``locator``.</doc>
<msg timestamp="20210930 15:18:38.644" level="INFO">Clicking element '//*[@href="/farm?network=kovan"]'.</msg>
<status status="PASS" starttime="20210930 15:18:38.644" endtime="20210930 15:18:41.878"/>
</kw>
<kw name="Page Should Contain" library="SeleniumLibrary">
<arg>Farm</arg>
<doc>Verifies that current page contains ``text``.</doc>
<msg timestamp="20210930 15:18:41.940" level="INFO">Current page contains text 'Farm'.</msg>
<status status="PASS" starttime="20210930 15:18:41.878" endtime="20210930 15:18:41.940"/>
</kw>
<kw name="Wait Until Keyword Succeeds" library="BuiltIn">
<arg>60s</arg>
<arg>3s</arg>
<arg>Page Should Contain</arg>
<arg>Claimable MONO</arg>
<doc>Runs the specified keyword and retries if it fails.</doc>
<kw name="Page Should Contain" library="SeleniumLibrary">
<arg>Claimable MONO</arg>
<doc>Verifies that current page contains ``text``.</doc>
<msg timestamp="20210930 15:18:41.966" level="INFO">Current page contains text 'Claimable MONO'.</msg>
<status status="PASS" starttime="20210930 15:18:41.940" endtime="20210930 15:18:41.966"/>
</kw>
<status status="PASS" starttime="20210930 15:18:41.940" endtime="20210930 15:18:41.966"/>
</kw>
<status status="PASS" starttime="20210930 15:18:38.553" endtime="20210930 15:18:41.966"/>
</kw>
<status status="PASS" starttime="20210930 15:18:38.553" endtime="20210930 15:18:41.966"/>
</kw>
<kw name="Sleep" library="BuiltIn">
<arg>10s</arg>
<doc>Pauses the test executed for the given time.</doc>
<msg timestamp="20210930 15:18:51.966" level="INFO">Slept 10 seconds</msg>
<status status="PASS" starttime="20210930 15:18:41.966" endtime="20210930 15:18:51.967"/>
</kw>
<kw name="Wait Until Page Contains" library="SeleniumLibrary">
<arg>${Token}</arg>
<doc>Waits until ``text`` appears on the current page.</doc>
<status status="PASS" starttime="20210930 15:18:51.967" endtime="20210930 15:18:51.984"/>
</kw>
<kw name="Get Element Count" library="SeleniumLibrary">
<var>${TokenNumber}</var>
<arg>//*[@id="root"]/div/div[2]/div[1]/div[2]/div[1]/table/tbody/tr</arg>
<doc>Returns the number of elements matching ``locator``.</doc>
<msg timestamp="20210930 15:18:51.999" level="INFO">${TokenNumber} = 1</msg>
<status status="PASS" starttime="20210930 15:18:51.984" endtime="20210930 15:18:52.000"/>
</kw>
<kw name="Should Be True" library="BuiltIn">
<arg>${TokenNumber} &gt; 0</arg>
<doc>Fails if the given condition is not true.</doc>
<status status="PASS" starttime="20210930 15:18:52.001" endtime="20210930 15:18:52.001"/>
</kw>
<kw name="Run Keyword And Return Status" library="BuiltIn">
<var>${IsApproveButtonVisible}</var>
<arg>Element Should Be Visible</arg>
<arg>//*[@data-testid="approve"]</arg>
<doc>Runs the given keyword with given arguments and returns the status as a Boolean value.</doc>
<kw name="Element Should Be Visible" library="SeleniumLibrary">
<arg>//*[@data-testid="approve"]</arg>
<doc>Verifies that the element identified by ``locator`` is visible.</doc>
<kw name="Capture Page Screenshot" library="SeleniumLibrary">
<doc>Takes a screenshot of the current page and embeds it into a log file.</doc>
<msg timestamp="20210930 15:18:52.486" level="INFO" html="true">&lt;/td&gt;&lt;/tr&gt;&lt;tr&gt;&lt;td colspan="3"&gt;&lt;a href="selenium-screenshot-46.png"&gt;&lt;img src="selenium-screenshot-46.png" width="800px"&gt;&lt;/a&gt;</msg>
<status status="PASS" starttime="20210930 15:18:52.019" endtime="20210930 15:18:52.486"/>
</kw>
<msg timestamp="20210930 15:18:52.487" level="FAIL">Element with locator '//*[@data-testid="approve"]' not found.</msg>
<status status="FAIL" starttime="20210930 15:18:52.001" endtime="20210930 15:18:52.487"/>
</kw>
<msg timestamp="20210930 15:18:52.487" level="INFO">${IsApproveButtonVisible} = False</msg>
<status status="PASS" starttime="20210930 15:18:52.001" endtime="20210930 15:18:52.487"/>
</kw>
<kw name="Run Keyword If" library="BuiltIn">
<arg>${IsApproveButtonVisible}</arg>
<arg>Click Element</arg>
<arg>//*[@data-testid="approve"]</arg>
<doc>Runs the given keyword with the given arguments, if ``condition`` is true.</doc>
<status status="PASS" starttime="20210930 15:18:52.487" endtime="20210930 15:18:52.487"/>
</kw>
<kw name="Sleep" library="BuiltIn">
<arg>15s</arg>
<doc>Pauses the test executed for the given time.</doc>
<msg timestamp="20210930 15:19:07.488" level="INFO">Slept 15 seconds</msg>
<status status="PASS" starttime="20210930 15:18:52.487" endtime="20210930 15:19:07.489"/>
</kw>
<kw name="Run Keyword If" library="BuiltIn">
<arg>${IsApproveButtonVisible}</arg>
<arg>MetaMask.Confirm Transaction</arg>
<doc>Runs the given keyword with the given arguments, if ``condition`` is true.</doc>
<status status="PASS" starttime="20210930 15:19:07.489" endtime="20210930 15:19:07.489"/>
</kw>
<kw name="Run Keyword If" library="BuiltIn">
<arg>${IsApproveButtonVisible}</arg>
<arg>Switch Window</arg>
<arg>Farms | MonoX</arg>
<doc>Runs the given keyword with the given arguments, if ``condition`` is true.</doc>
<status status="PASS" starttime="20210930 15:19:07.489" endtime="20210930 15:19:07.489"/>
</kw>
<kw name="Run Keyword And Return Status" library="BuiltIn">
<var>${IsStakeButtonVisible}</var>
<arg>Element Should Be Visible</arg>
<arg>//*[@data-testid="harvest-now"]</arg>
<doc>Runs the given keyword with given arguments and returns the status as a Boolean value.</doc>
<kw name="Element Should Be Visible" library="SeleniumLibrary">
<arg>//*[@data-testid="harvest-now"]</arg>
<doc>Verifies that the element identified by ``locator`` is visible.</doc>
<msg timestamp="20210930 15:19:07.528" level="INFO">Element '//*[@data-testid="harvest-now"]' is displayed.</msg>
<status status="PASS" starttime="20210930 15:19:07.489" endtime="20210930 15:19:07.528"/>
</kw>
<msg timestamp="20210930 15:19:07.529" level="INFO">${IsStakeButtonVisible} = True</msg>
<status status="PASS" starttime="20210930 15:19:07.489" endtime="20210930 15:19:07.529"/>
</kw>
<kw name="Should Be True" library="BuiltIn">
<arg>${IsStakeButtonVisible}</arg>
<doc>Fails if the given condition is not true.</doc>
<status status="PASS" starttime="20210930 15:19:07.529" endtime="20210930 15:19:07.529"/>
</kw>
<kw name="Run Keyword If" library="BuiltIn">
<arg>${IsStakeButtonVisible}</arg>
<arg>Click Element</arg>
<arg>//*[@data-testid="harvest-now"]</arg>
<doc>Runs the given keyword with the given arguments, if ``condition`` is true.</doc>
<kw name="Click Element" library="SeleniumLibrary">
<arg>//*[@data-testid="harvest-now"]</arg>
<doc>Click the element identified by ``locator``.</doc>
<msg timestamp="20210930 15:19:07.529" level="INFO">Clicking element '//*[@data-testid="harvest-now"]'.</msg>
<status status="PASS" starttime="20210930 15:19:07.529" endtime="20210930 15:19:07.964"/>
</kw>
<status status="PASS" starttime="20210930 15:19:07.529" endtime="20210930 15:19:07.965"/>
</kw>
<kw name="Sleep" library="BuiltIn">
<arg>15s</arg>
<doc>Pauses the test executed for the given time.</doc>
<msg timestamp="20210930 15:19:22.966" level="INFO">Slept 15 seconds</msg>
<status status="PASS" starttime="20210930 15:19:07.965" endtime="20210930 15:19:22.966"/>
</kw>
<kw name="Run Keyword If" library="BuiltIn">
<arg>${IsStakeButtonVisible}</arg>
<arg>Metamask.Confirm Transaction</arg>
<doc>Runs the given keyword with the given arguments, if ``condition`` is true.</doc>
<kw name="Confirm Transaction" library="Metamask">
<kw name="Switch Window" library="SeleniumLibrary">
<arg>MetaMask Notification</arg>
<doc>Switches to browser window matching ``locator``.</doc>
<status status="PASS" starttime="20210930 15:19:22.967" endtime="20210930 15:19:23.183"/>
</kw>
<kw name="Wait Until Element Is Enabled" library="SeleniumLibrary">
<arg>//*[@data-testid="page-container-footer-next"]</arg>
<arg>20s</arg>
<doc>Waits until the element ``locator`` is enabled.</doc>
<status status="PASS" starttime="20210930 15:19:23.183" endtime="20210930 15:19:25.948"/>
</kw>
<kw name="Get Text" library="SeleniumLibrary">
<var>${gasFee}</var>
<arg>//*[@class="currency-display-component__text"]</arg>
<doc>Returns the text value of the element identified by ``locator``.</doc>
<msg timestamp="20210930 15:19:26.014" level="INFO">${gasFee} = 0</msg>
<status status="PASS" starttime="20210930 15:19:25.948" endtime="20210930 15:19:26.014"/>
</kw>
<kw name="Set Test Message" library="BuiltIn">
<arg>Gas Fee: ${gasFee} ETH</arg>
<doc>Sets message for the current test case.</doc>
<msg timestamp="20210930 15:19:26.014" level="INFO">Set test message to:
Gas Fee: 0 ETH</msg>
<status status="PASS" starttime="20210930 15:19:26.014" endtime="20210930 15:19:26.014"/>
</kw>
<kw name="Click Button" library="SeleniumLibrary">
<arg>Confirm</arg>
<doc>Clicks the button identified by ``locator``.</doc>
<msg timestamp="20210930 15:19:26.014" level="INFO">Clicking button 'Confirm'.</msg>
<status status="PASS" starttime="20210930 15:19:26.014" endtime="20210930 15:19:26.314"/>
</kw>
<kw name="Sleep" library="BuiltIn">
<arg>5s</arg>
<doc>Pauses the test executed for the given time.</doc>
<msg timestamp="20210930 15:19:31.316" level="INFO">Slept 5 seconds</msg>
<status status="PASS" starttime="20210930 15:19:26.315" endtime="20210930 15:19:31.316"/>
</kw>
<status status="PASS" starttime="20210930 15:19:22.967" endtime="20210930 15:19:31.316"/>
</kw>
<status status="PASS" starttime="20210930 15:19:22.967" endtime="20210930 15:19:31.316"/>
</kw>
<kw name="Run Keyword If" library="BuiltIn">
<arg>${IsStakeButtonVisible}</arg>
<arg>Switch Window</arg>
<arg>Farms | MonoX</arg>
<doc>Runs the given keyword with the given arguments, if ``condition`` is true.</doc>
<kw name="Switch Window" library="SeleniumLibrary">
<arg>Farms | MonoX</arg>
<doc>Switches to browser window matching ``locator``.</doc>
<status status="PASS" starttime="20210930 15:19:31.316" endtime="20210930 15:19:31.385"/>
</kw>
<status status="PASS" starttime="20210930 15:19:31.316" endtime="20210930 15:19:31.385"/>
</kw>
<status status="PASS" starttime="20210930 15:17:56.664" endtime="20210930 15:19:31.385"/>
</kw>
<kw name="Closing Browser" library="Common" type="TEARDOWN">
<kw name="Stop Video Recording" library="ScreenCapLibrary">
<arg>alias=None</arg>
<doc>Stops the video recording corresponding to the given ``alias`` and generates the file in WebM format. If no
``alias`` is specified, the last opened recording will be closed. If there are more recordings with the same
alias all of them will be closed. If ``embed`` argument was set to
``True`` the video will be displayed in the log file.</doc>
<msg timestamp="20210930 15:19:31.445" level="INFO" html="true">&lt;a href="KOVAN-HARVEST-WETH_1.webm"&gt;&lt;video width="100px" autoplay&gt;&lt;source src="KOVAN-HARVEST-WETH_1.webm" type="video/webm"&gt;&lt;/video&gt;&lt;/a&gt;</msg>
<status status="PASS" starttime="20210930 15:19:31.387" endtime="20210930 15:19:31.445"/>
</kw>
<kw name="Close Browser" library="SeleniumLibrary">
<doc>Closes the current browser.</doc>
<status status="PASS" starttime="20210930 15:19:31.446" endtime="20210930 15:19:32.097"/>
</kw>
<status status="PASS" starttime="20210930 15:19:31.386" endtime="20210930 15:19:32.097"/>
</kw>
<status status="PASS" starttime="20210930 15:16:54.251" endtime="20210930 15:19:32.097">Gas Fee: 0 ETH</status>
</test>
<status status="FAIL" starttime="20210930 14:53:20.899" endtime="20210930 15:19:32.100"/>
</suite>
<statistics>
<total>
<stat pass="7" fail="3" skip="0">All Tests</stat>
</total>
<tag>
</tag>
<suite>
<stat pass="7" fail="3" skip="0" id="s1" name="SmokeTest">SmokeTest</stat>
</suite>
</statistics>
<errors>
<msg timestamp="20210930 14:53:21.559" level="WARN">Imported resource file '/Users/metoinside/Documents/qntism/monoswap-test-automation/Resources/PageObjects/Home.robot' is empty.</msg>
<msg timestamp="20210930 14:53:21.563" level="WARN">Imported resource file '/Users/metoinside/Documents/qntism/monoswap-test-automation/Resources/PageObjects/Future.robot' is empty.</msg>
<msg timestamp="20210930 15:05:45.533" level="WARN">Keyword 'Capture Page Screenshot' could not be run on failure: WebDriverException: Message: chrome not reachable
  (Session info: chrome=94.0.4606.61)
</msg>
<msg timestamp="20210930 15:05:48.542" level="WARN">Keyword 'Capture Page Screenshot' could not be run on failure: WebDriverException: Message: chrome not reachable
  (Session info: chrome=94.0.4606.61)
</msg>
<msg timestamp="20210930 15:05:51.552" level="WARN">Keyword 'Capture Page Screenshot' could not be run on failure: WebDriverException: Message: chrome not reachable
  (Session info: chrome=94.0.4606.61)
</msg>
<msg timestamp="20210930 15:05:54.562" level="WARN">Keyword 'Capture Page Screenshot' could not be run on failure: WebDriverException: Message: chrome not reachable
  (Session info: chrome=94.0.4606.61)
</msg>
<msg timestamp="20210930 15:05:57.578" level="WARN">Keyword 'Capture Page Screenshot' could not be run on failure: WebDriverException: Message: chrome not reachable
  (Session info: chrome=94.0.4606.61)
</msg>
<msg timestamp="20210930 15:06:00.587" level="WARN">Keyword 'Capture Page Screenshot' could not be run on failure: WebDriverException: Message: chrome not reachable
  (Session info: chrome=94.0.4606.61)
</msg>
<msg timestamp="20210930 15:06:03.596" level="WARN">Keyword 'Capture Page Screenshot' could not be run on failure: WebDriverException: Message: chrome not reachable
  (Session info: chrome=94.0.4606.61)
</msg>
<msg timestamp="20210930 15:06:06.604" level="WARN">Keyword 'Capture Page Screenshot' could not be run on failure: WebDriverException: Message: chrome not reachable
  (Session info: chrome=94.0.4606.61)
</msg>
<msg timestamp="20210930 15:06:09.617" level="WARN">Keyword 'Capture Page Screenshot' could not be run on failure: WebDriverException: Message: chrome not reachable
  (Session info: chrome=94.0.4606.61)
</msg>
<msg timestamp="20210930 15:06:12.627" level="WARN">Keyword 'Capture Page Screenshot' could not be run on failure: WebDriverException: Message: chrome not reachable
  (Session info: chrome=94.0.4606.61)
</msg>
<msg timestamp="20210930 15:06:15.642" level="WARN">Keyword 'Capture Page Screenshot' could not be run on failure: WebDriverException: Message: chrome not reachable
  (Session info: chrome=94.0.4606.61)
</msg>
<msg timestamp="20210930 15:06:18.654" level="WARN">Keyword 'Capture Page Screenshot' could not be run on failure: WebDriverException: Message: chrome not reachable
  (Session info: chrome=94.0.4606.61)
</msg>
<msg timestamp="20210930 15:06:21.664" level="WARN">Keyword 'Capture Page Screenshot' could not be run on failure: WebDriverException: Message: chrome not reachable
  (Session info: chrome=94.0.4606.61)
</msg>
<msg timestamp="20210930 15:06:24.672" level="WARN">Keyword 'Capture Page Screenshot' could not be run on failure: WebDriverException: Message: chrome not reachable
  (Session info: chrome=94.0.4606.61)
</msg>
<msg timestamp="20210930 15:06:27.682" level="WARN">Keyword 'Capture Page Screenshot' could not be run on failure: WebDriverException: Message: chrome not reachable
  (Session info: chrome=94.0.4606.61)
</msg>
<msg timestamp="20210930 15:06:30.692" level="WARN">Keyword 'Capture Page Screenshot' could not be run on failure: WebDriverException: Message: chrome not reachable
  (Session info: chrome=94.0.4606.61)
</msg>
<msg timestamp="20210930 15:06:33.699" level="WARN">Keyword 'Capture Page Screenshot' could not be run on failure: WebDriverException: Message: chrome not reachable
  (Session info: chrome=94.0.4606.61)
</msg>
<msg timestamp="20210930 15:06:36.707" level="WARN">Keyword 'Capture Page Screenshot' could not be run on failure: WebDriverException: Message: chrome not reachable
  (Session info: chrome=94.0.4606.61)
</msg>
<msg timestamp="20210930 15:06:39.716" level="WARN">Keyword 'Capture Page Screenshot' could not be run on failure: WebDriverException: Message: chrome not reachable
  (Session info: chrome=94.0.4606.61)
</msg>
<msg timestamp="20210930 15:06:42.724" level="WARN">Keyword 'Capture Page Screenshot' could not be run on failure: WebDriverException: Message: chrome not reachable
  (Session info: chrome=94.0.4606.61)
</msg>
<msg timestamp="20210930 15:06:45.737" level="WARN">Keyword 'Capture Page Screenshot' could not be run on failure: WebDriverException: Message: chrome not reachable
  (Session info: chrome=94.0.4606.61)
</msg>
</errors>
</robot>
