<?xml version="1.0" encoding="UTF-8"?>
<robot generator="Robot 4.1.1 (Python 3.9.7 on darwin)" generated="20211014 09:35:07.052" rpa="false" schemaversion="2">
<suite id="s1" name="SmokeTest" source="/Users/highceilingden/PycharmProjects/monoswap-test-automation-main/SmokeTest.robot">
<test id="s1-t1" name="TC-MONOX-8: KOVAN-SWAP: No Pool">
<kw name="Connect Wallet" library="Metamask" type="SETUP">
<kw name="Create and Install Wallet" library="Metamask">
<kw name="Evaluate" library="BuiltIn">
<var>${ChromeOptions}</var>
<arg>selenium.webdriver.ChromeOptions()</arg>
<doc>Evaluates the given expression in Python and returns the result.</doc>
<msg timestamp="20211014 09:35:09.727" level="INFO">${ChromeOptions} = &lt;selenium.webdriver.chrome.options.Options object at 0x11c7ff970&gt;</msg>
<status status="PASS" starttime="20211014 09:35:09.726" endtime="20211014 09:35:09.727"/>
</kw>
<kw name="Call Method" library="BuiltIn">
<arg>${ChromeOptions}</arg>
<arg>add_argument</arg>
<arg>--start-maximized</arg>
<doc>Calls the named method of the given object with the provided arguments.</doc>
<status status="PASS" starttime="20211014 09:35:09.727" endtime="20211014 09:35:09.728"/>
</kw>
<kw name="Call Method" library="BuiltIn">
<arg>${ChromeOptions}</arg>
<arg>add_extension</arg>
<arg>/Users/highceilingden/PycharmProjects/monoswap-test-automation-main/Resources/Plugins/MetaMask_v10.0.3.crx</arg>
<doc>Calls the named method of the given object with the provided arguments.</doc>
<status status="PASS" starttime="20211014 09:35:09.728" endtime="20211014 09:35:09.729"/>
</kw>
<kw name="Wait Until Keyword Succeeds" library="BuiltIn">
<arg>30s</arg>
<arg>3s</arg>
<arg>Create Webdriver</arg>
<arg>Chrome</arg>
<arg>chrome_options=${ChromeOptions}</arg>
<doc>Runs the specified keyword and retries if it fails.</doc>
<kw name="Create Webdriver" library="SeleniumLibrary">
<arg>Chrome</arg>
<arg>chrome_options=${ChromeOptions}</arg>
<doc>Creates an instance of Selenium WebDriver.</doc>
<msg timestamp="20211014 09:35:09.734" level="INFO">Creating an instance of the Chrome WebDriver.</msg>
<status status="PASS" starttime="20211014 09:35:09.733" endtime="20211014 09:35:16.487"/>
</kw>
<status status="PASS" starttime="20211014 09:35:09.731" endtime="20211014 09:35:16.487"/>
</kw>
<status status="PASS" starttime="20211014 09:35:09.726" endtime="20211014 09:35:16.488"/>
</kw>
<kw name="Import MetaMask Wallet" library="Metamask">
<kw name="Switch Window" library="SeleniumLibrary">
<arg>MetaMask</arg>
<doc>Switches to browser window matching ``locator``.</doc>
<status status="PASS" starttime="20211014 09:35:16.489" endtime="20211014 09:35:17.497"/>
</kw>
<kw name="Page Should Contain Button" library="SeleniumLibrary">
<arg>Get Started</arg>
<doc>Verifies button ``locator`` is found from current page.</doc>
<msg timestamp="20211014 09:35:17.560" level="INFO">Current page contains button 'Get Started'.</msg>
<status status="PASS" starttime="20211014 09:35:17.498" endtime="20211014 09:35:17.561"/>
</kw>
<kw name="Wait Until Keyword Succeeds" library="BuiltIn">
<arg>30s</arg>
<arg>3s</arg>
<arg>Click Button</arg>
<arg>Get Started</arg>
<doc>Runs the specified keyword and retries if it fails.</doc>
<kw name="Click Button" library="SeleniumLibrary">
<arg>Get Started</arg>
<doc>Clicks the button identified by ``locator``.</doc>
<msg timestamp="20211014 09:35:17.561" level="INFO">Clicking button 'Get Started'.</msg>
<status status="PASS" starttime="20211014 09:35:17.561" endtime="20211014 09:35:17.638"/>
</kw>
<status status="PASS" starttime="20211014 09:35:17.561" endtime="20211014 09:35:17.639"/>
</kw>
<kw name="Page Should Contain Button" library="SeleniumLibrary">
<arg>Import wallet</arg>
<doc>Verifies button ``locator`` is found from current page.</doc>
<msg timestamp="20211014 09:35:17.688" level="INFO">Current page contains button 'Import wallet'.</msg>
<status status="PASS" starttime="20211014 09:35:17.639" endtime="20211014 09:35:17.688"/>
</kw>
<kw name="Wait Until Keyword Succeeds" library="BuiltIn">
<arg>30s</arg>
<arg>3s</arg>
<arg>Click Button</arg>
<arg>Import wallet</arg>
<doc>Runs the specified keyword and retries if it fails.</doc>
<kw name="Click Button" library="SeleniumLibrary">
<arg>Import wallet</arg>
<doc>Clicks the button identified by ``locator``.</doc>
<msg timestamp="20211014 09:35:17.689" level="INFO">Clicking button 'Import wallet'.</msg>
<status status="PASS" starttime="20211014 09:35:17.689" endtime="20211014 09:35:17.798"/>
</kw>
<status status="PASS" starttime="20211014 09:35:17.688" endtime="20211014 09:35:17.798"/>
</kw>
<kw name="Page Should Contain Button" library="SeleniumLibrary">
<arg>I Agree</arg>
<doc>Verifies button ``locator`` is found from current page.</doc>
<msg timestamp="20211014 09:35:17.837" level="INFO">Current page contains button 'I Agree'.</msg>
<status status="PASS" starttime="20211014 09:35:17.799" endtime="20211014 09:35:17.837"/>
</kw>
<kw name="Wait Until Keyword Succeeds" library="BuiltIn">
<arg>30s</arg>
<arg>3s</arg>
<arg>Click Button</arg>
<arg>I Agree</arg>
<doc>Runs the specified keyword and retries if it fails.</doc>
<kw name="Click Button" library="SeleniumLibrary">
<arg>I Agree</arg>
<doc>Clicks the button identified by ``locator``.</doc>
<msg timestamp="20211014 09:35:17.838" level="INFO">Clicking button 'I Agree'.</msg>
<status status="PASS" starttime="20211014 09:35:17.838" endtime="20211014 09:35:17.884"/>
</kw>
<status status="PASS" starttime="20211014 09:35:17.837" endtime="20211014 09:35:17.884"/>
</kw>
<kw name="Wait Until Keyword Succeeds" library="BuiltIn">
<arg>30s</arg>
<arg>3s</arg>
<arg>Input Text</arg>
<arg>//*[@placeholder="Paste Secret Recovery Phrase from clipboard"]</arg>
<arg>month foam ostrich boil negative border absorb swap metal tooth wise coconut</arg>
<doc>Runs the specified keyword and retries if it fails.</doc>
<kw name="Input Text" library="SeleniumLibrary">
<arg>//*[@placeholder="Paste Secret Recovery Phrase from clipboard"]</arg>
<arg>month foam ostrich boil negative border absorb swap metal tooth wise coconut</arg>
<doc>Types the given ``text`` into the text field identified by ``locator``.</doc>
<msg timestamp="20211014 09:35:17.886" level="INFO">Typing text 'month foam ostrich boil negative border absorb swap metal tooth wise coconut' into text field '//*[@placeholder="Paste Secret Recovery Phrase from clipboard"]'.</msg>
<kw name="Capture Page Screenshot" library="SeleniumLibrary">
<doc>Takes a screenshot of the current page and embeds it into a log file.</doc>
<msg timestamp="20211014 09:35:18.249" level="INFO" html="true">&lt;/td&gt;&lt;/tr&gt;&lt;tr&gt;&lt;td colspan="3"&gt;&lt;a href="selenium-screenshot-1.png"&gt;&lt;img src="selenium-screenshot-1.png" width="800px"&gt;&lt;/a&gt;</msg>
<status status="PASS" starttime="20211014 09:35:17.895" endtime="20211014 09:35:18.249"/>
</kw>
<msg timestamp="20211014 09:35:18.257" level="FAIL">Element with locator '//*[@placeholder="Paste Secret Recovery Phrase from clipboard"]' not found.</msg>
<status status="FAIL" starttime="20211014 09:35:17.885" endtime="20211014 09:35:18.258"/>
</kw>
<kw name="Input Text" library="SeleniumLibrary">
<arg>//*[@placeholder="Paste Secret Recovery Phrase from clipboard"]</arg>
<arg>month foam ostrich boil negative border absorb swap metal tooth wise coconut</arg>
<doc>Types the given ``text`` into the text field identified by ``locator``.</doc>
<msg timestamp="20211014 09:35:21.259" level="INFO">Typing text 'month foam ostrich boil negative border absorb swap metal tooth wise coconut' into text field '//*[@placeholder="Paste Secret Recovery Phrase from clipboard"]'.</msg>
<status status="PASS" starttime="20211014 09:35:21.259" endtime="20211014 09:35:21.711"/>
</kw>
<status status="PASS" starttime="20211014 09:35:17.884" endtime="20211014 09:35:21.711"/>
</kw>
<kw name="Wait Until Keyword Succeeds" library="BuiltIn">
<arg>30s</arg>
<arg>3s</arg>
<arg>Input Text</arg>
<arg>//*[@id="password"]</arg>
<arg>Asdf1234</arg>
<doc>Runs the specified keyword and retries if it fails.</doc>
<kw name="Input Text" library="SeleniumLibrary">
<arg>//*[@id="password"]</arg>
<arg>Asdf1234</arg>
<doc>Types the given ``text`` into the text field identified by ``locator``.</doc>
<msg timestamp="20211014 09:35:21.712" level="INFO">Typing text 'Asdf1234' into text field '//*[@id="password"]'.</msg>
<status status="PASS" starttime="20211014 09:35:21.712" endtime="20211014 09:35:21.897"/>
</kw>
<status status="PASS" starttime="20211014 09:35:21.711" endtime="20211014 09:35:21.897"/>
</kw>
<kw name="Wait Until Keyword Succeeds" library="BuiltIn">
<arg>30s</arg>
<arg>3s</arg>
<arg>Input Text</arg>
<arg>//*[@id="confirm-password"]</arg>
<arg>Asdf1234</arg>
<doc>Runs the specified keyword and retries if it fails.</doc>
<kw name="Input Text" library="SeleniumLibrary">
<arg>//*[@id="confirm-password"]</arg>
<arg>Asdf1234</arg>
<doc>Types the given ``text`` into the text field identified by ``locator``.</doc>
<msg timestamp="20211014 09:35:21.898" level="INFO">Typing text 'Asdf1234' into text field '//*[@id="confirm-password"]'.</msg>
<status status="PASS" starttime="20211014 09:35:21.897" endtime="20211014 09:35:21.992"/>
</kw>
<status status="PASS" starttime="20211014 09:35:21.897" endtime="20211014 09:35:21.992"/>
</kw>
<kw name="Click Element" library="SeleniumLibrary">
<arg>//*[@id="app-content"]/div/div[3]/div/div/form/div[7]/div</arg>
<doc>Click the element identified by ``locator``.</doc>
<msg timestamp="20211014 09:35:21.993" level="INFO">Clicking element '//*[@id="app-content"]/div/div[3]/div/div/form/div[7]/div'.</msg>
<status status="PASS" starttime="20211014 09:35:21.993" endtime="20211014 09:35:22.048"/>
</kw>
<kw name="Wait Until Keyword Succeeds" library="BuiltIn">
<arg>30s</arg>
<arg>3s</arg>
<arg>Click Button</arg>
<arg>Import</arg>
<doc>Runs the specified keyword and retries if it fails.</doc>
<kw name="Click Button" library="SeleniumLibrary">
<arg>Import</arg>
<doc>Clicks the button identified by ``locator``.</doc>
<msg timestamp="20211014 09:35:22.050" level="INFO">Clicking button 'Import'.</msg>
<status status="PASS" starttime="20211014 09:35:22.049" endtime="20211014 09:35:22.127"/>
</kw>
<status status="PASS" starttime="20211014 09:35:22.049" endtime="20211014 09:35:22.127"/>
</kw>
<kw name="Wait Until Page Does Not Contain" library="SeleniumLibrary">
<arg>I Agree</arg>
<doc>Waits until ``text`` disappears from the current page.</doc>
<status status="PASS" starttime="20211014 09:35:22.127" endtime="20211014 09:35:22.527"/>
</kw>
<kw name="Wait Until Page Contains" library="SeleniumLibrary">
<arg>All Done</arg>
<arg>10s</arg>
<doc>Waits until ``text`` appears on the current page.</doc>
<status status="PASS" starttime="20211014 09:35:22.527" endtime="20211014 09:35:23.456"/>
</kw>
<kw name="Wait Until Keyword Succeeds" library="BuiltIn">
<arg>30s</arg>
<arg>3s</arg>
<arg>Click Button</arg>
<arg>All Done</arg>
<doc>Runs the specified keyword and retries if it fails.</doc>
<kw name="Click Button" library="SeleniumLibrary">
<arg>All Done</arg>
<doc>Clicks the button identified by ``locator``.</doc>
<msg timestamp="20211014 09:35:23.457" level="INFO">Clicking button 'All Done'.</msg>
<status status="PASS" starttime="20211014 09:35:23.457" endtime="20211014 09:35:23.532"/>
</kw>
<status status="PASS" starttime="20211014 09:35:23.456" endtime="20211014 09:35:23.532"/>
</kw>
<kw name="Page Should Contain Button" library="SeleniumLibrary">
<arg>//*[@data-testid="popover-close"]</arg>
<doc>Verifies button ``locator`` is found from current page.</doc>
<msg timestamp="20211014 09:35:23.687" level="INFO">Current page contains button '//*[@data-testid="popover-close"]'.</msg>
<status status="PASS" starttime="20211014 09:35:23.533" endtime="20211014 09:35:23.687"/>
</kw>
<kw name="Wait Until Keyword Succeeds" library="BuiltIn">
<arg>30s</arg>
<arg>3s</arg>
<arg>Click Button</arg>
<arg>//*[@data-testid="popover-close"]</arg>
<doc>Runs the specified keyword and retries if it fails.</doc>
<kw name="Click Button" library="SeleniumLibrary">
<arg>//*[@data-testid="popover-close"]</arg>
<doc>Clicks the button identified by ``locator``.</doc>
<msg timestamp="20211014 09:35:23.687" level="INFO">Clicking button '//*[@data-testid="popover-close"]'.</msg>
<status status="PASS" starttime="20211014 09:35:23.687" endtime="20211014 09:35:23.804"/>
</kw>
<status status="PASS" starttime="20211014 09:35:23.687" endtime="20211014 09:35:23.804"/>
</kw>
<kw name="Wait Until Keyword Succeeds" library="BuiltIn">
<arg>30s</arg>
<arg>3s</arg>
<arg>Click Element</arg>
<arg>//*[@id="app-content"]/div/div[1]/div/div[2]/div[1]/div</arg>
<doc>Runs the specified keyword and retries if it fails.</doc>
<kw name="Click Element" library="SeleniumLibrary">
<arg>//*[@id="app-content"]/div/div[1]/div/div[2]/div[1]/div</arg>
<doc>Click the element identified by ``locator``.</doc>
<msg timestamp="20211014 09:35:23.805" level="INFO">Clicking element '//*[@id="app-content"]/div/div[1]/div/div[2]/div[1]/div'.</msg>
<status status="PASS" starttime="20211014 09:35:23.805" endtime="20211014 09:35:23.915"/>
</kw>
<status status="PASS" starttime="20211014 09:35:23.805" endtime="20211014 09:35:23.915"/>
</kw>
<kw name="Get Text" library="SeleniumLibrary">
<var>${NetworkName}</var>
<arg>//*[@id="app-content"]/div/div[3]/div/li[3]</arg>
<doc>Returns the text value of the element identified by ``locator``.</doc>
<msg timestamp="20211014 09:35:23.938" level="INFO">${NetworkName} = Kovan Test Network</msg>
<status status="PASS" starttime="20211014 09:35:23.915" endtime="20211014 09:35:23.938"/>
</kw>
<kw name="Wait Until Keyword Succeeds" library="BuiltIn">
<arg>30s</arg>
<arg>3s</arg>
<arg>Click Element</arg>
<arg>//*[@id="app-content"]/div/div[3]/div/li[3]</arg>
<doc>Runs the specified keyword and retries if it fails.</doc>
<kw name="Click Element" library="SeleniumLibrary">
<arg>//*[@id="app-content"]/div/div[3]/div/li[3]</arg>
<doc>Click the element identified by ``locator``.</doc>
<msg timestamp="20211014 09:35:23.938" level="INFO">Clicking element '//*[@id="app-content"]/div/div[3]/div/li[3]'.</msg>
<status status="PASS" starttime="20211014 09:35:23.938" endtime="20211014 09:35:24.111"/>
</kw>
<status status="PASS" starttime="20211014 09:35:23.938" endtime="20211014 09:35:24.111"/>
</kw>
<kw name="Get Window Handles" library="SeleniumLibrary">
<var>${windowhandles}</var>
<doc>Returns all child window handles of the selected browser as a list.</doc>
<msg timestamp="20211014 09:35:24.114" level="INFO">${windowhandles} = ['CDwindow-9BBFDD44187ACEC8B89EC1752C7134BB', 'CDwindow-7406041C297781A4C3352E08984DFC0E']</msg>
<status status="PASS" starttime="20211014 09:35:24.112" endtime="20211014 09:35:24.114"/>
</kw>
<kw name="Switch Window" library="SeleniumLibrary">
<arg>${windowhandles}[1]</arg>
<doc>Switches to browser window matching ``locator``.</doc>
<status status="PASS" starttime="20211014 09:35:24.114" endtime="20211014 09:35:24.156"/>
</kw>
<kw name="Close Window" library="SeleniumLibrary">
<doc>Closes currently opened and selected browser window/tab.</doc>
<status status="PASS" starttime="20211014 09:35:24.156" endtime="20211014 09:35:24.196"/>
</kw>
<kw name="Switch Window" library="SeleniumLibrary">
<arg>${windowhandles}[0]</arg>
<doc>Switches to browser window matching ``locator``.</doc>
<status status="PASS" starttime="20211014 09:35:24.196" endtime="20211014 09:35:24.206"/>
</kw>
<status status="PASS" starttime="20211014 09:35:16.488" endtime="20211014 09:35:24.206"/>
</kw>
<status status="PASS" starttime="20211014 09:35:09.725" endtime="20211014 09:35:24.206"/>
</kw>
<kw name="Pool Not Created Message" library="Swap">
<arg>0xb9f7fb85aaa64bae9b0403706e38a607f0e6edf3</arg>
<kw name="Complete Integration" library="Common">
<kw name="Start Video Recording" library="ScreenCapLibrary">
<arg>alias=None</arg>
<arg>name=${TEST NAME}</arg>
<arg>fps=None</arg>
<arg>size_percentage=1</arg>
<arg>embed=True</arg>
<arg>embed_width=100px</arg>
<arg>monitor=1</arg>
<doc>Starts the recording of a video in the background with the specified ``name``.
The recording can be stopped by calling the `Stop Video Recording` keyword.</doc>
<msg timestamp="20211014 09:35:26.569" level="INFO">Automatically setting a fps of 3.0</msg>
<status status="PASS" starttime="20211014 09:35:24.207" endtime="20211014 09:35:26.570"/>
</kw>
<kw name="Wait Until Keyword Succeeds" library="BuiltIn">
<arg>30s</arg>
<arg>3s</arg>
<arg>Go to</arg>
<arg>https://dev.monox.finance</arg>
<doc>Runs the specified keyword and retries if it fails.</doc>
<kw name="Go To" library="SeleniumLibrary">
<arg>https://dev.monox.finance</arg>
<doc>Navigates the current browser window to the provided ``url``.</doc>
<msg timestamp="20211014 09:35:26.571" level="INFO">Opening url 'https://dev.monox.finance'</msg>
<status status="PASS" starttime="20211014 09:35:26.571" endtime="20211014 09:35:32.931"/>
</kw>
<status status="PASS" starttime="20211014 09:35:26.570" endtime="20211014 09:35:32.931"/>
</kw>
<kw name="Maximize Browser Window" library="SeleniumLibrary">
<doc>Maximizes current browser window.</doc>
<status status="PASS" starttime="20211014 09:35:32.931" endtime="20211014 09:35:33.090"/>
</kw>
<kw name="Wait Until Keyword Succeeds" library="BuiltIn">
<arg>30s</arg>
<arg>3s</arg>
<arg>Page Should Contain Button</arg>
<arg>Connect Wallet</arg>
<doc>Runs the specified keyword and retries if it fails.</doc>
<kw name="Page Should Contain Button" library="SeleniumLibrary">
<arg>Connect Wallet</arg>
<doc>Verifies button ``locator`` is found from current page.</doc>
<msg timestamp="20211014 09:35:33.121" level="INFO">Current page contains button 'Connect Wallet'.</msg>
<status status="PASS" starttime="20211014 09:35:33.091" endtime="20211014 09:35:33.121"/>
</kw>
<status status="PASS" starttime="20211014 09:35:33.090" endtime="20211014 09:35:33.121"/>
</kw>
<kw name="Wait Until Keyword Succeeds" library="BuiltIn">
<arg>30s</arg>
<arg>3s</arg>
<arg>Click Button</arg>
<arg>Connect Wallet</arg>
<doc>Runs the specified keyword and retries if it fails.</doc>
<kw name="Click Button" library="SeleniumLibrary">
<arg>Connect Wallet</arg>
<doc>Clicks the button identified by ``locator``.</doc>
<msg timestamp="20211014 09:35:33.122" level="INFO">Clicking button 'Connect Wallet'.</msg>
<status status="PASS" starttime="20211014 09:35:33.122" endtime="20211014 09:35:33.219"/>
</kw>
<status status="PASS" starttime="20211014 09:35:33.122" endtime="20211014 09:35:33.219"/>
</kw>
<kw name="Wait Until Keyword Succeeds" library="BuiltIn">
<arg>30s</arg>
<arg>3s</arg>
<arg>Page Should Contain</arg>
<arg>Connect MetaMask Wallet</arg>
<doc>Runs the specified keyword and retries if it fails.</doc>
<kw name="Page Should Contain" library="SeleniumLibrary">
<arg>Connect MetaMask Wallet</arg>
<doc>Verifies that current page contains ``text``.</doc>
<msg timestamp="20211014 09:35:33.235" level="INFO">Current page contains text 'Connect MetaMask Wallet'.</msg>
<status status="PASS" starttime="20211014 09:35:33.220" endtime="20211014 09:35:33.236"/>
</kw>
<status status="PASS" starttime="20211014 09:35:33.219" endtime="20211014 09:35:33.236"/>
</kw>
<kw name="Wait Until Keyword Succeeds" library="BuiltIn">
<arg>30s</arg>
<arg>3s</arg>
<arg>Click Element</arg>
<arg>//*[@id="root"]/div[2]/div[2]/div/div[2]/div</arg>
<doc>Runs the specified keyword and retries if it fails.</doc>
<kw name="Click Element" library="SeleniumLibrary">
<arg>//*[@id="root"]/div[2]/div[2]/div/div[2]/div</arg>
<doc>Click the element identified by ``locator``.</doc>
<msg timestamp="20211014 09:35:33.237" level="INFO">Clicking element '//*[@id="root"]/div[2]/div[2]/div/div[2]/div'.</msg>
<status status="PASS" starttime="20211014 09:35:33.236" endtime="20211014 09:35:33.317"/>
</kw>
<status status="PASS" starttime="20211014 09:35:33.236" endtime="20211014 09:35:33.317"/>
</kw>
<kw name="Wait Until Keyword Succeeds" library="BuiltIn">
<arg>30s</arg>
<arg>3s</arg>
<arg>Switch Window</arg>
<arg>MetaMask Notification</arg>
<doc>Runs the specified keyword and retries if it fails.</doc>
<kw name="Switch Window" library="SeleniumLibrary">
<arg>MetaMask Notification</arg>
<doc>Switches to browser window matching ``locator``.</doc>
<status status="PASS" starttime="20211014 09:35:33.318" endtime="20211014 09:35:34.792"/>
</kw>
<status status="PASS" starttime="20211014 09:35:33.317" endtime="20211014 09:35:34.792"/>
</kw>
<kw name="Wait Until Keyword Succeeds" library="BuiltIn">
<arg>30s</arg>
<arg>3s</arg>
<arg>Click Button</arg>
<arg>Next</arg>
<doc>Runs the specified keyword and retries if it fails.</doc>
<kw name="Click Button" library="SeleniumLibrary">
<arg>Next</arg>
<doc>Clicks the button identified by ``locator``.</doc>
<msg timestamp="20211014 09:35:34.793" level="INFO">Clicking button 'Next'.</msg>
<status status="PASS" starttime="20211014 09:35:34.793" endtime="20211014 09:35:34.914"/>
</kw>
<status status="PASS" starttime="20211014 09:35:34.792" endtime="20211014 09:35:34.914"/>
</kw>
<kw name="Wait Until Keyword Succeeds" library="BuiltIn">
<arg>30s</arg>
<arg>3s</arg>
<arg>Click Element</arg>
<arg>//*[@data-testid="page-container-footer-next"]</arg>
<doc>Runs the specified keyword and retries if it fails.</doc>
<kw name="Click Element" library="SeleniumLibrary">
<arg>//*[@data-testid="page-container-footer-next"]</arg>
<doc>Click the element identified by ``locator``.</doc>
<msg timestamp="20211014 09:35:34.915" level="INFO">Clicking element '//*[@data-testid="page-container-footer-next"]'.</msg>
<status status="PASS" starttime="20211014 09:35:34.915" endtime="20211014 09:35:34.976"/>
</kw>
<status status="PASS" starttime="20211014 09:35:34.914" endtime="20211014 09:35:34.977"/>
</kw>
<kw name="Wait Until Keyword Succeeds" library="BuiltIn">
<arg>30s</arg>
<arg>3s</arg>
<arg>Switch Window</arg>
<arg>Home Page | MonoX</arg>
<doc>Runs the specified keyword and retries if it fails.</doc>
<kw name="Switch Window" library="SeleniumLibrary">
<arg>Home Page | MonoX</arg>
<doc>Switches to browser window matching ``locator``.</doc>
<status status="PASS" starttime="20211014 09:35:34.977" endtime="20211014 09:35:35.012"/>
</kw>
<status status="PASS" starttime="20211014 09:35:34.977" endtime="20211014 09:35:35.012"/>
</kw>
<status status="PASS" starttime="20211014 09:35:24.207" endtime="20211014 09:35:35.012"/>
</kw>
<kw name="Wait Until Keyword Succeeds" library="BuiltIn">
<arg>30s</arg>
<arg>3s</arg>
<arg>Header.Navigate Swap</arg>
<doc>Runs the specified keyword and retries if it fails.</doc>
<kw name="Navigate Swap" library="Header">
<kw name="Page Should Contain" library="SeleniumLibrary">
<arg>Swap</arg>
<doc>Verifies that current page contains ``text``.</doc>
<msg timestamp="20211014 09:35:35.102" level="INFO">Current page contains text 'Swap'.</msg>
<status status="PASS" starttime="20211014 09:35:35.013" endtime="20211014 09:35:35.102"/>
</kw>
<kw name="Click Element" library="SeleniumLibrary">
<arg>//*[@href="/swap?network=kovan"]</arg>
<doc>Click the element identified by ``locator``.</doc>
<msg timestamp="20211014 09:35:35.103" level="INFO">Clicking element '//*[@href="/swap?network=kovan"]'.</msg>
<status status="PASS" starttime="20211014 09:35:35.103" endtime="20211014 09:35:35.256"/>
</kw>
<kw name="Page Should Contain" library="SeleniumLibrary">
<arg>Swap</arg>
<doc>Verifies that current page contains ``text``.</doc>
<msg timestamp="20211014 09:35:35.266" level="INFO">Current page contains text 'Swap'.</msg>
<status status="PASS" starttime="20211014 09:35:35.256" endtime="20211014 09:35:35.267"/>
</kw>
<kw name="Wait Until Keyword Succeeds" library="BuiltIn">
<arg>60s</arg>
<arg>3s</arg>
<arg>Page Should Contain</arg>
<arg>Select your token for the price chart</arg>
<doc>Runs the specified keyword and retries if it fails.</doc>
<kw name="Page Should Contain" library="SeleniumLibrary">
<arg>Select your token for the price chart</arg>
<doc>Verifies that current page contains ``text``.</doc>
<kw name="Capture Page Screenshot" library="SeleniumLibrary">
<doc>Takes a screenshot of the current page and embeds it into a log file.</doc>
<msg timestamp="20211014 09:35:35.721" level="INFO" html="true">&lt;/td&gt;&lt;/tr&gt;&lt;tr&gt;&lt;td colspan="3"&gt;&lt;a href="selenium-screenshot-2.png"&gt;&lt;img src="selenium-screenshot-2.png" width="800px"&gt;&lt;/a&gt;</msg>
<status status="PASS" starttime="20211014 09:35:35.289" endtime="20211014 09:35:35.721"/>
</kw>
<msg timestamp="20211014 09:35:35.726" level="FAIL">Page should have contained text 'Select your token for the price chart' but did not.</msg>
<status status="FAIL" starttime="20211014 09:35:35.267" endtime="20211014 09:35:35.727"/>
</kw>
<kw name="Page Should Contain" library="SeleniumLibrary">
<arg>Select your token for the price chart</arg>
<doc>Verifies that current page contains ``text``.</doc>
<msg timestamp="20211014 09:35:38.738" level="INFO">Current page contains text 'Select your token for the price chart'.</msg>
<status status="PASS" starttime="20211014 09:35:38.728" endtime="20211014 09:35:38.738"/>
</kw>
<status status="PASS" starttime="20211014 09:35:35.267" endtime="20211014 09:35:38.738"/>
</kw>
<status status="PASS" starttime="20211014 09:35:35.013" endtime="20211014 09:35:38.738"/>
</kw>
<status status="PASS" starttime="20211014 09:35:35.012" endtime="20211014 09:35:38.739"/>
</kw>
<kw name="Wait Until Element Is Visible" library="SeleniumLibrary">
<arg>//*[@data-testid="container-3"]</arg>
<arg>5s</arg>
<doc>Waits until the element ``locator`` is visible.</doc>
<status status="PASS" starttime="20211014 09:35:38.739" endtime="20211014 09:35:38.764"/>
</kw>
<kw name="Click Element" library="SeleniumLibrary">
<arg>//*[@data-testid='from-toggle']</arg>
<doc>Click the element identified by ``locator``.</doc>
<msg timestamp="20211014 09:35:38.764" level="INFO">Clicking element '//*[@data-testid='from-toggle']'.</msg>
<status status="PASS" starttime="20211014 09:35:38.764" endtime="20211014 09:35:38.910"/>
</kw>
<kw name="Input Text" library="SeleniumLibrary">
<arg>id:searchInput</arg>
<arg>${token}</arg>
<doc>Types the given ``text`` into the text field identified by ``locator``.</doc>
<msg timestamp="20211014 09:35:38.911" level="INFO">Typing text '0xb9f7fb85aaa64bae9b0403706e38a607f0e6edf3' into text field 'id:searchInput'.</msg>
<status status="PASS" starttime="20211014 09:35:38.911" endtime="20211014 09:35:39.360"/>
</kw>
<kw name="Wait Until Element Is Visible" library="SeleniumLibrary">
<arg>//*[@data-testid='currency-container-0']</arg>
<arg>5s</arg>
<doc>Waits until the element ``locator`` is visible.</doc>
<status status="PASS" starttime="20211014 09:35:39.360" endtime="20211014 09:35:39.677"/>
</kw>
<kw name="Page Should Not Contain" library="SeleniumLibrary">
<arg>Pool is not created yet.</arg>
<doc>Verifies the current page does not contain ``text``.</doc>
<msg timestamp="20211014 09:35:39.695" level="INFO">Current page does not contain text 'Pool is not created yet.'.</msg>
<status status="PASS" starttime="20211014 09:35:39.677" endtime="20211014 09:35:39.695"/>
</kw>
<kw name="Mouse Over" library="SeleniumLibrary">
<arg>//*[@data-testid='currency-container-0']</arg>
<doc>Simulates hovering the mouse over the element ``locator``.</doc>
<msg timestamp="20211014 09:35:39.696" level="INFO">Simulating Mouse Over on element '//*[@data-testid='currency-container-0']'.</msg>
<status status="PASS" starttime="20211014 09:35:39.695" endtime="20211014 09:35:39.973"/>
</kw>
<kw name="Page Should Contain" library="SeleniumLibrary">
<arg>Pool is not created yet.</arg>
<doc>Verifies that current page contains ``text``.</doc>
<msg timestamp="20211014 09:35:39.981" level="INFO">Current page contains text 'Pool is not created yet.'.</msg>
<status status="PASS" starttime="20211014 09:35:39.973" endtime="20211014 09:35:39.981"/>
</kw>
<status status="PASS" starttime="20211014 09:35:24.206" endtime="20211014 09:35:39.981"/>
</kw>
<kw name="Closing Browser" library="Common" type="TEARDOWN">
<kw name="Stop Video Recording" library="ScreenCapLibrary">
<arg>alias=None</arg>
<doc>Stops the video recording corresponding to the given ``alias`` and generates the file in WebM format. If no
``alias`` is specified, the last opened recording will be closed. If there are more recordings with the same
alias all of them will be closed. If ``embed`` argument was set to
``True`` the video will be displayed in the log file.</doc>
<msg timestamp="20211014 09:35:40.015" level="INFO" html="true">&lt;a href="TC-MONOX-8%3A%20KOVAN-SWAP%3A%20No%20Pool_1.webm"&gt;&lt;video width="100px" autoplay&gt;&lt;source src="TC-MONOX-8%3A%20KOVAN-SWAP%3A%20No%20Pool_1.webm" type="video/webm"&gt;&lt;/video&gt;&lt;/a&gt;</msg>
<status status="PASS" starttime="20211014 09:35:39.982" endtime="20211014 09:35:40.016"/>
</kw>
<kw name="Close Browser" library="SeleniumLibrary">
<doc>Closes the current browser.</doc>
<status status="PASS" starttime="20211014 09:35:40.016" endtime="20211014 09:35:40.223"/>
</kw>
<status status="PASS" starttime="20211014 09:35:39.981" endtime="20211014 09:35:40.223"/>
</kw>
<status status="PASS" starttime="20211014 09:35:09.722" endtime="20211014 09:35:40.223"/>
</test>
<test id="s1-t2" name="TC-MONOX-9: KOVAN-SWAP: Wrap ETH">
<kw name="Connect Wallet" library="Metamask" type="SETUP">
<kw name="Create and Install Wallet" library="Metamask">
<kw name="Evaluate" library="BuiltIn">
<var>${ChromeOptions}</var>
<arg>selenium.webdriver.ChromeOptions()</arg>
<doc>Evaluates the given expression in Python and returns the result.</doc>
<msg timestamp="20211014 09:35:40.227" level="INFO">${ChromeOptions} = &lt;selenium.webdriver.chrome.options.Options object at 0x11c8d2700&gt;</msg>
<status status="PASS" starttime="20211014 09:35:40.227" endtime="20211014 09:35:40.227"/>
</kw>
<kw name="Call Method" library="BuiltIn">
<arg>${ChromeOptions}</arg>
<arg>add_argument</arg>
<arg>--start-maximized</arg>
<doc>Calls the named method of the given object with the provided arguments.</doc>
<status status="PASS" starttime="20211014 09:35:40.228" endtime="20211014 09:35:40.228"/>
</kw>
<kw name="Call Method" library="BuiltIn">
<arg>${ChromeOptions}</arg>
<arg>add_extension</arg>
<arg>/Users/highceilingden/PycharmProjects/monoswap-test-automation-main/Resources/Plugins/MetaMask_v10.0.3.crx</arg>
<doc>Calls the named method of the given object with the provided arguments.</doc>
<status status="PASS" starttime="20211014 09:35:40.228" endtime="20211014 09:35:40.229"/>
</kw>
<kw name="Wait Until Keyword Succeeds" library="BuiltIn">
<arg>30s</arg>
<arg>3s</arg>
<arg>Create Webdriver</arg>
<arg>Chrome</arg>
<arg>chrome_options=${ChromeOptions}</arg>
<doc>Runs the specified keyword and retries if it fails.</doc>
<kw name="Create Webdriver" library="SeleniumLibrary">
<arg>Chrome</arg>
<arg>chrome_options=${ChromeOptions}</arg>
<doc>Creates an instance of Selenium WebDriver.</doc>
<msg timestamp="20211014 09:35:40.230" level="INFO">Creating an instance of the Chrome WebDriver.</msg>
<status status="PASS" starttime="20211014 09:35:40.230" endtime="20211014 09:35:45.160"/>
</kw>
<status status="PASS" starttime="20211014 09:35:40.229" endtime="20211014 09:35:45.161"/>
</kw>
<status status="PASS" starttime="20211014 09:35:40.227" endtime="20211014 09:35:45.161"/>
</kw>
<kw name="Import MetaMask Wallet" library="Metamask">
<kw name="Switch Window" library="SeleniumLibrary">
<arg>MetaMask</arg>
<doc>Switches to browser window matching ``locator``.</doc>
<status status="PASS" starttime="20211014 09:35:45.162" endtime="20211014 09:35:46.189"/>
</kw>
<kw name="Page Should Contain Button" library="SeleniumLibrary">
<arg>Get Started</arg>
<doc>Verifies button ``locator`` is found from current page.</doc>
<msg timestamp="20211014 09:35:46.234" level="INFO">Current page contains button 'Get Started'.</msg>
<status status="PASS" starttime="20211014 09:35:46.189" endtime="20211014 09:35:46.235"/>
</kw>
<kw name="Wait Until Keyword Succeeds" library="BuiltIn">
<arg>30s</arg>
<arg>3s</arg>
<arg>Click Button</arg>
<arg>Get Started</arg>
<doc>Runs the specified keyword and retries if it fails.</doc>
<kw name="Click Button" library="SeleniumLibrary">
<arg>Get Started</arg>
<doc>Clicks the button identified by ``locator``.</doc>
<msg timestamp="20211014 09:35:46.236" level="INFO">Clicking button 'Get Started'.</msg>
<status status="PASS" starttime="20211014 09:35:46.236" endtime="20211014 09:35:46.360"/>
</kw>
<status status="PASS" starttime="20211014 09:35:46.235" endtime="20211014 09:35:46.360"/>
</kw>
<kw name="Page Should Contain Button" library="SeleniumLibrary">
<arg>Import wallet</arg>
<doc>Verifies button ``locator`` is found from current page.</doc>
<msg timestamp="20211014 09:35:46.423" level="INFO">Current page contains button 'Import wallet'.</msg>
<status status="PASS" starttime="20211014 09:35:46.360" endtime="20211014 09:35:46.423"/>
</kw>
<kw name="Wait Until Keyword Succeeds" library="BuiltIn">
<arg>30s</arg>
<arg>3s</arg>
<arg>Click Button</arg>
<arg>Import wallet</arg>
<doc>Runs the specified keyword and retries if it fails.</doc>
<kw name="Click Button" library="SeleniumLibrary">
<arg>Import wallet</arg>
<doc>Clicks the button identified by ``locator``.</doc>
<msg timestamp="20211014 09:35:46.424" level="INFO">Clicking button 'Import wallet'.</msg>
<status status="PASS" starttime="20211014 09:35:46.424" endtime="20211014 09:35:46.510"/>
</kw>
<status status="PASS" starttime="20211014 09:35:46.423" endtime="20211014 09:35:46.510"/>
</kw>
<kw name="Page Should Contain Button" library="SeleniumLibrary">
<arg>I Agree</arg>
<doc>Verifies button ``locator`` is found from current page.</doc>
<msg timestamp="20211014 09:35:46.540" level="INFO">Current page contains button 'I Agree'.</msg>
<status status="PASS" starttime="20211014 09:35:46.511" endtime="20211014 09:35:46.540"/>
</kw>
<kw name="Wait Until Keyword Succeeds" library="BuiltIn">
<arg>30s</arg>
<arg>3s</arg>
<arg>Click Button</arg>
<arg>I Agree</arg>
<doc>Runs the specified keyword and retries if it fails.</doc>
<kw name="Click Button" library="SeleniumLibrary">
<arg>I Agree</arg>
<doc>Clicks the button identified by ``locator``.</doc>
<msg timestamp="20211014 09:35:46.540" level="INFO">Clicking button 'I Agree'.</msg>
<status status="PASS" starttime="20211014 09:35:46.540" endtime="20211014 09:35:46.585"/>
</kw>
<status status="PASS" starttime="20211014 09:35:46.540" endtime="20211014 09:35:46.585"/>
</kw>
<kw name="Wait Until Keyword Succeeds" library="BuiltIn">
<arg>30s</arg>
<arg>3s</arg>
<arg>Input Text</arg>
<arg>//*[@placeholder="Paste Secret Recovery Phrase from clipboard"]</arg>
<arg>month foam ostrich boil negative border absorb swap metal tooth wise coconut</arg>
<doc>Runs the specified keyword and retries if it fails.</doc>
<kw name="Input Text" library="SeleniumLibrary">
<arg>//*[@placeholder="Paste Secret Recovery Phrase from clipboard"]</arg>
<arg>month foam ostrich boil negative border absorb swap metal tooth wise coconut</arg>
<doc>Types the given ``text`` into the text field identified by ``locator``.</doc>
<msg timestamp="20211014 09:35:46.586" level="INFO">Typing text 'month foam ostrich boil negative border absorb swap metal tooth wise coconut' into text field '//*[@placeholder="Paste Secret Recovery Phrase from clipboard"]'.</msg>
<kw name="Capture Page Screenshot" library="SeleniumLibrary">
<doc>Takes a screenshot of the current page and embeds it into a log file.</doc>
<msg timestamp="20211014 09:35:46.917" level="INFO" html="true">&lt;/td&gt;&lt;/tr&gt;&lt;tr&gt;&lt;td colspan="3"&gt;&lt;a href="selenium-screenshot-3.png"&gt;&lt;img src="selenium-screenshot-3.png" width="800px"&gt;&lt;/a&gt;</msg>
<status status="PASS" starttime="20211014 09:35:46.599" endtime="20211014 09:35:46.917"/>
</kw>
<msg timestamp="20211014 09:35:46.918" level="FAIL">Element with locator '//*[@placeholder="Paste Secret Recovery Phrase from clipboard"]' not found.</msg>
<status status="FAIL" starttime="20211014 09:35:46.586" endtime="20211014 09:35:46.918"/>
</kw>
<kw name="Input Text" library="SeleniumLibrary">
<arg>//*[@placeholder="Paste Secret Recovery Phrase from clipboard"]</arg>
<arg>month foam ostrich boil negative border absorb swap metal tooth wise coconut</arg>
<doc>Types the given ``text`` into the text field identified by ``locator``.</doc>
<msg timestamp="20211014 09:35:49.921" level="INFO">Typing text 'month foam ostrich boil negative border absorb swap metal tooth wise coconut' into text field '//*[@placeholder="Paste Secret Recovery Phrase from clipboard"]'.</msg>
<status status="PASS" starttime="20211014 09:35:49.921" endtime="20211014 09:35:50.324"/>
</kw>
<status status="PASS" starttime="20211014 09:35:46.585" endtime="20211014 09:35:50.324"/>
</kw>
<kw name="Wait Until Keyword Succeeds" library="BuiltIn">
<arg>30s</arg>
<arg>3s</arg>
<arg>Input Text</arg>
<arg>//*[@id="password"]</arg>
<arg>Asdf1234</arg>
<doc>Runs the specified keyword and retries if it fails.</doc>
<kw name="Input Text" library="SeleniumLibrary">
<arg>//*[@id="password"]</arg>
<arg>Asdf1234</arg>
<doc>Types the given ``text`` into the text field identified by ``locator``.</doc>
<msg timestamp="20211014 09:35:50.325" level="INFO">Typing text 'Asdf1234' into text field '//*[@id="password"]'.</msg>
<status status="PASS" starttime="20211014 09:35:50.325" endtime="20211014 09:35:50.486"/>
</kw>
<status status="PASS" starttime="20211014 09:35:50.324" endtime="20211014 09:35:50.486"/>
</kw>
<kw name="Wait Until Keyword Succeeds" library="BuiltIn">
<arg>30s</arg>
<arg>3s</arg>
<arg>Input Text</arg>
<arg>//*[@id="confirm-password"]</arg>
<arg>Asdf1234</arg>
<doc>Runs the specified keyword and retries if it fails.</doc>
<kw name="Input Text" library="SeleniumLibrary">
<arg>//*[@id="confirm-password"]</arg>
<arg>Asdf1234</arg>
<doc>Types the given ``text`` into the text field identified by ``locator``.</doc>
<msg timestamp="20211014 09:35:50.487" level="INFO">Typing text 'Asdf1234' into text field '//*[@id="confirm-password"]'.</msg>
<status status="PASS" starttime="20211014 09:35:50.486" endtime="20211014 09:35:50.606"/>
</kw>
<status status="PASS" starttime="20211014 09:35:50.486" endtime="20211014 09:35:50.606"/>
</kw>
<kw name="Click Element" library="SeleniumLibrary">
<arg>//*[@id="app-content"]/div/div[3]/div/div/form/div[7]/div</arg>
<doc>Click the element identified by ``locator``.</doc>
<msg timestamp="20211014 09:35:50.606" level="INFO">Clicking element '//*[@id="app-content"]/div/div[3]/div/div/form/div[7]/div'.</msg>
<status status="PASS" starttime="20211014 09:35:50.606" endtime="20211014 09:35:50.651"/>
</kw>
<kw name="Wait Until Keyword Succeeds" library="BuiltIn">
<arg>30s</arg>
<arg>3s</arg>
<arg>Click Button</arg>
<arg>Import</arg>
<doc>Runs the specified keyword and retries if it fails.</doc>
<kw name="Click Button" library="SeleniumLibrary">
<arg>Import</arg>
<doc>Clicks the button identified by ``locator``.</doc>
<msg timestamp="20211014 09:35:50.652" level="INFO">Clicking button 'Import'.</msg>
<status status="PASS" starttime="20211014 09:35:50.652" endtime="20211014 09:35:50.722"/>
</kw>
<status status="PASS" starttime="20211014 09:35:50.651" endtime="20211014 09:35:50.722"/>
</kw>
<kw name="Wait Until Page Does Not Contain" library="SeleniumLibrary">
<arg>I Agree</arg>
<doc>Waits until ``text`` disappears from the current page.</doc>
<status status="PASS" starttime="20211014 09:35:50.722" endtime="20211014 09:35:51.083"/>
</kw>
<kw name="Wait Until Page Contains" library="SeleniumLibrary">
<arg>All Done</arg>
<arg>10s</arg>
<doc>Waits until ``text`` appears on the current page.</doc>
<status status="PASS" starttime="20211014 09:35:51.083" endtime="20211014 09:35:52.878"/>
</kw>
<kw name="Wait Until Keyword Succeeds" library="BuiltIn">
<arg>30s</arg>
<arg>3s</arg>
<arg>Click Button</arg>
<arg>All Done</arg>
<doc>Runs the specified keyword and retries if it fails.</doc>
<kw name="Click Button" library="SeleniumLibrary">
<arg>All Done</arg>
<doc>Clicks the button identified by ``locator``.</doc>
<msg timestamp="20211014 09:35:52.879" level="INFO">Clicking button 'All Done'.</msg>
<status status="PASS" starttime="20211014 09:35:52.878" endtime="20211014 09:35:52.946"/>
</kw>
<status status="PASS" starttime="20211014 09:35:52.878" endtime="20211014 09:35:52.946"/>
</kw>
<kw name="Page Should Contain Button" library="SeleniumLibrary">
<arg>//*[@data-testid="popover-close"]</arg>
<doc>Verifies button ``locator`` is found from current page.</doc>
<msg timestamp="20211014 09:35:53.117" level="INFO">Current page contains button '//*[@data-testid="popover-close"]'.</msg>
<status status="PASS" starttime="20211014 09:35:52.947" endtime="20211014 09:35:53.117"/>
</kw>
<kw name="Wait Until Keyword Succeeds" library="BuiltIn">
<arg>30s</arg>
<arg>3s</arg>
<arg>Click Button</arg>
<arg>//*[@data-testid="popover-close"]</arg>
<doc>Runs the specified keyword and retries if it fails.</doc>
<kw name="Click Button" library="SeleniumLibrary">
<arg>//*[@data-testid="popover-close"]</arg>
<doc>Clicks the button identified by ``locator``.</doc>
<msg timestamp="20211014 09:35:53.118" level="INFO">Clicking button '//*[@data-testid="popover-close"]'.</msg>
<status status="PASS" starttime="20211014 09:35:53.117" endtime="20211014 09:35:53.228"/>
</kw>
<status status="PASS" starttime="20211014 09:35:53.117" endtime="20211014 09:35:53.228"/>
</kw>
<kw name="Wait Until Keyword Succeeds" library="BuiltIn">
<arg>30s</arg>
<arg>3s</arg>
<arg>Click Element</arg>
<arg>//*[@id="app-content"]/div/div[1]/div/div[2]/div[1]/div</arg>
<doc>Runs the specified keyword and retries if it fails.</doc>
<kw name="Click Element" library="SeleniumLibrary">
<arg>//*[@id="app-content"]/div/div[1]/div/div[2]/div[1]/div</arg>
<doc>Click the element identified by ``locator``.</doc>
<msg timestamp="20211014 09:35:53.229" level="INFO">Clicking element '//*[@id="app-content"]/div/div[1]/div/div[2]/div[1]/div'.</msg>
<status status="PASS" starttime="20211014 09:35:53.229" endtime="20211014 09:35:53.312"/>
</kw>
<status status="PASS" starttime="20211014 09:35:53.228" endtime="20211014 09:35:53.312"/>
</kw>
<kw name="Get Text" library="SeleniumLibrary">
<var>${NetworkName}</var>
<arg>//*[@id="app-content"]/div/div[3]/div/li[3]</arg>
<doc>Returns the text value of the element identified by ``locator``.</doc>
<msg timestamp="20211014 09:35:53.338" level="INFO">${NetworkName} = Kovan Test Network</msg>
<status status="PASS" starttime="20211014 09:35:53.313" endtime="20211014 09:35:53.338"/>
</kw>
<kw name="Wait Until Keyword Succeeds" library="BuiltIn">
<arg>30s</arg>
<arg>3s</arg>
<arg>Click Element</arg>
<arg>//*[@id="app-content"]/div/div[3]/div/li[3]</arg>
<doc>Runs the specified keyword and retries if it fails.</doc>
<kw name="Click Element" library="SeleniumLibrary">
<arg>//*[@id="app-content"]/div/div[3]/div/li[3]</arg>
<doc>Click the element identified by ``locator``.</doc>
<msg timestamp="20211014 09:35:53.339" level="INFO">Clicking element '//*[@id="app-content"]/div/div[3]/div/li[3]'.</msg>
<status status="PASS" starttime="20211014 09:35:53.339" endtime="20211014 09:35:53.390"/>
</kw>
<status status="PASS" starttime="20211014 09:35:53.339" endtime="20211014 09:35:53.391"/>
</kw>
<kw name="Get Window Handles" library="SeleniumLibrary">
<var>${windowhandles}</var>
<doc>Returns all child window handles of the selected browser as a list.</doc>
<msg timestamp="20211014 09:35:53.393" level="INFO">${windowhandles} = ['CDwindow-2078CB508506797C06B93D95C844AE76', 'CDwindow-73583A4D3775D670F6F75526EB7A0C82']</msg>
<status status="PASS" starttime="20211014 09:35:53.391" endtime="20211014 09:35:53.393"/>
</kw>
<kw name="Switch Window" library="SeleniumLibrary">
<arg>${windowhandles}[1]</arg>
<doc>Switches to browser window matching ``locator``.</doc>
<status status="PASS" starttime="20211014 09:35:53.393" endtime="20211014 09:35:53.424"/>
</kw>
<kw name="Close Window" library="SeleniumLibrary">
<doc>Closes currently opened and selected browser window/tab.</doc>
<status status="PASS" starttime="20211014 09:35:53.424" endtime="20211014 09:35:53.453"/>
</kw>
<kw name="Switch Window" library="SeleniumLibrary">
<arg>${windowhandles}[0]</arg>
<doc>Switches to browser window matching ``locator``.</doc>
<status status="PASS" starttime="20211014 09:35:53.453" endtime="20211014 09:35:53.461"/>
</kw>
<status status="PASS" starttime="20211014 09:35:45.161" endtime="20211014 09:35:53.461"/>
</kw>
<status status="PASS" starttime="20211014 09:35:40.226" endtime="20211014 09:35:53.462"/>
</kw>
<kw name="Swap" library="Swap">
<arg>ETH</arg>
<arg>WETH</arg>
<arg>0.008</arg>
<arg>-</arg>
<kw name="Complete Integration" library="Common">
<kw name="Start Video Recording" library="ScreenCapLibrary">
<arg>alias=None</arg>
<arg>name=${TEST NAME}</arg>
<arg>fps=None</arg>
<arg>size_percentage=1</arg>
<arg>embed=True</arg>
<arg>embed_width=100px</arg>
<arg>monitor=1</arg>
<doc>Starts the recording of a video in the background with the specified ``name``.
The recording can be stopped by calling the `Stop Video Recording` keyword.</doc>
<msg timestamp="20211014 09:35:55.668" level="INFO">Automatically setting a fps of 4.0</msg>
<status status="PASS" starttime="20211014 09:35:53.464" endtime="20211014 09:35:55.669"/>
</kw>
<kw name="Wait Until Keyword Succeeds" library="BuiltIn">
<arg>30s</arg>
<arg>3s</arg>
<arg>Go to</arg>
<arg>https://dev.monox.finance</arg>
<doc>Runs the specified keyword and retries if it fails.</doc>
<kw name="Go To" library="SeleniumLibrary">
<arg>https://dev.monox.finance</arg>
<doc>Navigates the current browser window to the provided ``url``.</doc>
<msg timestamp="20211014 09:35:55.670" level="INFO">Opening url 'https://dev.monox.finance'</msg>
<status status="PASS" starttime="20211014 09:35:55.670" endtime="20211014 09:36:01.552"/>
</kw>
<status status="PASS" starttime="20211014 09:35:55.669" endtime="20211014 09:36:01.552"/>
</kw>
<kw name="Maximize Browser Window" library="SeleniumLibrary">
<doc>Maximizes current browser window.</doc>
<status status="PASS" starttime="20211014 09:36:01.552" endtime="20211014 09:36:01.740"/>
</kw>
<kw name="Wait Until Keyword Succeeds" library="BuiltIn">
<arg>30s</arg>
<arg>3s</arg>
<arg>Page Should Contain Button</arg>
<arg>Connect Wallet</arg>
<doc>Runs the specified keyword and retries if it fails.</doc>
<kw name="Page Should Contain Button" library="SeleniumLibrary">
<arg>Connect Wallet</arg>
<doc>Verifies button ``locator`` is found from current page.</doc>
<msg timestamp="20211014 09:36:01.830" level="INFO">Current page contains button 'Connect Wallet'.</msg>
<status status="PASS" starttime="20211014 09:36:01.741" endtime="20211014 09:36:01.830"/>
</kw>
<status status="PASS" starttime="20211014 09:36:01.741" endtime="20211014 09:36:01.830"/>
</kw>
<kw name="Wait Until Keyword Succeeds" library="BuiltIn">
<arg>30s</arg>
<arg>3s</arg>
<arg>Click Button</arg>
<arg>Connect Wallet</arg>
<doc>Runs the specified keyword and retries if it fails.</doc>
<kw name="Click Button" library="SeleniumLibrary">
<arg>Connect Wallet</arg>
<doc>Clicks the button identified by ``locator``.</doc>
<msg timestamp="20211014 09:36:01.832" level="INFO">Clicking button 'Connect Wallet'.</msg>
<status status="PASS" starttime="20211014 09:36:01.831" endtime="20211014 09:36:01.972"/>
</kw>
<status status="PASS" starttime="20211014 09:36:01.831" endtime="20211014 09:36:01.972"/>
</kw>
<kw name="Wait Until Keyword Succeeds" library="BuiltIn">
<arg>30s</arg>
<arg>3s</arg>
<arg>Page Should Contain</arg>
<arg>Connect MetaMask Wallet</arg>
<doc>Runs the specified keyword and retries if it fails.</doc>
<kw name="Page Should Contain" library="SeleniumLibrary">
<arg>Connect MetaMask Wallet</arg>
<doc>Verifies that current page contains ``text``.</doc>
<msg timestamp="20211014 09:36:01.984" level="INFO">Current page contains text 'Connect MetaMask Wallet'.</msg>
<status status="PASS" starttime="20211014 09:36:01.973" endtime="20211014 09:36:01.984"/>
</kw>
<status status="PASS" starttime="20211014 09:36:01.972" endtime="20211014 09:36:01.985"/>
</kw>
<kw name="Wait Until Keyword Succeeds" library="BuiltIn">
<arg>30s</arg>
<arg>3s</arg>
<arg>Click Element</arg>
<arg>//*[@id="root"]/div[2]/div[2]/div/div[2]/div</arg>
<doc>Runs the specified keyword and retries if it fails.</doc>
<kw name="Click Element" library="SeleniumLibrary">
<arg>//*[@id="root"]/div[2]/div[2]/div/div[2]/div</arg>
<doc>Click the element identified by ``locator``.</doc>
<msg timestamp="20211014 09:36:01.986" level="INFO">Clicking element '//*[@id="root"]/div[2]/div[2]/div/div[2]/div'.</msg>
<status status="PASS" starttime="20211014 09:36:01.985" endtime="20211014 09:36:02.045"/>
</kw>
<status status="PASS" starttime="20211014 09:36:01.985" endtime="20211014 09:36:02.045"/>
</kw>
<kw name="Wait Until Keyword Succeeds" library="BuiltIn">
<arg>30s</arg>
<arg>3s</arg>
<arg>Switch Window</arg>
<arg>MetaMask Notification</arg>
<doc>Runs the specified keyword and retries if it fails.</doc>
<kw name="Switch Window" library="SeleniumLibrary">
<arg>MetaMask Notification</arg>
<doc>Switches to browser window matching ``locator``.</doc>
<kw name="Capture Page Screenshot" library="SeleniumLibrary">
<doc>Takes a screenshot of the current page and embeds it into a log file.</doc>
<msg timestamp="20211014 09:36:03.423" level="INFO" html="true">&lt;/td&gt;&lt;/tr&gt;&lt;tr&gt;&lt;td colspan="3"&gt;&lt;a href="selenium-screenshot-4.png"&gt;&lt;img src="selenium-screenshot-4.png" width="800px"&gt;&lt;/a&gt;</msg>
<status status="PASS" starttime="20211014 09:36:02.389" endtime="20211014 09:36:03.423"/>
</kw>
<msg timestamp="20211014 09:36:03.426" level="FAIL">No window matching handle, name, title or URL 'MetaMask Notification' found.</msg>
<status status="FAIL" starttime="20211014 09:36:02.045" endtime="20211014 09:36:03.426"/>
</kw>
<kw name="Switch Window" library="SeleniumLibrary">
<arg>MetaMask Notification</arg>
<doc>Switches to browser window matching ``locator``.</doc>
<status status="PASS" starttime="20211014 09:36:06.426" endtime="20211014 09:36:06.494"/>
</kw>
<status status="PASS" starttime="20211014 09:36:02.045" endtime="20211014 09:36:06.494"/>
</kw>
<kw name="Wait Until Keyword Succeeds" library="BuiltIn">
<arg>30s</arg>
<arg>3s</arg>
<arg>Click Button</arg>
<arg>Next</arg>
<doc>Runs the specified keyword and retries if it fails.</doc>
<kw name="Click Button" library="SeleniumLibrary">
<arg>Next</arg>
<doc>Clicks the button identified by ``locator``.</doc>
<msg timestamp="20211014 09:36:06.495" level="INFO">Clicking button 'Next'.</msg>
<status status="PASS" starttime="20211014 09:36:06.495" endtime="20211014 09:36:06.595"/>
</kw>
<status status="PASS" starttime="20211014 09:36:06.494" endtime="20211014 09:36:06.595"/>
</kw>
<kw name="Wait Until Keyword Succeeds" library="BuiltIn">
<arg>30s</arg>
<arg>3s</arg>
<arg>Click Element</arg>
<arg>//*[@data-testid="page-container-footer-next"]</arg>
<doc>Runs the specified keyword and retries if it fails.</doc>
<kw name="Click Element" library="SeleniumLibrary">
<arg>//*[@data-testid="page-container-footer-next"]</arg>
<doc>Click the element identified by ``locator``.</doc>
<msg timestamp="20211014 09:36:06.597" level="INFO">Clicking element '//*[@data-testid="page-container-footer-next"]'.</msg>
<status status="PASS" starttime="20211014 09:36:06.597" endtime="20211014 09:36:06.687"/>
</kw>
<status status="PASS" starttime="20211014 09:36:06.596" endtime="20211014 09:36:06.687"/>
</kw>
<kw name="Wait Until Keyword Succeeds" library="BuiltIn">
<arg>30s</arg>
<arg>3s</arg>
<arg>Switch Window</arg>
<arg>Home Page | MonoX</arg>
<doc>Runs the specified keyword and retries if it fails.</doc>
<kw name="Switch Window" library="SeleniumLibrary">
<arg>Home Page | MonoX</arg>
<doc>Switches to browser window matching ``locator``.</doc>
<status status="PASS" starttime="20211014 09:36:06.690" endtime="20211014 09:36:06.807"/>
</kw>
<status status="PASS" starttime="20211014 09:36:06.689" endtime="20211014 09:36:06.807"/>
</kw>
<status status="PASS" starttime="20211014 09:35:53.463" endtime="20211014 09:36:06.808"/>
</kw>
<kw name="Wait Until Keyword Succeeds" library="BuiltIn">
<arg>30s</arg>
<arg>3s</arg>
<arg>Header.Navigate Swap</arg>
<doc>Runs the specified keyword and retries if it fails.</doc>
<kw name="Navigate Swap" library="Header">
<kw name="Page Should Contain" library="SeleniumLibrary">
<arg>Swap</arg>
<doc>Verifies that current page contains ``text``.</doc>
<msg timestamp="20211014 09:36:06.829" level="INFO">Current page contains text 'Swap'.</msg>
<status status="PASS" starttime="20211014 09:36:06.809" endtime="20211014 09:36:06.829"/>
</kw>
<kw name="Click Element" library="SeleniumLibrary">
<arg>//*[@href="/swap?network=kovan"]</arg>
<doc>Click the element identified by ``locator``.</doc>
<msg timestamp="20211014 09:36:06.829" level="INFO">Clicking element '//*[@href="/swap?network=kovan"]'.</msg>
<status status="PASS" starttime="20211014 09:36:06.829" endtime="20211014 09:36:06.936"/>
</kw>
<kw name="Page Should Contain" library="SeleniumLibrary">
<arg>Swap</arg>
<doc>Verifies that current page contains ``text``.</doc>
<msg timestamp="20211014 09:36:06.948" level="INFO">Current page contains text 'Swap'.</msg>
<status status="PASS" starttime="20211014 09:36:06.937" endtime="20211014 09:36:06.948"/>
</kw>
<kw name="Wait Until Keyword Succeeds" library="BuiltIn">
<arg>60s</arg>
<arg>3s</arg>
<arg>Page Should Contain</arg>
<arg>Select your token for the price chart</arg>
<doc>Runs the specified keyword and retries if it fails.</doc>
<kw name="Page Should Contain" library="SeleniumLibrary">
<arg>Select your token for the price chart</arg>
<doc>Verifies that current page contains ``text``.</doc>
<kw name="Capture Page Screenshot" library="SeleniumLibrary">
<doc>Takes a screenshot of the current page and embeds it into a log file.</doc>
<msg timestamp="20211014 09:36:07.282" level="INFO" html="true">&lt;/td&gt;&lt;/tr&gt;&lt;tr&gt;&lt;td colspan="3"&gt;&lt;a href="selenium-screenshot-5.png"&gt;&lt;img src="selenium-screenshot-5.png" width="800px"&gt;&lt;/a&gt;</msg>
<status status="PASS" starttime="20211014 09:36:06.980" endtime="20211014 09:36:07.283"/>
</kw>
<msg timestamp="20211014 09:36:07.283" level="FAIL">Page should have contained text 'Select your token for the price chart' but did not.</msg>
<status status="FAIL" starttime="20211014 09:36:06.949" endtime="20211014 09:36:07.283"/>
</kw>
<kw name="Page Should Contain" library="SeleniumLibrary">
<arg>Select your token for the price chart</arg>
<doc>Verifies that current page contains ``text``.</doc>
<msg timestamp="20211014 09:36:10.292" level="INFO">Current page contains text 'Select your token for the price chart'.</msg>
<status status="PASS" starttime="20211014 09:36:10.285" endtime="20211014 09:36:10.292"/>
</kw>
<status status="PASS" starttime="20211014 09:36:06.949" endtime="20211014 09:36:10.292"/>
</kw>
<status status="PASS" starttime="20211014 09:36:06.808" endtime="20211014 09:36:10.293"/>
</kw>
<status status="PASS" starttime="20211014 09:36:06.808" endtime="20211014 09:36:10.293"/>
</kw>
<kw name="Wait Until Element Is Visible" library="SeleniumLibrary">
<arg>//*[@data-testid="container-3"]</arg>
<arg>10s</arg>
<doc>Waits until the element ``locator`` is visible.</doc>
<status status="PASS" starttime="20211014 09:36:10.293" endtime="20211014 09:36:10.313"/>
</kw>
<kw name="Skip If" library="BuiltIn">
<arg>("${FromTokenAmount}" == "-") == ("${ToTokenAmount}" == "-")</arg>
<arg>FromAmount and ToAmount can't be set at the same time</arg>
<doc>Skips the rest of the current test if the ``condition`` is True.</doc>
<status status="PASS" starttime="20211014 09:36:10.314" endtime="20211014 09:36:10.314"/>
</kw>
<kw name="Select Token Pair" library="Swap">
<arg>${FromToken}</arg>
<arg>${ToToken}</arg>
<kw name="Click Element" library="SeleniumLibrary">
<arg>//*[@data-testid='from-toggle']</arg>
<doc>Click the element identified by ``locator``.</doc>
<msg timestamp="20211014 09:36:10.315" level="INFO">Clicking element '//*[@data-testid='from-toggle']'.</msg>
<status status="PASS" starttime="20211014 09:36:10.315" endtime="20211014 09:36:10.427"/>
</kw>
<kw name="Input Text" library="SeleniumLibrary">
<arg>id:searchInput</arg>
<arg>${FromToken}</arg>
<doc>Types the given ``text`` into the text field identified by ``locator``.</doc>
<msg timestamp="20211014 09:36:10.428" level="INFO">Typing text 'ETH' into text field 'id:searchInput'.</msg>
<status status="PASS" starttime="20211014 09:36:10.427" endtime="20211014 09:36:10.635"/>
</kw>
<kw name="Wait Until Element Contains" library="SeleniumLibrary">
<arg>//*[@data-testid='currency-container-0']</arg>
<arg>${FromToken}</arg>
<arg>10</arg>
<doc>Waits until the element ``locator`` contains ``text``.</doc>
<status status="PASS" starttime="20211014 09:36:10.635" endtime="20211014 09:36:10.710"/>
</kw>
<kw name="Click Element" library="SeleniumLibrary">
<arg>//*[@data-testid='currency-container-0']</arg>
<doc>Click the element identified by ``locator``.</doc>
<msg timestamp="20211014 09:36:10.711" level="INFO">Clicking element '//*[@data-testid='currency-container-0']'.</msg>
<kw name="Capture Page Screenshot" library="SeleniumLibrary">
<doc>Takes a screenshot of the current page and embeds it into a log file.</doc>
<msg timestamp="20211014 09:36:11.286" level="INFO" html="true">&lt;/td&gt;&lt;/tr&gt;&lt;tr&gt;&lt;td colspan="3"&gt;&lt;a href="selenium-screenshot-6.png"&gt;&lt;img src="selenium-screenshot-6.png" width="800px"&gt;&lt;/a&gt;</msg>
<status status="PASS" starttime="20211014 09:36:10.819" endtime="20211014 09:36:11.286"/>
</kw>
<msg timestamp="20211014 09:36:11.292" level="FAIL">StaleElementReferenceException: Message: stale element reference: element is not attached to the page document
  (Session info: chrome=94.0.4606.81)
</msg>
<status status="FAIL" starttime="20211014 09:36:10.711" endtime="20211014 09:36:11.292"/>
</kw>
<kw name="Element Text Should Be" library="SeleniumLibrary">
<arg>//*[@data-testid="from-toggle"]</arg>
<arg>${FromToken}</arg>
<doc>Verifies that element ``locator`` contains exact the text ``expected``.</doc>
<status status="NOT RUN" starttime="20211014 09:36:11.292" endtime="20211014 09:36:11.292"/>
</kw>
<kw name="Sleep" library="BuiltIn">
<arg>1s</arg>
<doc>Pauses the test executed for the given time.</doc>
<status status="NOT RUN" starttime="20211014 09:36:11.293" endtime="20211014 09:36:11.293"/>
</kw>
<kw name="Click Element" library="SeleniumLibrary">
<arg>//*[@data-testid='to-toggle']</arg>
<doc>Click the element identified by ``locator``.</doc>
<status status="NOT RUN" starttime="20211014 09:36:11.293" endtime="20211014 09:36:11.293"/>
</kw>
<kw name="Input Text" library="SeleniumLibrary">
<arg>id:searchInput</arg>
<arg>${ToToken}</arg>
<doc>Types the given ``text`` into the text field identified by ``locator``.</doc>
<status status="NOT RUN" starttime="20211014 09:36:11.293" endtime="20211014 09:36:11.293"/>
</kw>
<kw name="Wait Until Element Contains" library="SeleniumLibrary">
<arg>//*[@data-testid='currency-container-0']</arg>
<arg>${ToToken}</arg>
<arg>10</arg>
<doc>Waits until the element ``locator`` contains ``text``.</doc>
<status status="NOT RUN" starttime="20211014 09:36:11.293" endtime="20211014 09:36:11.293"/>
</kw>
<kw name="Click Element" library="SeleniumLibrary">
<arg>//*[@data-testid='currency-container-0']</arg>
<doc>Click the element identified by ``locator``.</doc>
<status status="NOT RUN" starttime="20211014 09:36:11.293" endtime="20211014 09:36:11.293"/>
</kw>
<kw name="Element Text Should Be" library="SeleniumLibrary">
<arg>//*[@data-testid="to-toggle"]</arg>
<arg>${ToToken}</arg>
<doc>Verifies that element ``locator`` contains exact the text ``expected``.</doc>
<status status="NOT RUN" starttime="20211014 09:36:11.294" endtime="20211014 09:36:11.294"/>
</kw>
<kw name="Sleep" library="BuiltIn">
<arg>1s</arg>
<doc>Pauses the test executed for the given time.</doc>
<status status="NOT RUN" starttime="20211014 09:36:11.294" endtime="20211014 09:36:11.294"/>
</kw>
<status status="FAIL" starttime="20211014 09:36:10.314" endtime="20211014 09:36:11.295"/>
</kw>
<kw name="Select Token Pair Amount" library="Swap">
<arg>${FromTokenAmount}</arg>
<arg>${ToTokenAmount}</arg>
<status status="NOT RUN" starttime="20211014 09:36:11.296" endtime="20211014 09:36:11.296"/>
</kw>
<kw name="Sleep" library="BuiltIn">
<arg>10s</arg>
<doc>Pauses the test executed for the given time.</doc>
<status status="NOT RUN" starttime="20211014 09:36:11.296" endtime="20211014 09:36:11.296"/>
</kw>
<kw name="Set Variable If" library="BuiltIn">
<var>${Transaction}</var>
<arg>("${FromToken}" == "ETH" and "${ToToken}" == "WETH")</arg>
<arg>Wrap</arg>
<arg>("${FromToken}" == "WETH" and "${ToToken}" == "ETH")</arg>
<arg>Unwrap</arg>
<arg>Swap</arg>
<doc>Sets variable based on the given condition.</doc>
<status status="NOT RUN" starttime="20211014 09:36:11.296" endtime="20211014 09:36:11.296"/>
</kw>
<kw name="Wait Until Keyword Succeeds" library="BuiltIn">
<arg>60s</arg>
<arg>3s</arg>
<arg>Swap.Confirm</arg>
<arg>${Transaction}</arg>
<doc>Runs the specified keyword and retries if it fails.</doc>
<status status="NOT RUN" starttime="20211014 09:36:11.296" endtime="20211014 09:36:11.296"/>
</kw>
<kw name="Wait Until Keyword Succeeds" library="BuiltIn">
<arg>60s</arg>
<arg>3s</arg>
<arg>Metamask.Confirm Transaction</arg>
<doc>Runs the specified keyword and retries if it fails.</doc>
<status status="NOT RUN" starttime="20211014 09:36:11.296" endtime="20211014 09:36:11.296"/>
</kw>
<kw name="Wait Until Keyword Succeeds" library="BuiltIn">
<arg>60s</arg>
<arg>3s</arg>
<arg>Common.Close Transaction Modal</arg>
<arg>${ToToken}</arg>
<arg>Monoswap</arg>
<doc>Runs the specified keyword and retries if it fails.</doc>
<status status="NOT RUN" starttime="20211014 09:36:11.296" endtime="20211014 09:36:11.297"/>
</kw>
<status status="FAIL" starttime="20211014 09:35:53.462" endtime="20211014 09:36:11.297"/>
</kw>
<kw name="Closing Browser" library="Common" type="TEARDOWN">
<kw name="Stop Video Recording" library="ScreenCapLibrary">
<arg>alias=None</arg>
<doc>Stops the video recording corresponding to the given ``alias`` and generates the file in WebM format. If no
``alias`` is specified, the last opened recording will be closed. If there are more recordings with the same
alias all of them will be closed. If ``embed`` argument was set to
``True`` the video will be displayed in the log file.</doc>
<msg timestamp="20211014 09:36:11.489" level="INFO" html="true">&lt;a href="TC-MONOX-9%3A%20KOVAN-SWAP%3A%20Wrap%20ETH_1.webm"&gt;&lt;video width="100px" autoplay&gt;&lt;source src="TC-MONOX-9%3A%20KOVAN-SWAP%3A%20Wrap%20ETH_1.webm" type="video/webm"&gt;&lt;/video&gt;&lt;/a&gt;</msg>
<status status="PASS" starttime="20211014 09:36:11.298" endtime="20211014 09:36:11.489"/>
</kw>
<kw name="Close Browser" library="SeleniumLibrary">
<doc>Closes the current browser.</doc>
<status status="PASS" starttime="20211014 09:36:11.490" endtime="20211014 09:36:11.694"/>
</kw>
<status status="PASS" starttime="20211014 09:36:11.298" endtime="20211014 09:36:11.694"/>
</kw>
<status status="FAIL" starttime="20211014 09:35:40.225" endtime="20211014 09:36:11.695">StaleElementReferenceException: Message: stale element reference: element is not attached to the page document
  (Session info: chrome=94.0.4606.81)
</status>
</test>
<test id="s1-t3" name="TC-MONOX-10: KOVAN-SWAP: Unwrap WETH">
<kw name="Connect Wallet" library="Metamask" type="SETUP">
<kw name="Create and Install Wallet" library="Metamask">
<kw name="Evaluate" library="BuiltIn">
<var>${ChromeOptions}</var>
<arg>selenium.webdriver.ChromeOptions()</arg>
<doc>Evaluates the given expression in Python and returns the result.</doc>
<msg timestamp="20211014 09:36:11.698" level="INFO">${ChromeOptions} = &lt;selenium.webdriver.chrome.options.Options object at 0x11c96f2b0&gt;</msg>
<status status="PASS" starttime="20211014 09:36:11.697" endtime="20211014 09:36:11.698"/>
</kw>
<kw name="Call Method" library="BuiltIn">
<arg>${ChromeOptions}</arg>
<arg>add_argument</arg>
<arg>--start-maximized</arg>
<doc>Calls the named method of the given object with the provided arguments.</doc>
<status status="PASS" starttime="20211014 09:36:11.698" endtime="20211014 09:36:11.698"/>
</kw>
<kw name="Call Method" library="BuiltIn">
<arg>${ChromeOptions}</arg>
<arg>add_extension</arg>
<arg>/Users/highceilingden/PycharmProjects/monoswap-test-automation-main/Resources/Plugins/MetaMask_v10.0.3.crx</arg>
<doc>Calls the named method of the given object with the provided arguments.</doc>
<status status="PASS" starttime="20211014 09:36:11.698" endtime="20211014 09:36:11.699"/>
</kw>
<kw name="Wait Until Keyword Succeeds" library="BuiltIn">
<arg>30s</arg>
<arg>3s</arg>
<arg>Create Webdriver</arg>
<arg>Chrome</arg>
<arg>chrome_options=${ChromeOptions}</arg>
<doc>Runs the specified keyword and retries if it fails.</doc>
<kw name="Create Webdriver" library="SeleniumLibrary">
<arg>Chrome</arg>
<arg>chrome_options=${ChromeOptions}</arg>
<doc>Creates an instance of Selenium WebDriver.</doc>
<msg timestamp="20211014 09:36:11.700" level="INFO">Creating an instance of the Chrome WebDriver.</msg>
<status status="PASS" starttime="20211014 09:36:11.699" endtime="20211014 09:36:16.631"/>
</kw>
<status status="PASS" starttime="20211014 09:36:11.699" endtime="20211014 09:36:16.631"/>
</kw>
<status status="PASS" starttime="20211014 09:36:11.697" endtime="20211014 09:36:16.631"/>
</kw>
<kw name="Import MetaMask Wallet" library="Metamask">
<kw name="Switch Window" library="SeleniumLibrary">
<arg>MetaMask</arg>
<doc>Switches to browser window matching ``locator``.</doc>
<status status="PASS" starttime="20211014 09:36:16.632" endtime="20211014 09:36:17.648"/>
</kw>
<kw name="Page Should Contain Button" library="SeleniumLibrary">
<arg>Get Started</arg>
<doc>Verifies button ``locator`` is found from current page.</doc>
<msg timestamp="20211014 09:36:17.693" level="INFO">Current page contains button 'Get Started'.</msg>
<status status="PASS" starttime="20211014 09:36:17.648" endtime="20211014 09:36:17.693"/>
</kw>
<kw name="Wait Until Keyword Succeeds" library="BuiltIn">
<arg>30s</arg>
<arg>3s</arg>
<arg>Click Button</arg>
<arg>Get Started</arg>
<doc>Runs the specified keyword and retries if it fails.</doc>
<kw name="Click Button" library="SeleniumLibrary">
<arg>Get Started</arg>
<doc>Clicks the button identified by ``locator``.</doc>
<msg timestamp="20211014 09:36:17.694" level="INFO">Clicking button 'Get Started'.</msg>
<status status="PASS" starttime="20211014 09:36:17.694" endtime="20211014 09:36:17.855"/>
</kw>
<status status="PASS" starttime="20211014 09:36:17.694" endtime="20211014 09:36:17.855"/>
</kw>
<kw name="Page Should Contain Button" library="SeleniumLibrary">
<arg>Import wallet</arg>
<doc>Verifies button ``locator`` is found from current page.</doc>
<msg timestamp="20211014 09:36:17.879" level="INFO">Current page contains button 'Import wallet'.</msg>
<status status="PASS" starttime="20211014 09:36:17.856" endtime="20211014 09:36:17.879"/>
</kw>
<kw name="Wait Until Keyword Succeeds" library="BuiltIn">
<arg>30s</arg>
<arg>3s</arg>
<arg>Click Button</arg>
<arg>Import wallet</arg>
<doc>Runs the specified keyword and retries if it fails.</doc>
<kw name="Click Button" library="SeleniumLibrary">
<arg>Import wallet</arg>
<doc>Clicks the button identified by ``locator``.</doc>
<msg timestamp="20211014 09:36:17.880" level="INFO">Clicking button 'Import wallet'.</msg>
<status status="PASS" starttime="20211014 09:36:17.880" endtime="20211014 09:36:17.958"/>
</kw>
<status status="PASS" starttime="20211014 09:36:17.879" endtime="20211014 09:36:17.958"/>
</kw>
<kw name="Page Should Contain Button" library="SeleniumLibrary">
<arg>I Agree</arg>
<doc>Verifies button ``locator`` is found from current page.</doc>
<msg timestamp="20211014 09:36:17.995" level="INFO">Current page contains button 'I Agree'.</msg>
<status status="PASS" starttime="20211014 09:36:17.958" endtime="20211014 09:36:17.996"/>
</kw>
<kw name="Wait Until Keyword Succeeds" library="BuiltIn">
<arg>30s</arg>
<arg>3s</arg>
<arg>Click Button</arg>
<arg>I Agree</arg>
<doc>Runs the specified keyword and retries if it fails.</doc>
<kw name="Click Button" library="SeleniumLibrary">
<arg>I Agree</arg>
<doc>Clicks the button identified by ``locator``.</doc>
<msg timestamp="20211014 09:36:17.997" level="INFO">Clicking button 'I Agree'.</msg>
<status status="PASS" starttime="20211014 09:36:17.997" endtime="20211014 09:36:18.039"/>
</kw>
<status status="PASS" starttime="20211014 09:36:17.996" endtime="20211014 09:36:18.039"/>
</kw>
<kw name="Wait Until Keyword Succeeds" library="BuiltIn">
<arg>30s</arg>
<arg>3s</arg>
<arg>Input Text</arg>
<arg>//*[@placeholder="Paste Secret Recovery Phrase from clipboard"]</arg>
<arg>month foam ostrich boil negative border absorb swap metal tooth wise coconut</arg>
<doc>Runs the specified keyword and retries if it fails.</doc>
<kw name="Input Text" library="SeleniumLibrary">
<arg>//*[@placeholder="Paste Secret Recovery Phrase from clipboard"]</arg>
<arg>month foam ostrich boil negative border absorb swap metal tooth wise coconut</arg>
<doc>Types the given ``text`` into the text field identified by ``locator``.</doc>
<msg timestamp="20211014 09:36:18.040" level="INFO">Typing text 'month foam ostrich boil negative border absorb swap metal tooth wise coconut' into text field '//*[@placeholder="Paste Secret Recovery Phrase from clipboard"]'.</msg>
<kw name="Capture Page Screenshot" library="SeleniumLibrary">
<doc>Takes a screenshot of the current page and embeds it into a log file.</doc>
<msg timestamp="20211014 09:36:18.413" level="INFO" html="true">&lt;/td&gt;&lt;/tr&gt;&lt;tr&gt;&lt;td colspan="3"&gt;&lt;a href="selenium-screenshot-7.png"&gt;&lt;img src="selenium-screenshot-7.png" width="800px"&gt;&lt;/a&gt;</msg>
<status status="PASS" starttime="20211014 09:36:18.051" endtime="20211014 09:36:18.413"/>
</kw>
<msg timestamp="20211014 09:36:18.414" level="FAIL">Element with locator '//*[@placeholder="Paste Secret Recovery Phrase from clipboard"]' not found.</msg>
<status status="FAIL" starttime="20211014 09:36:18.039" endtime="20211014 09:36:18.414"/>
</kw>
<kw name="Input Text" library="SeleniumLibrary">
<arg>//*[@placeholder="Paste Secret Recovery Phrase from clipboard"]</arg>
<arg>month foam ostrich boil negative border absorb swap metal tooth wise coconut</arg>
<doc>Types the given ``text`` into the text field identified by ``locator``.</doc>
<msg timestamp="20211014 09:36:21.415" level="INFO">Typing text 'month foam ostrich boil negative border absorb swap metal tooth wise coconut' into text field '//*[@placeholder="Paste Secret Recovery Phrase from clipboard"]'.</msg>
<status status="PASS" starttime="20211014 09:36:21.415" endtime="20211014 09:36:21.862"/>
</kw>
<status status="PASS" starttime="20211014 09:36:18.039" endtime="20211014 09:36:21.862"/>
</kw>
<kw name="Wait Until Keyword Succeeds" library="BuiltIn">
<arg>30s</arg>
<arg>3s</arg>
<arg>Input Text</arg>
<arg>//*[@id="password"]</arg>
<arg>Asdf1234</arg>
<doc>Runs the specified keyword and retries if it fails.</doc>
<kw name="Input Text" library="SeleniumLibrary">
<arg>//*[@id="password"]</arg>
<arg>Asdf1234</arg>
<doc>Types the given ``text`` into the text field identified by ``locator``.</doc>
<msg timestamp="20211014 09:36:21.863" level="INFO">Typing text 'Asdf1234' into text field '//*[@id="password"]'.</msg>
<status status="PASS" starttime="20211014 09:36:21.863" endtime="20211014 09:36:22.014"/>
</kw>
<status status="PASS" starttime="20211014 09:36:21.863" endtime="20211014 09:36:22.014"/>
</kw>
<kw name="Wait Until Keyword Succeeds" library="BuiltIn">
<arg>30s</arg>
<arg>3s</arg>
<arg>Input Text</arg>
<arg>//*[@id="confirm-password"]</arg>
<arg>Asdf1234</arg>
<doc>Runs the specified keyword and retries if it fails.</doc>
<kw name="Input Text" library="SeleniumLibrary">
<arg>//*[@id="confirm-password"]</arg>
<arg>Asdf1234</arg>
<doc>Types the given ``text`` into the text field identified by ``locator``.</doc>
<msg timestamp="20211014 09:36:22.015" level="INFO">Typing text 'Asdf1234' into text field '//*[@id="confirm-password"]'.</msg>
<status status="PASS" starttime="20211014 09:36:22.015" endtime="20211014 09:36:22.139"/>
</kw>
<status status="PASS" starttime="20211014 09:36:22.014" endtime="20211014 09:36:22.139"/>
</kw>
<kw name="Click Element" library="SeleniumLibrary">
<arg>//*[@id="app-content"]/div/div[3]/div/div/form/div[7]/div</arg>
<doc>Click the element identified by ``locator``.</doc>
<msg timestamp="20211014 09:36:22.140" level="INFO">Clicking element '//*[@id="app-content"]/div/div[3]/div/div/form/div[7]/div'.</msg>
<status status="PASS" starttime="20211014 09:36:22.139" endtime="20211014 09:36:22.185"/>
</kw>
<kw name="Wait Until Keyword Succeeds" library="BuiltIn">
<arg>30s</arg>
<arg>3s</arg>
<arg>Click Button</arg>
<arg>Import</arg>
<doc>Runs the specified keyword and retries if it fails.</doc>
<kw name="Click Button" library="SeleniumLibrary">
<arg>Import</arg>
<doc>Clicks the button identified by ``locator``.</doc>
<msg timestamp="20211014 09:36:22.186" level="INFO">Clicking button 'Import'.</msg>
<status status="PASS" starttime="20211014 09:36:22.186" endtime="20211014 09:36:22.246"/>
</kw>
<status status="PASS" starttime="20211014 09:36:22.185" endtime="20211014 09:36:22.246"/>
</kw>
<kw name="Wait Until Page Does Not Contain" library="SeleniumLibrary">
<arg>I Agree</arg>
<doc>Waits until ``text`` disappears from the current page.</doc>
<status status="PASS" starttime="20211014 09:36:22.247" endtime="20211014 09:36:22.634"/>
</kw>
<kw name="Wait Until Page Contains" library="SeleniumLibrary">
<arg>All Done</arg>
<arg>10s</arg>
<doc>Waits until ``text`` appears on the current page.</doc>
<status status="PASS" starttime="20211014 09:36:22.635" endtime="20211014 09:36:24.174"/>
</kw>
<kw name="Wait Until Keyword Succeeds" library="BuiltIn">
<arg>30s</arg>
<arg>3s</arg>
<arg>Click Button</arg>
<arg>All Done</arg>
<doc>Runs the specified keyword and retries if it fails.</doc>
<kw name="Click Button" library="SeleniumLibrary">
<arg>All Done</arg>
<doc>Clicks the button identified by ``locator``.</doc>
<msg timestamp="20211014 09:36:24.174" level="INFO">Clicking button 'All Done'.</msg>
<status status="PASS" starttime="20211014 09:36:24.174" endtime="20211014 09:36:24.248"/>
</kw>
<status status="PASS" starttime="20211014 09:36:24.174" endtime="20211014 09:36:24.248"/>
</kw>
<kw name="Page Should Contain Button" library="SeleniumLibrary">
<arg>//*[@data-testid="popover-close"]</arg>
<doc>Verifies button ``locator`` is found from current page.</doc>
<msg timestamp="20211014 09:36:24.503" level="INFO">Current page contains button '//*[@data-testid="popover-close"]'.</msg>
<status status="PASS" starttime="20211014 09:36:24.248" endtime="20211014 09:36:24.503"/>
</kw>
<kw name="Wait Until Keyword Succeeds" library="BuiltIn">
<arg>30s</arg>
<arg>3s</arg>
<arg>Click Button</arg>
<arg>//*[@data-testid="popover-close"]</arg>
<doc>Runs the specified keyword and retries if it fails.</doc>
<kw name="Click Button" library="SeleniumLibrary">
<arg>//*[@data-testid="popover-close"]</arg>
<doc>Clicks the button identified by ``locator``.</doc>
<msg timestamp="20211014 09:36:24.504" level="INFO">Clicking button '//*[@data-testid="popover-close"]'.</msg>
<status status="PASS" starttime="20211014 09:36:24.504" endtime="20211014 09:36:24.560"/>
</kw>
<status status="PASS" starttime="20211014 09:36:24.503" endtime="20211014 09:36:24.560"/>
</kw>
<kw name="Wait Until Keyword Succeeds" library="BuiltIn">
<arg>30s</arg>
<arg>3s</arg>
<arg>Click Element</arg>
<arg>//*[@id="app-content"]/div/div[1]/div/div[2]/div[1]/div</arg>
<doc>Runs the specified keyword and retries if it fails.</doc>
<kw name="Click Element" library="SeleniumLibrary">
<arg>//*[@id="app-content"]/div/div[1]/div/div[2]/div[1]/div</arg>
<doc>Click the element identified by ``locator``.</doc>
<msg timestamp="20211014 09:36:24.561" level="INFO">Clicking element '//*[@id="app-content"]/div/div[1]/div/div[2]/div[1]/div'.</msg>
<status status="PASS" starttime="20211014 09:36:24.561" endtime="20211014 09:36:24.640"/>
</kw>
<status status="PASS" starttime="20211014 09:36:24.560" endtime="20211014 09:36:24.640"/>
</kw>
<kw name="Get Text" library="SeleniumLibrary">
<var>${NetworkName}</var>
<arg>//*[@id="app-content"]/div/div[3]/div/li[3]</arg>
<doc>Returns the text value of the element identified by ``locator``.</doc>
<msg timestamp="20211014 09:36:24.659" level="INFO">${NetworkName} = Kovan Test Network</msg>
<status status="PASS" starttime="20211014 09:36:24.640" endtime="20211014 09:36:24.659"/>
</kw>
<kw name="Wait Until Keyword Succeeds" library="BuiltIn">
<arg>30s</arg>
<arg>3s</arg>
<arg>Click Element</arg>
<arg>//*[@id="app-content"]/div/div[3]/div/li[3]</arg>
<doc>Runs the specified keyword and retries if it fails.</doc>
<kw name="Click Element" library="SeleniumLibrary">
<arg>//*[@id="app-content"]/div/div[3]/div/li[3]</arg>
<doc>Click the element identified by ``locator``.</doc>
<msg timestamp="20211014 09:36:24.660" level="INFO">Clicking element '//*[@id="app-content"]/div/div[3]/div/li[3]'.</msg>
<status status="PASS" starttime="20211014 09:36:24.660" endtime="20211014 09:36:24.738"/>
</kw>
<status status="PASS" starttime="20211014 09:36:24.659" endtime="20211014 09:36:24.738"/>
</kw>
<kw name="Get Window Handles" library="SeleniumLibrary">
<var>${windowhandles}</var>
<doc>Returns all child window handles of the selected browser as a list.</doc>
<msg timestamp="20211014 09:36:24.741" level="INFO">${windowhandles} = ['CDwindow-3FA93C6A7A74E6A5DEC952FD25E7ABA3', 'CDwindow-DC6CBA90B549EF963A494A6E76210BE8']</msg>
<status status="PASS" starttime="20211014 09:36:24.738" endtime="20211014 09:36:24.741"/>
</kw>
<kw name="Switch Window" library="SeleniumLibrary">
<arg>${windowhandles}[1]</arg>
<doc>Switches to browser window matching ``locator``.</doc>
<status status="PASS" starttime="20211014 09:36:24.741" endtime="20211014 09:36:24.775"/>
</kw>
<kw name="Close Window" library="SeleniumLibrary">
<doc>Closes currently opened and selected browser window/tab.</doc>
<status status="PASS" starttime="20211014 09:36:24.775" endtime="20211014 09:36:24.806"/>
</kw>
<kw name="Switch Window" library="SeleniumLibrary">
<arg>${windowhandles}[0]</arg>
<doc>Switches to browser window matching ``locator``.</doc>
<status status="PASS" starttime="20211014 09:36:24.806" endtime="20211014 09:36:24.816"/>
</kw>
<status status="PASS" starttime="20211014 09:36:16.632" endtime="20211014 09:36:24.816"/>
</kw>
<status status="PASS" starttime="20211014 09:36:11.696" endtime="20211014 09:36:24.816"/>
</kw>
<kw name="Swap" library="Swap">
<arg>WETH</arg>
<arg>ETH</arg>
<arg>0.003</arg>
<arg>-</arg>
<kw name="Complete Integration" library="Common">
<kw name="Start Video Recording" library="ScreenCapLibrary">
<arg>alias=None</arg>
<arg>name=${TEST NAME}</arg>
<arg>fps=None</arg>
<arg>size_percentage=1</arg>
<arg>embed=True</arg>
<arg>embed_width=100px</arg>
<arg>monitor=1</arg>
<doc>Starts the recording of a video in the background with the specified ``name``.
The recording can be stopped by calling the `Stop Video Recording` keyword.</doc>
<msg timestamp="20211014 09:36:26.966" level="INFO">Automatically setting a fps of 4.0</msg>
<status status="PASS" starttime="20211014 09:36:24.818" endtime="20211014 09:36:26.967"/>
</kw>
<kw name="Wait Until Keyword Succeeds" library="BuiltIn">
<arg>30s</arg>
<arg>3s</arg>
<arg>Go to</arg>
<arg>https://dev.monox.finance</arg>
<doc>Runs the specified keyword and retries if it fails.</doc>
<kw name="Go To" library="SeleniumLibrary">
<arg>https://dev.monox.finance</arg>
<doc>Navigates the current browser window to the provided ``url``.</doc>
[...]
<status status="PASS" starttime="20211014 09:43:50.335" endtime="20211014 09:43:50.346"/>
</kw>
<status status="PASS" starttime="20211014 09:43:50.334" endtime="20211014 09:43:50.346"/>
</kw>
<kw name="Wait Until Keyword Succeeds" library="BuiltIn">
<arg>30s</arg>
<arg>3s</arg>
<arg>Click Element</arg>
<arg>//*[@id="root"]/div[2]/div[2]/div/div[2]/div</arg>
<doc>Runs the specified keyword and retries if it fails.</doc>
<kw name="Click Element" library="SeleniumLibrary">
<arg>//*[@id="root"]/div[2]/div[2]/div/div[2]/div</arg>
<doc>Click the element identified by ``locator``.</doc>
<msg timestamp="20211014 09:43:50.347" level="INFO">Clicking element '//*[@id="root"]/div[2]/div[2]/div/div[2]/div'.</msg>
<status status="PASS" starttime="20211014 09:43:50.347" endtime="20211014 09:43:50.664"/>
</kw>
<status status="PASS" starttime="20211014 09:43:50.346" endtime="20211014 09:43:50.664"/>
</kw>
<kw name="Wait Until Keyword Succeeds" library="BuiltIn">
<arg>30s</arg>
<arg>3s</arg>
<arg>Switch Window</arg>
<arg>MetaMask Notification</arg>
<doc>Runs the specified keyword and retries if it fails.</doc>
<kw name="Switch Window" library="SeleniumLibrary">
<arg>MetaMask Notification</arg>
<doc>Switches to browser window matching ``locator``.</doc>
<status status="PASS" starttime="20211014 09:43:50.665" endtime="20211014 09:43:51.835"/>
</kw>
<status status="PASS" starttime="20211014 09:43:50.665" endtime="20211014 09:43:51.835"/>
</kw>
<kw name="Wait Until Keyword Succeeds" library="BuiltIn">
<arg>30s</arg>
<arg>3s</arg>
<arg>Click Button</arg>
<arg>Next</arg>
<doc>Runs the specified keyword and retries if it fails.</doc>
<kw name="Click Button" library="SeleniumLibrary">
<arg>Next</arg>
<doc>Clicks the button identified by ``locator``.</doc>
<msg timestamp="20211014 09:43:51.835" level="INFO">Clicking button 'Next'.</msg>
<status status="PASS" starttime="20211014 09:43:51.835" endtime="20211014 09:43:51.916"/>
</kw>
<status status="PASS" starttime="20211014 09:43:51.835" endtime="20211014 09:43:51.916"/>
</kw>
<kw name="Wait Until Keyword Succeeds" library="BuiltIn">
<arg>30s</arg>
<arg>3s</arg>
<arg>Click Element</arg>
<arg>//*[@data-testid="page-container-footer-next"]</arg>
<doc>Runs the specified keyword and retries if it fails.</doc>
<kw name="Click Element" library="SeleniumLibrary">
<arg>//*[@data-testid="page-container-footer-next"]</arg>
<doc>Click the element identified by ``locator``.</doc>
<msg timestamp="20211014 09:43:51.917" level="INFO">Clicking element '//*[@data-testid="page-container-footer-next"]'.</msg>
<status status="PASS" starttime="20211014 09:43:51.916" endtime="20211014 09:43:52.018"/>
</kw>
<status status="PASS" starttime="20211014 09:43:51.916" endtime="20211014 09:43:52.018"/>
</kw>
<kw name="Wait Until Keyword Succeeds" library="BuiltIn">
<arg>30s</arg>
<arg>3s</arg>
<arg>Switch Window</arg>
<arg>Home Page | MonoX</arg>
<doc>Runs the specified keyword and retries if it fails.</doc>
<kw name="Switch Window" library="SeleniumLibrary">
<arg>Home Page | MonoX</arg>
<doc>Switches to browser window matching ``locator``.</doc>
<status status="PASS" starttime="20211014 09:43:52.019" endtime="20211014 09:43:52.113"/>
</kw>
<status status="PASS" starttime="20211014 09:43:52.018" endtime="20211014 09:43:52.113"/>
</kw>
<status status="PASS" starttime="20211014 09:43:43.918" endtime="20211014 09:43:52.113"/>
</kw>
<kw name="Wait Until Keyword Succeeds" library="BuiltIn">
<arg>30s</arg>
<arg>3s</arg>
<arg>Header.Navigate Farm</arg>
<doc>Runs the specified keyword and retries if it fails.</doc>
<kw name="Navigate Farm" library="Header">
<kw name="Page Should Contain" library="SeleniumLibrary">
<arg>Farm</arg>
<doc>Verifies that current page contains ``text``.</doc>
<msg timestamp="20211014 09:43:52.131" level="INFO">Current page contains text 'Farm'.</msg>
<status status="PASS" starttime="20211014 09:43:52.114" endtime="20211014 09:43:52.131"/>
</kw>
<kw name="Click Element" library="SeleniumLibrary">
<arg>//*[@href="/farm?network=kovan"]</arg>
<doc>Click the element identified by ``locator``.</doc>
<msg timestamp="20211014 09:43:52.132" level="INFO">Clicking element '//*[@href="/farm?network=kovan"]'.</msg>
<status status="PASS" starttime="20211014 09:43:52.131" endtime="20211014 09:43:52.217"/>
</kw>
<kw name="Page Should Contain" library="SeleniumLibrary">
<arg>Farm</arg>
<doc>Verifies that current page contains ``text``.</doc>
<msg timestamp="20211014 09:43:52.231" level="INFO">Current page contains text 'Farm'.</msg>
<status status="PASS" starttime="20211014 09:43:52.217" endtime="20211014 09:43:52.231"/>
</kw>
<kw name="Wait Until Keyword Succeeds" library="BuiltIn">
<arg>60s</arg>
<arg>3s</arg>
<arg>Page Should Contain</arg>
<arg>Claimable MONO</arg>
<doc>Runs the specified keyword and retries if it fails.</doc>
<kw name="Page Should Contain" library="SeleniumLibrary">
<arg>Claimable MONO</arg>
<doc>Verifies that current page contains ``text``.</doc>
<kw name="Capture Page Screenshot" library="SeleniumLibrary">
<doc>Takes a screenshot of the current page and embeds it into a log file.</doc>
<msg timestamp="20211014 09:43:52.655" level="INFO" html="true">&lt;/td&gt;&lt;/tr&gt;&lt;tr&gt;&lt;td colspan="3"&gt;&lt;a href="selenium-screenshot-33.png"&gt;&lt;img src="selenium-screenshot-33.png" width="800px"&gt;&lt;/a&gt;</msg>
<status status="PASS" starttime="20211014 09:43:52.257" endtime="20211014 09:43:52.656"/>
</kw>
<msg timestamp="20211014 09:43:52.656" level="FAIL">Page should have contained text 'Claimable MONO' but did not.</msg>
<status status="FAIL" starttime="20211014 09:43:52.232" endtime="20211014 09:43:52.656"/>
</kw>
<kw name="Page Should Contain" library="SeleniumLibrary">
<arg>Claimable MONO</arg>
<doc>Verifies that current page contains ``text``.</doc>
<msg timestamp="20211014 09:43:55.667" level="INFO">Current page contains text 'Claimable MONO'.</msg>
<status status="PASS" starttime="20211014 09:43:55.658" endtime="20211014 09:43:55.667"/>
</kw>
<status status="PASS" starttime="20211014 09:43:52.231" endtime="20211014 09:43:55.667"/>
</kw>
<status status="PASS" starttime="20211014 09:43:52.114" endtime="20211014 09:43:55.667"/>
</kw>
<status status="PASS" starttime="20211014 09:43:52.113" endtime="20211014 09:43:55.667"/>
</kw>
<kw name="Sleep" library="BuiltIn">
<arg>10s</arg>
<doc>Pauses the test executed for the given time.</doc>
<msg timestamp="20211014 09:44:05.672" level="INFO">Slept 10 seconds</msg>
<status status="PASS" starttime="20211014 09:43:55.668" endtime="20211014 09:44:05.672"/>
</kw>
<kw name="Wait Until Page Contains" library="SeleniumLibrary">
<arg>${Token}</arg>
<doc>Waits until ``text`` appears on the current page.</doc>
<status status="PASS" starttime="20211014 09:44:05.672" endtime="20211014 09:44:05.681"/>
</kw>
<kw name="Get Element Count" library="SeleniumLibrary">
<var>${TokenNumber}</var>
<arg>//*[@id="root"]/div/div[2]/div[1]/div[2]/div[1]/table/tbody/tr</arg>
<doc>Returns the number of elements matching ``locator``.</doc>
<msg timestamp="20211014 09:44:05.689" level="INFO">${TokenNumber} = 1</msg>
<status status="PASS" starttime="20211014 09:44:05.681" endtime="20211014 09:44:05.689"/>
</kw>
<kw name="Should Be True" library="BuiltIn">
<arg>${TokenNumber} &gt; 0</arg>
<doc>Fails if the given condition is not true.</doc>
<status status="PASS" starttime="20211014 09:44:05.689" endtime="20211014 09:44:05.690"/>
</kw>
<kw name="Run Keyword And Return Status" library="BuiltIn">
<var>${IsApproveButtonVisible}</var>
<arg>Element Should Be Visible</arg>
<arg>//*[@data-testid="approve"]</arg>
<doc>Runs the given keyword with given arguments and returns the status as a Boolean value.</doc>
<kw name="Element Should Be Visible" library="SeleniumLibrary">
<arg>//*[@data-testid="approve"]</arg>
<doc>Verifies that the element identified by ``locator`` is visible.</doc>
<kw name="Capture Page Screenshot" library="SeleniumLibrary">
<doc>Takes a screenshot of the current page and embeds it into a log file.</doc>
<msg timestamp="20211014 09:44:05.995" level="INFO" html="true">&lt;/td&gt;&lt;/tr&gt;&lt;tr&gt;&lt;td colspan="3"&gt;&lt;a href="selenium-screenshot-34.png"&gt;&lt;img src="selenium-screenshot-34.png" width="800px"&gt;&lt;/a&gt;</msg>
<status status="PASS" starttime="20211014 09:44:05.698" endtime="20211014 09:44:05.995"/>
</kw>
<msg timestamp="20211014 09:44:05.996" level="FAIL">Element with locator '//*[@data-testid="approve"]' not found.</msg>
<status status="FAIL" starttime="20211014 09:44:05.690" endtime="20211014 09:44:05.996"/>
</kw>
<msg timestamp="20211014 09:44:05.996" level="INFO">${IsApproveButtonVisible} = False</msg>
<status status="PASS" starttime="20211014 09:44:05.690" endtime="20211014 09:44:05.996"/>
</kw>
<kw name="Run Keyword If" library="BuiltIn">
<arg>${IsApproveButtonVisible}</arg>
<arg>Click Element</arg>
<arg>//*[@data-testid="approve"]</arg>
<doc>Runs the given keyword with the given arguments, if ``condition`` is true.</doc>
<status status="PASS" starttime="20211014 09:44:05.996" endtime="20211014 09:44:05.997"/>
</kw>
<kw name="Sleep" library="BuiltIn">
<arg>15s</arg>
<doc>Pauses the test executed for the given time.</doc>
<msg timestamp="20211014 09:44:21.000" level="INFO">Slept 15 seconds</msg>
<status status="PASS" starttime="20211014 09:44:05.997" endtime="20211014 09:44:21.000"/>
</kw>
<kw name="Run Keyword If" library="BuiltIn">
<arg>${IsApproveButtonVisible}</arg>
<arg>MetaMask.Confirm Transaction</arg>
<doc>Runs the given keyword with the given arguments, if ``condition`` is true.</doc>
<status status="PASS" starttime="20211014 09:44:21.001" endtime="20211014 09:44:21.001"/>
</kw>
<kw name="Run Keyword If" library="BuiltIn">
<arg>${IsApproveButtonVisible}</arg>
<arg>Switch Window</arg>
<arg>Farms | MonoX</arg>
<doc>Runs the given keyword with the given arguments, if ``condition`` is true.</doc>
<status status="PASS" starttime="20211014 09:44:21.001" endtime="20211014 09:44:21.001"/>
</kw>
<kw name="Run Keyword And Return Status" library="BuiltIn">
<var>${IsStakeButtonVisible}</var>
<arg>Element Should Be Visible</arg>
<arg>//*[@data-testid="harvest-now"]</arg>
<doc>Runs the given keyword with given arguments and returns the status as a Boolean value.</doc>
<kw name="Element Should Be Visible" library="SeleniumLibrary">
<arg>//*[@data-testid="harvest-now"]</arg>
<doc>Verifies that the element identified by ``locator`` is visible.</doc>
<msg timestamp="20211014 09:44:21.020" level="INFO">Element '//*[@data-testid="harvest-now"]' is displayed.</msg>
<status status="PASS" starttime="20211014 09:44:21.002" endtime="20211014 09:44:21.020"/>
</kw>
<msg timestamp="20211014 09:44:21.020" level="INFO">${IsStakeButtonVisible} = True</msg>
<status status="PASS" starttime="20211014 09:44:21.001" endtime="20211014 09:44:21.020"/>
</kw>
<kw name="Should Be True" library="BuiltIn">
<arg>${IsStakeButtonVisible}</arg>
<doc>Fails if the given condition is not true.</doc>
<status status="PASS" starttime="20211014 09:44:21.020" endtime="20211014 09:44:21.021"/>
</kw>
<kw name="Run Keyword If" library="BuiltIn">
<arg>${IsStakeButtonVisible}</arg>
<arg>Click Element</arg>
<arg>//*[@data-testid="harvest-now"]</arg>
<doc>Runs the given keyword with the given arguments, if ``condition`` is true.</doc>
<kw name="Click Element" library="SeleniumLibrary">
<arg>//*[@data-testid="harvest-now"]</arg>
<doc>Click the element identified by ``locator``.</doc>
<msg timestamp="20211014 09:44:21.021" level="INFO">Clicking element '//*[@data-testid="harvest-now"]'.</msg>
<status status="PASS" starttime="20211014 09:44:21.021" endtime="20211014 09:44:21.096"/>
</kw>
<status status="PASS" starttime="20211014 09:44:21.021" endtime="20211014 09:44:21.096"/>
</kw>
<kw name="Sleep" library="BuiltIn">
<arg>15s</arg>
<doc>Pauses the test executed for the given time.</doc>
<msg timestamp="20211014 09:44:36.097" level="INFO">Slept 15 seconds</msg>
<status status="PASS" starttime="20211014 09:44:21.096" endtime="20211014 09:44:36.098"/>
</kw>
<kw name="Run Keyword If" library="BuiltIn">
<arg>${IsStakeButtonVisible}</arg>
<arg>Metamask.Confirm Transaction</arg>
<doc>Runs the given keyword with the given arguments, if ``condition`` is true.</doc>
<kw name="Confirm Transaction" library="Metamask">
<kw name="Switch Window" library="SeleniumLibrary">
<arg>MetaMask Notification</arg>
<doc>Switches to browser window matching ``locator``.</doc>
<status status="PASS" starttime="20211014 09:44:36.100" endtime="20211014 09:44:36.220"/>
</kw>
<kw name="Wait Until Element Is Enabled" library="SeleniumLibrary">
<arg>//*[@data-testid="page-container-footer-next"]</arg>
<arg>20s</arg>
<doc>Waits until the element ``locator`` is enabled.</doc>
<status status="PASS" starttime="20211014 09:44:36.220" endtime="20211014 09:44:36.246"/>
</kw>
<kw name="Get Text" library="SeleniumLibrary">
<var>${gasFee}</var>
<arg>//*[@class="currency-display-component__text"]</arg>
<doc>Returns the text value of the element identified by ``locator``.</doc>
<msg timestamp="20211014 09:44:36.267" level="INFO">${gasFee} = 0</msg>
<status status="PASS" starttime="20211014 09:44:36.246" endtime="20211014 09:44:36.267"/>
</kw>
<kw name="Set Test Message" library="BuiltIn">
<arg>Gas Fee: ${gasFee} ETH</arg>
<doc>Sets message for the current test case.</doc>
<msg timestamp="20211014 09:44:36.267" level="INFO">Set test message to:
Gas Fee: 0 ETH</msg>
<status status="PASS" starttime="20211014 09:44:36.267" endtime="20211014 09:44:36.267"/>
</kw>
<kw name="Click Button" library="SeleniumLibrary">
<arg>Confirm</arg>
<doc>Clicks the button identified by ``locator``.</doc>
<msg timestamp="20211014 09:44:36.267" level="INFO">Clicking button 'Confirm'.</msg>
<status status="PASS" starttime="20211014 09:44:36.267" endtime="20211014 09:44:36.362"/>
</kw>
<kw name="Sleep" library="BuiltIn">
<arg>5s</arg>
<doc>Pauses the test executed for the given time.</doc>
<msg timestamp="20211014 09:44:41.363" level="INFO">Slept 5 seconds</msg>
<status status="PASS" starttime="20211014 09:44:36.362" endtime="20211014 09:44:41.363"/>
</kw>
<status status="PASS" starttime="20211014 09:44:36.099" endtime="20211014 09:44:41.364"/>
</kw>
<status status="PASS" starttime="20211014 09:44:36.098" endtime="20211014 09:44:41.364"/>
</kw>
<kw name="Run Keyword If" library="BuiltIn">
<arg>${IsStakeButtonVisible}</arg>
<arg>Switch Window</arg>
<arg>Farms | MonoX</arg>
<doc>Runs the given keyword with the given arguments, if ``condition`` is true.</doc>
<kw name="Switch Window" library="SeleniumLibrary">
<arg>Farms | MonoX</arg>
<doc>Switches to browser window matching ``locator``.</doc>
<status status="PASS" starttime="20211014 09:44:41.364" endtime="20211014 09:44:41.391"/>
</kw>
<status status="PASS" starttime="20211014 09:44:41.364" endtime="20211014 09:44:41.391"/>
</kw>
<status status="PASS" starttime="20211014 09:43:43.918" endtime="20211014 09:44:41.391"/>
</kw>
<kw name="Closing Browser" library="Common" type="TEARDOWN">
<kw name="Stop Video Recording" library="ScreenCapLibrary">
<arg>alias=None</arg>
<doc>Stops the video recording corresponding to the given ``alias`` and generates the file in WebM format. If no
``alias`` is specified, the last opened recording will be closed. If there are more recordings with the same
alias all of them will be closed. If ``embed`` argument was set to
``True`` the video will be displayed in the log file.</doc>
<msg timestamp="20211014 09:44:41.559" level="INFO" html="true">&lt;a href="KOVAN-HARVEST-WETH_1.webm"&gt;&lt;video width="100px" autoplay&gt;&lt;source src="KOVAN-HARVEST-WETH_1.webm" type="video/webm"&gt;&lt;/video&gt;&lt;/a&gt;</msg>
<status status="PASS" starttime="20211014 09:44:41.392" endtime="20211014 09:44:41.559"/>
</kw>
<kw name="Close Browser" library="SeleniumLibrary">
<doc>Closes the current browser.</doc>
<status status="PASS" starttime="20211014 09:44:41.559" endtime="20211014 09:44:41.761"/>
</kw>
<status status="PASS" starttime="20211014 09:44:41.392" endtime="20211014 09:44:41.761"/>
</kw>
<status status="PASS" starttime="20211014 09:43:31.461" endtime="20211014 09:44:41.762">Gas Fee: 0 ETH</status>
</test>
<status status="FAIL" starttime="20211014 09:35:07.054" endtime="20211014 09:44:41.763"/>
</suite>
<statistics>
<total>
<stat pass="9" fail="1" skip="0">All Tests</stat>
</total>
<tag>
</tag>
<suite>
<stat pass="9" fail="1" skip="0" id="s1" name="SmokeTest">SmokeTest</stat>
</suite>
</statistics>
<errors>
<msg timestamp="20211014 09:35:09.670" level="ERROR">Error in file '/Users/highceilingden/PycharmProjects/monoswap-test-automation-main/Resources/Common.robot' on line 3: Importing library 'DebugLibrary' failed: ModuleNotFoundError: No module named 'DebugLibrary'
Traceback (most recent call last):
  None
PYTHONPATH:
  /Users/highceilingden/PycharmProjects/pythonProject1/venv/bin
  /usr/local/Cellar/python@3.9/3.9.7/Frameworks/Python.framework/Versions/3.9/lib/python39.zip
  /usr/local/Cellar/python@3.9/3.9.7/Frameworks/Python.framework/Versions/3.9/lib/python3.9
  /usr/local/Cellar/python@3.9/3.9.7/Frameworks/Python.framework/Versions/3.9/lib/python3.9/lib-dynload
  /Users/highceilingden/PycharmProjects/pythonProject1/venv/lib/python3.9/site-packages</msg>
<msg timestamp="20211014 09:35:09.676" level="ERROR">Error in file '/Users/highceilingden/PycharmProjects/monoswap-test-automation-main/Resources/Metamask.robot' on line 2: Importing library 'DebugLibrary' failed: ModuleNotFoundError: No module named 'DebugLibrary'
Traceback (most recent call last):
  None
PYTHONPATH:
  /Users/highceilingden/PycharmProjects/pythonProject1/venv/bin
  /usr/local/Cellar/python@3.9/3.9.7/Frameworks/Python.framework/Versions/3.9/lib/python39.zip
  /usr/local/Cellar/python@3.9/3.9.7/Frameworks/Python.framework/Versions/3.9/lib/python3.9
  /usr/local/Cellar/python@3.9/3.9.7/Frameworks/Python.framework/Versions/3.9/lib/python3.9/lib-dynload
  /Users/highceilingden/PycharmProjects/pythonProject1/venv/lib/python3.9/site-packages</msg>
<msg timestamp="20211014 09:35:09.689" level="ERROR">Error in file '/Users/highceilingden/PycharmProjects/monoswap-test-automation-main/Resources/PageObjects/Swap.robot' on line 4: Importing library 'DebugLibrary' failed: ModuleNotFoundError: No module named 'DebugLibrary'
Traceback (most recent call last):
  None
PYTHONPATH:
  /Users/highceilingden/PycharmProjects/pythonProject1/venv/bin
  /usr/local/Cellar/python@3.9/3.9.7/Frameworks/Python.framework/Versions/3.9/lib/python39.zip
  /usr/local/Cellar/python@3.9/3.9.7/Frameworks/Python.framework/Versions/3.9/lib/python3.9
  /usr/local/Cellar/python@3.9/3.9.7/Frameworks/Python.framework/Versions/3.9/lib/python3.9/lib-dynload
  /Users/highceilingden/PycharmProjects/pythonProject1/venv/lib/python3.9/site-packages</msg>
<msg timestamp="20211014 09:35:09.707" level="WARN">Imported resource file '/Users/highceilingden/PycharmProjects/monoswap-test-automation-main/Resources/PageObjects/Home.robot' is empty.</msg>
<msg timestamp="20211014 09:35:09.718" level="ERROR">Error in file '/Users/highceilingden/PycharmProjects/monoswap-test-automation-main/Resources/PageObjects/Farm.robot' on line 4: Importing library 'DebugLibrary' failed: ModuleNotFoundError: No module named 'DebugLibrary'
Traceback (most recent call last):
  None
PYTHONPATH:
  /Users/highceilingden/PycharmProjects/pythonProject1/venv/bin
  /usr/local/Cellar/python@3.9/3.9.7/Frameworks/Python.framework/Versions/3.9/lib/python39.zip
  /usr/local/Cellar/python@3.9/3.9.7/Frameworks/Python.framework/Versions/3.9/lib/python3.9
  /usr/local/Cellar/python@3.9/3.9.7/Frameworks/Python.framework/Versions/3.9/lib/python3.9/lib-dynload
  /Users/highceilingden/PycharmProjects/pythonProject1/venv/lib/python3.9/site-packages</msg>
<msg timestamp="20211014 09:35:09.719" level="WARN">Imported resource file '/Users/highceilingden/PycharmProjects/monoswap-test-automation-main/Resources/PageObjects/Future.robot' is empty.</msg>
</errors>
</robot>
